c:\src\osg2.6.1\openscenegraph\build\src\osgga\osgga.dir\release\version.obj
c:\src\osg2.6.1\openscenegraph\build\src\osgga\osgga.dir\release\ufomanipulator.obj
c:\src\osg2.6.1\openscenegraph\build\src\osgga\osgga.dir\release\trackballmanipulator.obj
c:\src\osg2.6.1\openscenegraph\build\src\osgga\osgga.dir\release\terrainmanipulator.obj
c:\src\osg2.6.1\openscenegraph\build\src\osgga\osgga.dir\release\statesetmanipulator.obj
c:\src\osg2.6.1\openscenegraph\build\src\osgga\osgga.dir\release\nodetrackermanipulator.obj
c:\src\osg2.6.1\openscenegraph\build\src\osgga\osgga.dir\release\matrixmanipulator.obj
c:\src\osg2.6.1\openscenegraph\build\src\osgga\osgga.dir\release\keyswitchmatrixmanipulator.obj
c:\src\osg2.6.1\openscenegraph\build\src\osgga\osgga.dir\release\guieventhandler.obj
c:\src\osg2.6.1\openscenegraph\build\src\osgga\osgga.dir\release\guieventadapter.obj
c:\src\osg2.6.1\openscenegraph\build\src\osgga\osgga.dir\release\flightmanipulator.obj
c:\src\osg2.6.1\openscenegraph\build\src\osgga\osgga.dir\release\eventvisitor.obj
c:\src\osg2.6.1\openscenegraph\build\src\osgga\osgga.dir\release\eventqueue.obj
c:\src\osg2.6.1\openscenegraph\build\src\osgga\osgga.dir\release\drivemanipulator.obj
c:\src\osg2.6.1\openscenegraph\build\src\osgga\osgga.dir\release\animationpathmanipulator.obj
c:\src\osg2.6.1\openscenegraph\build\src\osgga\cmakefiles\generate.stamp
c:\src\osg2.6.1\openscenegraph\build\bin\release\osgga.dll
c:\src\osg2.6.1\openscenegraph\build\lib\release\osgga.lib
c:\src\osg2.6.1\openscenegraph\build\lib\release\osgga.exp
c:\src\osg2.6.1\openscenegraph\build\src\osgga\osgga.dir\release\osgga.tlog\cl.command.1.tlog
c:\src\osg2.6.1\openscenegraph\build\src\osgga\osgga.dir\release\osgga.tlog\cl.items.tlog
c:\src\osg2.6.1\openscenegraph\build\src\osgga\osgga.dir\release\osgga.tlog\cl.read.1.tlog
c:\src\osg2.6.1\openscenegraph\build\src\osgga\osgga.dir\release\osgga.tlog\cl.write.1.tlog
c:\src\osg2.6.1\openscenegraph\build\src\osgga\osgga.dir\release\osgga.tlog\custombuild.command.1.tlog
c:\src\osg2.6.1\openscenegraph\build\src\osgga\osgga.dir\release\osgga.tlog\custombuild.read.1.tlog
c:\src\osg2.6.1\openscenegraph\build\src\osgga\osgga.dir\release\osgga.tlog\custombuild.write.1.tlog
c:\src\osg2.6.1\openscenegraph\build\src\osgga\osgga.dir\release\osgga.tlog\link.command.1.tlog
c:\src\osg2.6.1\openscenegraph\build\src\osgga\osgga.dir\release\osgga.tlog\link.read.1.tlog
c:\src\osg2.6.1\openscenegraph\build\src\osgga\osgga.dir\release\osgga.tlog\link.secondary.1.tlog
c:\src\osg2.6.1\openscenegraph\build\src\osgga\osgga.dir\release\osgga.tlog\link.write.1.tlog
