c:\src\osg2.6.1\openscenegraph\build\src\osgplugins\cfg\osgdb_cfg.dir\release\visualchooser.obj
c:\src\osg2.6.1\openscenegraph\build\src\osgplugins\cfg\osgdb_cfg.dir\release\rendersurface.obj
c:\src\osg2.6.1\openscenegraph\build\src\osgplugins\cfg\osgdb_cfg.dir\release\readerwritercfg.obj
c:\src\osg2.6.1\openscenegraph\build\src\osgplugins\cfg\osgdb_cfg.dir\release\configparser.obj
c:\src\osg2.6.1\openscenegraph\build\src\osgplugins\cfg\osgdb_cfg.dir\release\configlexer.obj
c:\src\osg2.6.1\openscenegraph\build\src\osgplugins\cfg\osgdb_cfg.dir\release\camera.obj
c:\src\osg2.6.1\openscenegraph\build\src\osgplugins\cfg\osgdb_cfg.dir\release\cameraconfig.obj
c:\src\osg2.6.1\openscenegraph\build\src\osgplugins\cfg\cmakefiles\generate.stamp
c:\src\osg2.6.1\openscenegraph\build\lib\release\osgdb_cfg.dll
c:\src\osg2.6.1\openscenegraph\build\src\osgplugins\cfg\osgdb_cfg.dir\release\plugins cfg.tlog\cl.command.1.tlog
c:\src\osg2.6.1\openscenegraph\build\src\osgplugins\cfg\osgdb_cfg.dir\release\plugins cfg.tlog\cl.items.tlog
c:\src\osg2.6.1\openscenegraph\build\src\osgplugins\cfg\osgdb_cfg.dir\release\plugins cfg.tlog\cl.read.1.tlog
c:\src\osg2.6.1\openscenegraph\build\src\osgplugins\cfg\osgdb_cfg.dir\release\plugins cfg.tlog\cl.write.1.tlog
c:\src\osg2.6.1\openscenegraph\build\src\osgplugins\cfg\osgdb_cfg.dir\release\plugins cfg.tlog\custombuild.command.1.tlog
c:\src\osg2.6.1\openscenegraph\build\src\osgplugins\cfg\osgdb_cfg.dir\release\plugins cfg.tlog\custombuild.read.1.tlog
c:\src\osg2.6.1\openscenegraph\build\src\osgplugins\cfg\osgdb_cfg.dir\release\plugins cfg.tlog\custombuild.write.1.tlog
c:\src\osg2.6.1\openscenegraph\build\src\osgplugins\cfg\osgdb_cfg.dir\release\plugins cfg.tlog\link.command.1.tlog
c:\src\osg2.6.1\openscenegraph\build\src\osgplugins\cfg\osgdb_cfg.dir\release\plugins cfg.tlog\link.read.1.tlog
c:\src\osg2.6.1\openscenegraph\build\src\osgplugins\cfg\osgdb_cfg.dir\release\plugins cfg.tlog\link.secondary.1.tlog
c:\src\osg2.6.1\openscenegraph\build\src\osgplugins\cfg\osgdb_cfg.dir\release\plugins cfg.tlog\link.write.1.tlog
