c:\src\osg2.6.1\openscenegraph\build\src\osgterrain\osgterrain.dir\release\version.obj
c:\src\osg2.6.1\openscenegraph\build\src\osgterrain\osgterrain.dir\release\geometrytechnique.obj
c:\src\osg2.6.1\openscenegraph\build\src\osgterrain\osgterrain.dir\release\terrain.obj
c:\src\osg2.6.1\openscenegraph\build\src\osgterrain\osgterrain.dir\release\terraintechnique.obj
c:\src\osg2.6.1\openscenegraph\build\src\osgterrain\osgterrain.dir\release\terraintile.obj
c:\src\osg2.6.1\openscenegraph\build\src\osgterrain\osgterrain.dir\release\locator.obj
c:\src\osg2.6.1\openscenegraph\build\src\osgterrain\osgterrain.dir\release\layer.obj
c:\src\osg2.6.1\openscenegraph\build\src\osgterrain\cmakefiles\generate.stamp
c:\src\osg2.6.1\openscenegraph\build\bin\release\osgterrain.dll
c:\src\osg2.6.1\openscenegraph\build\lib\release\osgterrain.lib
c:\src\osg2.6.1\openscenegraph\build\lib\release\osgterrain.exp
c:\src\osg2.6.1\openscenegraph\build\src\osgterrain\osgterrain.dir\release\osgterrain.tlog\cl.command.1.tlog
c:\src\osg2.6.1\openscenegraph\build\src\osgterrain\osgterrain.dir\release\osgterrain.tlog\cl.items.tlog
c:\src\osg2.6.1\openscenegraph\build\src\osgterrain\osgterrain.dir\release\osgterrain.tlog\cl.read.1.tlog
c:\src\osg2.6.1\openscenegraph\build\src\osgterrain\osgterrain.dir\release\osgterrain.tlog\cl.write.1.tlog
c:\src\osg2.6.1\openscenegraph\build\src\osgterrain\osgterrain.dir\release\osgterrain.tlog\custombuild.command.1.tlog
c:\src\osg2.6.1\openscenegraph\build\src\osgterrain\osgterrain.dir\release\osgterrain.tlog\custombuild.read.1.tlog
c:\src\osg2.6.1\openscenegraph\build\src\osgterrain\osgterrain.dir\release\osgterrain.tlog\custombuild.write.1.tlog
c:\src\osg2.6.1\openscenegraph\build\src\osgterrain\osgterrain.dir\release\osgterrain.tlog\link.command.1.tlog
c:\src\osg2.6.1\openscenegraph\build\src\osgterrain\osgterrain.dir\release\osgterrain.tlog\link.read.1.tlog
c:\src\osg2.6.1\openscenegraph\build\src\osgterrain\osgterrain.dir\release\osgterrain.tlog\link.secondary.1.tlog
c:\src\osg2.6.1\openscenegraph\build\src\osgterrain\osgterrain.dir\release\osgterrain.tlog\link.write.1.tlog
