c:\src\osg2.6.1\openscenegraph\build\src\osgshadow\osgshadow.dir\release\version.obj
c:\src\osg2.6.1\openscenegraph\build\src\osgshadow\osgshadow.dir\release\parallelsplitshadowmap.obj
c:\src\osg2.6.1\openscenegraph\build\src\osgshadow\osgshadow.dir\release\softshadowmap.obj
c:\src\osg2.6.1\openscenegraph\build\src\osgshadow\osgshadow.dir\release\shadowedscene.obj
c:\src\osg2.6.1\openscenegraph\build\src\osgshadow\osgshadow.dir\release\shadowvolume.obj
c:\src\osg2.6.1\openscenegraph\build\src\osgshadow\osgshadow.dir\release\shadowtexture.obj
c:\src\osg2.6.1\openscenegraph\build\src\osgshadow\osgshadow.dir\release\shadowtechnique.obj
c:\src\osg2.6.1\openscenegraph\build\src\osgshadow\osgshadow.dir\release\shadowmap.obj
c:\src\osg2.6.1\openscenegraph\build\src\osgshadow\osgshadow.dir\release\occludergeometry.obj
c:\src\osg2.6.1\openscenegraph\build\src\osgshadow\cmakefiles\generate.stamp
c:\src\osg2.6.1\openscenegraph\build\bin\release\osgshadow.dll
c:\src\osg2.6.1\openscenegraph\build\lib\release\osgshadow.lib
c:\src\osg2.6.1\openscenegraph\build\lib\release\osgshadow.exp
c:\src\osg2.6.1\openscenegraph\build\src\osgshadow\osgshadow.dir\release\osgshadow.tlog\cl.command.1.tlog
c:\src\osg2.6.1\openscenegraph\build\src\osgshadow\osgshadow.dir\release\osgshadow.tlog\cl.items.tlog
c:\src\osg2.6.1\openscenegraph\build\src\osgshadow\osgshadow.dir\release\osgshadow.tlog\cl.read.1.tlog
c:\src\osg2.6.1\openscenegraph\build\src\osgshadow\osgshadow.dir\release\osgshadow.tlog\cl.write.1.tlog
c:\src\osg2.6.1\openscenegraph\build\src\osgshadow\osgshadow.dir\release\osgshadow.tlog\custombuild.command.1.tlog
c:\src\osg2.6.1\openscenegraph\build\src\osgshadow\osgshadow.dir\release\osgshadow.tlog\custombuild.read.1.tlog
c:\src\osg2.6.1\openscenegraph\build\src\osgshadow\osgshadow.dir\release\osgshadow.tlog\custombuild.write.1.tlog
c:\src\osg2.6.1\openscenegraph\build\src\osgshadow\osgshadow.dir\release\osgshadow.tlog\link.command.1.tlog
c:\src\osg2.6.1\openscenegraph\build\src\osgshadow\osgshadow.dir\release\osgshadow.tlog\link.read.1.tlog
c:\src\osg2.6.1\openscenegraph\build\src\osgshadow\osgshadow.dir\release\osgshadow.tlog\link.secondary.1.tlog
c:\src\osg2.6.1\openscenegraph\build\src\osgshadow\osgshadow.dir\release\osgshadow.tlog\link.write.1.tlog
