c:\src\osg2.6.1\openscenegraph\build\src\osgplugins\osgsim\osgdb_osgsim.dir\release\io_objectrecorddata.obj
c:\src\osg2.6.1\openscenegraph\build\src\osgplugins\osgsim\osgdb_osgsim.dir\release\io_visibilitygroup.obj
c:\src\osg2.6.1\openscenegraph\build\src\osgplugins\osgsim\osgdb_osgsim.dir\release\io_sector.obj
c:\src\osg2.6.1\openscenegraph\build\src\osgplugins\osgsim\osgdb_osgsim.dir\release\io_multiswitch.obj
c:\src\osg2.6.1\openscenegraph\build\src\osgplugins\osgsim\osgdb_osgsim.dir\release\io_lightpointnode.obj
c:\src\osg2.6.1\openscenegraph\build\src\osgplugins\osgsim\osgdb_osgsim.dir\release\io_lightpoint.obj
c:\src\osg2.6.1\openscenegraph\build\src\osgplugins\osgsim\osgdb_osgsim.dir\release\io_impostor.obj
c:\src\osg2.6.1\openscenegraph\build\src\osgplugins\osgsim\osgdb_osgsim.dir\release\io_doftransform.obj
c:\src\osg2.6.1\openscenegraph\build\src\osgplugins\osgsim\osgdb_osgsim.dir\release\io_blinksequence.obj
c:\src\osg2.6.1\openscenegraph\build\src\osgplugins\osgsim\osgdb_osgsim.dir\release\io_shapeattribute.obj
c:\src\osg2.6.1\openscenegraph\build\src\osgplugins\osgsim\cmakefiles\generate.stamp
c:\src\osg2.6.1\openscenegraph\build\lib\release\osgdb_osgsim.dll
c:\src\osg2.6.1\openscenegraph\build\src\osgplugins\osgsim\osgdb_osgsim.dir\release\plugins osgsim.tlog\cl.command.1.tlog
c:\src\osg2.6.1\openscenegraph\build\src\osgplugins\osgsim\osgdb_osgsim.dir\release\plugins osgsim.tlog\cl.items.tlog
c:\src\osg2.6.1\openscenegraph\build\src\osgplugins\osgsim\osgdb_osgsim.dir\release\plugins osgsim.tlog\cl.read.1.tlog
c:\src\osg2.6.1\openscenegraph\build\src\osgplugins\osgsim\osgdb_osgsim.dir\release\plugins osgsim.tlog\cl.write.1.tlog
c:\src\osg2.6.1\openscenegraph\build\src\osgplugins\osgsim\osgdb_osgsim.dir\release\plugins osgsim.tlog\custombuild.command.1.tlog
c:\src\osg2.6.1\openscenegraph\build\src\osgplugins\osgsim\osgdb_osgsim.dir\release\plugins osgsim.tlog\custombuild.read.1.tlog
c:\src\osg2.6.1\openscenegraph\build\src\osgplugins\osgsim\osgdb_osgsim.dir\release\plugins osgsim.tlog\custombuild.write.1.tlog
c:\src\osg2.6.1\openscenegraph\build\src\osgplugins\osgsim\osgdb_osgsim.dir\release\plugins osgsim.tlog\link.command.1.tlog
c:\src\osg2.6.1\openscenegraph\build\src\osgplugins\osgsim\osgdb_osgsim.dir\release\plugins osgsim.tlog\link.read.1.tlog
c:\src\osg2.6.1\openscenegraph\build\src\osgplugins\osgsim\osgdb_osgsim.dir\release\plugins osgsim.tlog\link.secondary.1.tlog
c:\src\osg2.6.1\openscenegraph\build\src\osgplugins\osgsim\osgdb_osgsim.dir\release\plugins osgsim.tlog\link.write.1.tlog
