c:\src\osg2.6.1\openscenegraph\build\src\osg\osg.dir\release\clustercullingcallback.obj
c:\src\osg2.6.1\openscenegraph\build\src\osg\osg.dir\release\clipplane.obj
c:\src\osg2.6.1\openscenegraph\build\src\osg\osg.dir\release\clipnode.obj
c:\src\osg2.6.1\openscenegraph\build\src\osg\osg.dir\release\clearnode.obj
c:\src\osg2.6.1\openscenegraph\build\src\osg\osg.dir\release\clampcolor.obj
c:\src\osg2.6.1\openscenegraph\build\src\osg\osg.dir\release\cameraview.obj
c:\src\osg2.6.1\openscenegraph\build\src\osg\osg.dir\release\camera.obj
c:\src\osg2.6.1\openscenegraph\build\src\osg\osg.dir\release\bufferobject.obj
c:\src\osg2.6.1\openscenegraph\build\src\osg\osg.dir\release\boundingsphere.obj
c:\src\osg2.6.1\openscenegraph\build\src\osg\osg.dir\release\boundingbox.obj
c:\src\osg2.6.1\openscenegraph\build\src\osg\osg.dir\release\blendfunc.obj
c:\src\osg2.6.1\openscenegraph\build\src\osg\osg.dir\release\blendequation.obj
c:\src\osg2.6.1\openscenegraph\build\src\osg\osg.dir\release\blendcolor.obj
c:\src\osg2.6.1\openscenegraph\build\src\osg\osg.dir\release\billboard.obj
c:\src\osg2.6.1\openscenegraph\build\src\osg\osg.dir\release\autotransform.obj
c:\src\osg2.6.1\openscenegraph\build\src\osg\osg.dir\release\array.obj
c:\src\osg2.6.1\openscenegraph\build\src\osg\osg.dir\release\argumentparser.obj
c:\src\osg2.6.1\openscenegraph\build\src\osg\osg.dir\release\applicationusage.obj
c:\src\osg2.6.1\openscenegraph\build\src\osg\osg.dir\release\animationpath.obj
c:\src\osg2.6.1\openscenegraph\build\src\osg\osg.dir\release\alphafunc.obj
c:\src\osg2.6.1\openscenegraph\build\src\osg\osg.dir\release\framebufferobject.obj
c:\src\osg2.6.1\openscenegraph\build\src\osg\osg.dir\release\fragmentprogram.obj
c:\src\osg2.6.1\openscenegraph\build\src\osg\osg.dir\release\fog.obj
c:\src\osg2.6.1\openscenegraph\build\src\osg\osg.dir\release\drawable.obj
c:\src\osg2.6.1\openscenegraph\build\src\osg\osg.dir\release\drawpixels.obj
c:\src\osg2.6.1\openscenegraph\build\src\osg\osg.dir\release\displaysettings.obj
c:\src\osg2.6.1\openscenegraph\build\src\osg\osg.dir\release\depth.obj
c:\src\osg2.6.1\openscenegraph\build\src\osg\osg.dir\release\deletehandler.obj
c:\src\osg2.6.1\openscenegraph\build\src\osg\osg.dir\release\cullingset.obj
c:\src\osg2.6.1\openscenegraph\build\src\osg\osg.dir\release\cullstack.obj
c:\src\osg2.6.1\openscenegraph\build\src\osg\osg.dir\release\cullsettings.obj
c:\src\osg2.6.1\openscenegraph\build\src\osg\osg.dir\release\cullface.obj
c:\src\osg2.6.1\openscenegraph\build\src\osg\osg.dir\release\copyop.obj
c:\src\osg2.6.1\openscenegraph\build\src\osg\osg.dir\release\coordinatesystemnode.obj
c:\src\osg2.6.1\openscenegraph\build\src\osg\osg.dir\release\convexplanarpolygon.obj
c:\src\osg2.6.1\openscenegraph\build\src\osg\osg.dir\release\convexplanaroccluder.obj
c:\src\osg2.6.1\openscenegraph\build\src\osg\osg.dir\release\computeboundsvisitor.obj
c:\src\osg2.6.1\openscenegraph\build\src\osg\osg.dir\release\colormatrix.obj
c:\src\osg2.6.1\openscenegraph\build\src\osg\osg.dir\release\colormask.obj
c:\src\osg2.6.1\openscenegraph\build\src\osg\osg.dir\release\collectoccludersvisitor.obj
c:\src\osg2.6.1\openscenegraph\build\src\osg\osg.dir\release\linesegment.obj
c:\src\osg2.6.1\openscenegraph\build\src\osg\osg.dir\release\lightsource.obj
c:\src\osg2.6.1\openscenegraph\build\src\osg\osg.dir\release\lightmodel.obj
c:\src\osg2.6.1\openscenegraph\build\src\osg\osg.dir\release\light.obj
c:\src\osg2.6.1\openscenegraph\build\src\osg\osg.dir\release\lod.obj
c:\src\osg2.6.1\openscenegraph\build\src\osg\osg.dir\release\kdtree.obj
c:\src\osg2.6.1\openscenegraph\build\src\osg\osg.dir\release\imagestream.obj
c:\src\osg2.6.1\openscenegraph\build\src\osg\osg.dir\release\imagesequence.obj
c:\src\osg2.6.1\openscenegraph\build\src\osg\osg.dir\release\image.obj
c:\src\osg2.6.1\openscenegraph\build\src\osg\osg.dir\release\hint.obj
c:\src\osg2.6.1\openscenegraph\build\src\osg\osg.dir\release\group.obj
c:\src\osg2.6.1\openscenegraph\build\src\osg\osg.dir\release\graphicsthread.obj
c:\src\osg2.6.1\openscenegraph\build\src\osg\osg.dir\release\graphicscontext.obj
c:\src\osg2.6.1\openscenegraph\build\src\osg\osg.dir\release\geometry.obj
c:\src\osg2.6.1\openscenegraph\build\src\osg\osg.dir\release\geode.obj
c:\src\osg2.6.1\openscenegraph\build\src\osg\osg.dir\release\globjects.obj
c:\src\osg2.6.1\openscenegraph\build\src\osg\osg.dir\release\glextensions.obj
c:\src\osg2.6.1\openscenegraph\build\src\osg\osg.dir\release\gl2extensions.obj
c:\src\osg2.6.1\openscenegraph\build\src\osg\osg.dir\release\frontface.obj
c:\src\osg2.6.1\openscenegraph\build\src\osg\osg.dir\release\framestamp.obj
c:\src\osg2.6.1\openscenegraph\build\src\osg\osg.dir\release\point.obj
c:\src\osg2.6.1\openscenegraph\build\src\osg\osg.dir\release\pagedlod.obj
c:\src\osg2.6.1\openscenegraph\build\src\osg\osg.dir\release\operationthread.obj
c:\src\osg2.6.1\openscenegraph\build\src\osg\osg.dir\release\occlusionquerynode.obj
c:\src\osg2.6.1\openscenegraph\build\src\osg\osg.dir\release\occludernode.obj
c:\src\osg2.6.1\openscenegraph\build\src\osg\osg.dir\release\object.obj
c:\src\osg2.6.1\openscenegraph\build\src\osg\osg.dir\release\notify.obj
c:\src\osg2.6.1\openscenegraph\build\src\osg\osg.dir\release\nodevisitor.obj
c:\src\osg2.6.1\openscenegraph\build\src\osg\osg.dir\release\nodetrackercallback.obj
c:\src\osg2.6.1\openscenegraph\build\src\osg\osg.dir\release\nodecallback.obj
c:\src\osg2.6.1\openscenegraph\build\src\osg\osg.dir\release\node.obj
c:\src\osg2.6.1\openscenegraph\build\src\osg\osg.dir\release\multisample.obj
c:\src\osg2.6.1\openscenegraph\build\src\osg\osg.dir\release\matrixf.obj
c:\src\osg2.6.1\openscenegraph\build\src\osg\osg.dir\release\matrixd.obj
c:\src\osg2.6.1\openscenegraph\build\src\osg\osg.dir\release\matrixtransform.obj
c:\src\osg2.6.1\openscenegraph\build\src\osg\osg.dir\release\matrixdecomposition.obj
c:\src\osg2.6.1\openscenegraph\build\src\osg\osg.dir\release\material.obj
c:\src\osg2.6.1\openscenegraph\build\src\osg\osg.dir\release\logicop.obj
c:\src\osg2.6.1\openscenegraph\build\src\osg\osg.dir\release\linewidth.obj
c:\src\osg2.6.1\openscenegraph\build\src\osg\osg.dir\release\linestipple.obj
c:\src\osg2.6.1\openscenegraph\build\src\osg\osg.dir\release\stateattribute.obj
c:\src\osg2.6.1\openscenegraph\build\src\osg\osg.dir\release\state.obj
c:\src\osg2.6.1\openscenegraph\build\src\osg\osg.dir\release\shapedrawable.obj
c:\src\osg2.6.1\openscenegraph\build\src\osg\osg.dir\release\shape.obj
c:\src\osg2.6.1\openscenegraph\build\src\osg\osg.dir\release\shadowvolumeoccluder.obj
c:\src\osg2.6.1\openscenegraph\build\src\osg\osg.dir\release\shader.obj
c:\src\osg2.6.1\openscenegraph\build\src\osg\osg.dir\release\shademodel.obj
c:\src\osg2.6.1\openscenegraph\build\src\osg\osg.dir\release\sequence.obj
c:\src\osg2.6.1\openscenegraph\build\src\osg\osg.dir\release\scissor.obj
c:\src\osg2.6.1\openscenegraph\build\src\osg\osg.dir\release\referenced.obj
c:\src\osg2.6.1\openscenegraph\build\src\osg\osg.dir\release\quat.obj
c:\src\osg2.6.1\openscenegraph\build\src\osg\osg.dir\release\proxynode.obj
c:\src\osg2.6.1\openscenegraph\build\src\osg\osg.dir\release\projection.obj
c:\src\osg2.6.1\openscenegraph\build\src\osg\osg.dir\release\program.obj
c:\src\osg2.6.1\openscenegraph\build\src\osg\osg.dir\release\primitiveset.obj
c:\src\osg2.6.1\openscenegraph\build\src\osg\osg.dir\release\positionattitudetransform.obj
c:\src\osg2.6.1\openscenegraph\build\src\osg\osg.dir\release\polygonstipple.obj
c:\src\osg2.6.1\openscenegraph\build\src\osg\osg.dir\release\polygonoffset.obj
c:\src\osg2.6.1\openscenegraph\build\src\osg\osg.dir\release\polygonmode.obj
c:\src\osg2.6.1\openscenegraph\build\src\osg\osg.dir\release\pointsprite.obj
c:\src\osg2.6.1\openscenegraph\build\src\osg\osg.dir\release\timer.obj
c:\src\osg2.6.1\openscenegraph\build\src\osg\osg.dir\release\transferfunction.obj
c:\src\osg2.6.1\openscenegraph\build\src\osg\osg.dir\release\texturerectangle.obj
c:\src\osg2.6.1\openscenegraph\build\src\osg\osg.dir\release\texturecubemap.obj
c:\src\osg2.6.1\openscenegraph\build\src\osg\osg.dir\release\texture3d.obj
c:\src\osg2.6.1\openscenegraph\build\src\osg\osg.dir\release\texture2darray.obj
c:\src\osg2.6.1\openscenegraph\build\src\osg\osg.dir\release\texture2d.obj
c:\src\osg2.6.1\openscenegraph\build\src\osg\osg.dir\release\texture1d.obj
c:\src\osg2.6.1\openscenegraph\build\src\osg\osg.dir\release\texture.obj
c:\src\osg2.6.1\openscenegraph\build\src\osg\osg.dir\release\texmat.obj
c:\src\osg2.6.1\openscenegraph\build\src\osg\osg.dir\release\texgennode.obj
c:\src\osg2.6.1\openscenegraph\build\src\osg\osg.dir\release\texgen.obj
c:\src\osg2.6.1\openscenegraph\build\src\osg\osg.dir\release\texenvfilter.obj
c:\src\osg2.6.1\openscenegraph\build\src\osg\osg.dir\release\texenvcombine.obj
c:\src\osg2.6.1\openscenegraph\build\src\osg\osg.dir\release\texenv.obj
c:\src\osg2.6.1\openscenegraph\build\src\osg\osg.dir\release\switch.obj
c:\src\osg2.6.1\openscenegraph\build\src\osg\osg.dir\release\stenciltwosided.obj
c:\src\osg2.6.1\openscenegraph\build\src\osg\osg.dir\release\stencil.obj
c:\src\osg2.6.1\openscenegraph\build\src\osg\osg.dir\release\stats.obj
c:\src\osg2.6.1\openscenegraph\build\src\osg\osg.dir\release\stateset.obj
c:\src\osg2.6.1\openscenegraph\build\src\osg\osg.dir\release\dxtctool.obj
c:\src\osg2.6.1\openscenegraph\build\src\osg\osg.dir\release\viewport.obj
c:\src\osg2.6.1\openscenegraph\build\src\osg\osg.dir\release\view.obj
c:\src\osg2.6.1\openscenegraph\build\src\osg\osg.dir\release\vertexprogram.obj
c:\src\osg2.6.1\openscenegraph\build\src\osg\osg.dir\release\version.obj
c:\src\osg2.6.1\openscenegraph\build\src\osg\osg.dir\release\uniform.obj
c:\src\osg2.6.1\openscenegraph\build\src\osg\osg.dir\release\transform.obj
c:\src\osg2.6.1\openscenegraph\build\src\osg\cmakefiles\generate.stamp
c:\src\osg2.6.1\openscenegraph\build\bin\release\osg.dll
c:\src\osg2.6.1\openscenegraph\build\lib\release\osg.lib
c:\src\osg2.6.1\openscenegraph\build\lib\release\osg.exp
c:\src\osg2.6.1\openscenegraph\build\src\osg\osg.dir\release\osg.tlog\cl.command.1.tlog
c:\src\osg2.6.1\openscenegraph\build\src\osg\osg.dir\release\osg.tlog\cl.items.tlog
c:\src\osg2.6.1\openscenegraph\build\src\osg\osg.dir\release\osg.tlog\cl.read.1.tlog
c:\src\osg2.6.1\openscenegraph\build\src\osg\osg.dir\release\osg.tlog\cl.write.1.tlog
c:\src\osg2.6.1\openscenegraph\build\src\osg\osg.dir\release\osg.tlog\custombuild.command.1.tlog
c:\src\osg2.6.1\openscenegraph\build\src\osg\osg.dir\release\osg.tlog\custombuild.read.1.tlog
c:\src\osg2.6.1\openscenegraph\build\src\osg\osg.dir\release\osg.tlog\custombuild.write.1.tlog
c:\src\osg2.6.1\openscenegraph\build\src\osg\osg.dir\release\osg.tlog\link.command.1.tlog
c:\src\osg2.6.1\openscenegraph\build\src\osg\osg.dir\release\osg.tlog\link.read.1.tlog
c:\src\osg2.6.1\openscenegraph\build\src\osg\osg.dir\release\osg.tlog\link.secondary.1.tlog
c:\src\osg2.6.1\openscenegraph\build\src\osg\osg.dir\release\osg.tlog\link.write.1.tlog
