c:\src\osg2.6.1\openscenegraph\build\src\osgmanipulator\osgmanipulator.dir\release\translateplanedragger.obj
c:\src\osg2.6.1\openscenegraph\build\src\osgmanipulator\osgmanipulator.dir\release\translateaxisdragger.obj
c:\src\osg2.6.1\openscenegraph\build\src\osgmanipulator\osgmanipulator.dir\release\translate2ddragger.obj
c:\src\osg2.6.1\openscenegraph\build\src\osgmanipulator\osgmanipulator.dir\release\translate1ddragger.obj
c:\src\osg2.6.1\openscenegraph\build\src\osgmanipulator\osgmanipulator.dir\release\trackballdragger.obj
c:\src\osg2.6.1\openscenegraph\build\src\osgmanipulator\osgmanipulator.dir\release\tabplanetrackballdragger.obj
c:\src\osg2.6.1\openscenegraph\build\src\osgmanipulator\osgmanipulator.dir\release\tabplanedragger.obj
c:\src\osg2.6.1\openscenegraph\build\src\osgmanipulator\osgmanipulator.dir\release\tabboxdragger.obj
c:\src\osg2.6.1\openscenegraph\build\src\osgmanipulator\osgmanipulator.dir\release\selection.obj
c:\src\osg2.6.1\openscenegraph\build\src\osgmanipulator\osgmanipulator.dir\release\scaleaxisdragger.obj
c:\src\osg2.6.1\openscenegraph\build\src\osgmanipulator\osgmanipulator.dir\release\scale2ddragger.obj
c:\src\osg2.6.1\openscenegraph\build\src\osgmanipulator\osgmanipulator.dir\release\scale1ddragger.obj
c:\src\osg2.6.1\openscenegraph\build\src\osgmanipulator\osgmanipulator.dir\release\rotatespheredragger.obj
c:\src\osg2.6.1\openscenegraph\build\src\osgmanipulator\osgmanipulator.dir\release\rotatecylinderdragger.obj
c:\src\osg2.6.1\openscenegraph\build\src\osgmanipulator\osgmanipulator.dir\release\projector.obj
c:\src\osg2.6.1\openscenegraph\build\src\osgmanipulator\osgmanipulator.dir\release\dragger.obj
c:\src\osg2.6.1\openscenegraph\build\src\osgmanipulator\osgmanipulator.dir\release\constraint.obj
c:\src\osg2.6.1\openscenegraph\build\src\osgmanipulator\osgmanipulator.dir\release\commandmanager.obj
c:\src\osg2.6.1\openscenegraph\build\src\osgmanipulator\osgmanipulator.dir\release\command.obj
c:\src\osg2.6.1\openscenegraph\build\src\osgmanipulator\osgmanipulator.dir\release\antisquish.obj
c:\src\osg2.6.1\openscenegraph\build\src\osgmanipulator\osgmanipulator.dir\release\version.obj
c:\src\osg2.6.1\openscenegraph\build\src\osgmanipulator\cmakefiles\generate.stamp
c:\src\osg2.6.1\openscenegraph\build\bin\release\osgmanipulator.dll
c:\src\osg2.6.1\openscenegraph\build\lib\release\osgmanipulator.lib
c:\src\osg2.6.1\openscenegraph\build\lib\release\osgmanipulator.exp
c:\src\osg2.6.1\openscenegraph\build\src\osgmanipulator\osgmanipulator.dir\release\osgmanipulator.tlog\cl.command.1.tlog
c:\src\osg2.6.1\openscenegraph\build\src\osgmanipulator\osgmanipulator.dir\release\osgmanipulator.tlog\cl.items.tlog
c:\src\osg2.6.1\openscenegraph\build\src\osgmanipulator\osgmanipulator.dir\release\osgmanipulator.tlog\cl.read.1.tlog
c:\src\osg2.6.1\openscenegraph\build\src\osgmanipulator\osgmanipulator.dir\release\osgmanipulator.tlog\cl.write.1.tlog
c:\src\osg2.6.1\openscenegraph\build\src\osgmanipulator\osgmanipulator.dir\release\osgmanipulator.tlog\custombuild.command.1.tlog
c:\src\osg2.6.1\openscenegraph\build\src\osgmanipulator\osgmanipulator.dir\release\osgmanipulator.tlog\custombuild.read.1.tlog
c:\src\osg2.6.1\openscenegraph\build\src\osgmanipulator\osgmanipulator.dir\release\osgmanipulator.tlog\custombuild.write.1.tlog
c:\src\osg2.6.1\openscenegraph\build\src\osgmanipulator\osgmanipulator.dir\release\osgmanipulator.tlog\link.command.1.tlog
c:\src\osg2.6.1\openscenegraph\build\src\osgmanipulator\osgmanipulator.dir\release\osgmanipulator.tlog\link.read.1.tlog
c:\src\osg2.6.1\openscenegraph\build\src\osgmanipulator\osgmanipulator.dir\release\osgmanipulator.tlog\link.secondary.1.tlog
c:\src\osg2.6.1\openscenegraph\build\src\osgmanipulator\osgmanipulator.dir\release\osgmanipulator.tlog\link.write.1.tlog
