c:\src\osg2.6.1\openscenegraph\build\src\osgplugins\osgwidget\osgdb_osgwidget.dir\release\windowmanager.obj
c:\src\osg2.6.1\openscenegraph\build\src\osgplugins\osgwidget\osgdb_osgwidget.dir\release\widget.obj
c:\src\osg2.6.1\openscenegraph\build\src\osgplugins\osgwidget\osgdb_osgwidget.dir\release\table.obj
c:\src\osg2.6.1\openscenegraph\build\src\osgplugins\osgwidget\osgdb_osgwidget.dir\release\label.obj
c:\src\osg2.6.1\openscenegraph\build\src\osgplugins\osgwidget\osgdb_osgwidget.dir\release\input.obj
c:\src\osg2.6.1\openscenegraph\build\src\osgplugins\osgwidget\osgdb_osgwidget.dir\release\frame.obj
c:\src\osg2.6.1\openscenegraph\build\src\osgplugins\osgwidget\osgdb_osgwidget.dir\release\embeddedwindow.obj
c:\src\osg2.6.1\openscenegraph\build\src\osgplugins\osgwidget\osgdb_osgwidget.dir\release\box.obj
c:\src\osg2.6.1\openscenegraph\build\src\osgplugins\osgwidget\cmakefiles\generate.stamp
c:\src\osg2.6.1\openscenegraph\build\lib\release\osgdb_osgwidget.dll
c:\src\osg2.6.1\openscenegraph\build\src\osgplugins\osgwidget\osgdb_osgwidget.dir\release\plugins .452caa20.tlog\cl.command.1.tlog
c:\src\osg2.6.1\openscenegraph\build\src\osgplugins\osgwidget\osgdb_osgwidget.dir\release\plugins .452caa20.tlog\cl.items.tlog
c:\src\osg2.6.1\openscenegraph\build\src\osgplugins\osgwidget\osgdb_osgwidget.dir\release\plugins .452caa20.tlog\cl.read.1.tlog
c:\src\osg2.6.1\openscenegraph\build\src\osgplugins\osgwidget\osgdb_osgwidget.dir\release\plugins .452caa20.tlog\cl.write.1.tlog
c:\src\osg2.6.1\openscenegraph\build\src\osgplugins\osgwidget\osgdb_osgwidget.dir\release\plugins .452caa20.tlog\custombuild.command.1.tlog
c:\src\osg2.6.1\openscenegraph\build\src\osgplugins\osgwidget\osgdb_osgwidget.dir\release\plugins .452caa20.tlog\custombuild.read.1.tlog
c:\src\osg2.6.1\openscenegraph\build\src\osgplugins\osgwidget\osgdb_osgwidget.dir\release\plugins .452caa20.tlog\custombuild.write.1.tlog
c:\src\osg2.6.1\openscenegraph\build\src\osgplugins\osgwidget\osgdb_osgwidget.dir\release\plugins .452caa20.tlog\link.command.1.tlog
c:\src\osg2.6.1\openscenegraph\build\src\osgplugins\osgwidget\osgdb_osgwidget.dir\release\plugins .452caa20.tlog\link.read.1.tlog
c:\src\osg2.6.1\openscenegraph\build\src\osgplugins\osgwidget\osgdb_osgwidget.dir\release\plugins .452caa20.tlog\link.secondary.1.tlog
c:\src\osg2.6.1\openscenegraph\build\src\osgplugins\osgwidget\osgdb_osgwidget.dir\release\plugins .452caa20.tlog\link.write.1.tlog
