c:\src\osg2.6.1\openscenegraph\build\src\osgviewer\osgviewer.dir\release\pixelbufferwin32.obj
c:\src\osg2.6.1\openscenegraph\build\src\osgviewer\osgviewer.dir\release\graphicswindowwin32.obj
c:\src\osg2.6.1\openscenegraph\build\src\osgviewer\osgviewer.dir\release\viewereventhandlers.obj
c:\src\osg2.6.1\openscenegraph\build\src\osgviewer\osgviewer.dir\release\viewerbase.obj
c:\src\osg2.6.1\openscenegraph\build\src\osgviewer\osgviewer.dir\release\viewer.obj
c:\src\osg2.6.1\openscenegraph\build\src\osgviewer\osgviewer.dir\release\view.obj
c:\src\osg2.6.1\openscenegraph\build\src\osgviewer\osgviewer.dir\release\version.obj
c:\src\osg2.6.1\openscenegraph\build\src\osgviewer\osgviewer.dir\release\statshandler.obj
c:\src\osg2.6.1\openscenegraph\build\src\osgviewer\osgviewer.dir\release\screencapturehandler.obj
c:\src\osg2.6.1\openscenegraph\build\src\osgviewer\osgviewer.dir\release\scene.obj
c:\src\osg2.6.1\openscenegraph\build\src\osgviewer\osgviewer.dir\release\renderer.obj
c:\src\osg2.6.1\openscenegraph\build\src\osgviewer\osgviewer.dir\release\helphandler.obj
c:\src\osg2.6.1\openscenegraph\build\src\osgviewer\osgviewer.dir\release\compositeviewer.obj
c:\src\osg2.6.1\openscenegraph\build\src\osgviewer\cmakefiles\generate.stamp
c:\src\osg2.6.1\openscenegraph\build\bin\release\osgviewer.dll
c:\src\osg2.6.1\openscenegraph\build\lib\release\osgviewer.lib
c:\src\osg2.6.1\openscenegraph\build\lib\release\osgviewer.exp
c:\src\osg2.6.1\openscenegraph\build\src\osgviewer\osgviewer.dir\release\osgviewer.tlog\cl.command.1.tlog
c:\src\osg2.6.1\openscenegraph\build\src\osgviewer\osgviewer.dir\release\osgviewer.tlog\cl.items.tlog
c:\src\osg2.6.1\openscenegraph\build\src\osgviewer\osgviewer.dir\release\osgviewer.tlog\cl.read.1.tlog
c:\src\osg2.6.1\openscenegraph\build\src\osgviewer\osgviewer.dir\release\osgviewer.tlog\cl.write.1.tlog
c:\src\osg2.6.1\openscenegraph\build\src\osgviewer\osgviewer.dir\release\osgviewer.tlog\custombuild.command.1.tlog
c:\src\osg2.6.1\openscenegraph\build\src\osgviewer\osgviewer.dir\release\osgviewer.tlog\custombuild.read.1.tlog
c:\src\osg2.6.1\openscenegraph\build\src\osgviewer\osgviewer.dir\release\osgviewer.tlog\custombuild.write.1.tlog
c:\src\osg2.6.1\openscenegraph\build\src\osgviewer\osgviewer.dir\release\osgviewer.tlog\link.command.1.tlog
c:\src\osg2.6.1\openscenegraph\build\src\osgviewer\osgviewer.dir\release\osgviewer.tlog\link.read.1.tlog
c:\src\osg2.6.1\openscenegraph\build\src\osgviewer\osgviewer.dir\release\osgviewer.tlog\link.secondary.1.tlog
c:\src\osg2.6.1\openscenegraph\build\src\osgviewer\osgviewer.dir\release\osgviewer.tlog\link.write.1.tlog
