  Building Custom Rule C:/src/osg2.6.1/OpenSceneGraph/src/osgPlugins/osgShadow/CMakeLists.txt
  ReaderWriterOsgShadow.cpp
C:\src\osg2.6.1\OpenSceneGraph\include\osg\Image(301,42): warning C4100: 'nv': unreferenced parameter
  (compiling source file '../../../../src/osgPlugins/osgShadow/ReaderWriterOsgShadow.cpp')
  
C:\src\osg2.6.1\OpenSceneGraph\include\osg\OperationThread(55,28): warning C4589: Constructor of abstract class 'osg::Operation' ignores initializer for virtual base class 'osg::Referenced'
  (compiling source file '../../../../src/osgPlugins/osgShadow/ReaderWriterOsgShadow.cpp')
      C:\src\osg2.6.1\OpenSceneGraph\include\osg\OperationThread(55,28):
      virtual base classes are only initialized by the most-derived type
  
C:\src\osg2.6.1\OpenSceneGraph\include\osg\OperationThread(81,23): warning C4589: Constructor of abstract class 'osg::Operation' ignores initializer for virtual base class 'osg::Referenced'
  (compiling source file '../../../../src/osgPlugins/osgShadow/ReaderWriterOsgShadow.cpp')
      C:\src\osg2.6.1\OpenSceneGraph\include\osg\OperationThread(81,23):
      virtual base classes are only initialized by the most-derived type
  
C:\src\osg2.6.1\OpenSceneGraph\include\osg\OperationThread(85,23): warning C4589: Constructor of abstract class 'osg::Operation' ignores initializer for virtual base class 'osg::Referenced'
  (compiling source file '../../../../src/osgPlugins/osgShadow/ReaderWriterOsgShadow.cpp')
      C:\src\osg2.6.1\OpenSceneGraph\include\osg\OperationThread(85,23):
      virtual base classes are only initialized by the most-derived type
  
  ShadowedScene.cpp
C:\src\osg2.6.1\OpenSceneGraph\include\osg\Image(301,42): warning C4100: 'nv': unreferenced parameter
  (compiling source file '../../../../src/osgPlugins/osgShadow/ShadowedScene.cpp')
  
C:\src\osg2.6.1\OpenSceneGraph\include\osg\OperationThread(55,28): warning C4589: Constructor of abstract class 'osg::Operation' ignores initializer for virtual base class 'osg::Referenced'
  (compiling source file '../../../../src/osgPlugins/osgShadow/ShadowedScene.cpp')
      C:\src\osg2.6.1\OpenSceneGraph\include\osg\OperationThread(55,28):
      virtual base classes are only initialized by the most-derived type
  
C:\src\osg2.6.1\OpenSceneGraph\include\osg\OperationThread(81,23): warning C4589: Constructor of abstract class 'osg::Operation' ignores initializer for virtual base class 'osg::Referenced'
  (compiling source file '../../../../src/osgPlugins/osgShadow/ShadowedScene.cpp')
      C:\src\osg2.6.1\OpenSceneGraph\include\osg\OperationThread(81,23):
      virtual base classes are only initialized by the most-derived type
  
C:\src\osg2.6.1\OpenSceneGraph\include\osg\OperationThread(85,23): warning C4589: Constructor of abstract class 'osg::Operation' ignores initializer for virtual base class 'osg::Referenced'
  (compiling source file '../../../../src/osgPlugins/osgShadow/ShadowedScene.cpp')
      C:\src\osg2.6.1\OpenSceneGraph\include\osg\OperationThread(85,23):
      virtual base classes are only initialized by the most-derived type
  
  ShadowMap.cpp
C:\src\osg2.6.1\OpenSceneGraph\include\osg\Image(301,42): warning C4100: 'nv': unreferenced parameter
  (compiling source file '../../../../src/osgPlugins/osgShadow/ShadowMap.cpp')
  
C:\src\osg2.6.1\OpenSceneGraph\include\osg\OperationThread(55,28): warning C4589: Constructor of abstract class 'osg::Operation' ignores initializer for virtual base class 'osg::Referenced'
  (compiling source file '../../../../src/osgPlugins/osgShadow/ShadowMap.cpp')
      C:\src\osg2.6.1\OpenSceneGraph\include\osg\OperationThread(55,28):
      virtual base classes are only initialized by the most-derived type
  
C:\src\osg2.6.1\OpenSceneGraph\include\osg\OperationThread(81,23): warning C4589: Constructor of abstract class 'osg::Operation' ignores initializer for virtual base class 'osg::Referenced'
  (compiling source file '../../../../src/osgPlugins/osgShadow/ShadowMap.cpp')
      C:\src\osg2.6.1\OpenSceneGraph\include\osg\OperationThread(81,23):
      virtual base classes are only initialized by the most-derived type
  
C:\src\osg2.6.1\OpenSceneGraph\include\osg\OperationThread(85,23): warning C4589: Constructor of abstract class 'osg::Operation' ignores initializer for virtual base class 'osg::Referenced'
  (compiling source file '../../../../src/osgPlugins/osgShadow/ShadowMap.cpp')
      C:\src\osg2.6.1\OpenSceneGraph\include\osg\OperationThread(85,23):
      virtual base classes are only initialized by the most-derived type
  
C:\src\osg2.6.1\OpenSceneGraph\src\osgPlugins\osgShadow\ShadowMap.cpp(27,62): warning C4100: 'fr': unreferenced parameter
C:\src\osg2.6.1\OpenSceneGraph\src\osgPlugins\osgShadow\ShadowMap.cpp(29,27): warning C4189: 'ss': local variable is initialized but not referenced
C:\src\osg2.6.1\OpenSceneGraph\src\osgPlugins\osgShadow\ShadowMap.cpp(35,70): warning C4100: 'fw': unreferenced parameter
C:\src\osg2.6.1\OpenSceneGraph\src\osgPlugins\osgShadow\ShadowMap.cpp(37,33): warning C4189: 'ss': local variable is initialized but not referenced
  ShadowTechnique.cpp
C:\src\osg2.6.1\OpenSceneGraph\include\osg\Image(301,42): warning C4100: 'nv': unreferenced parameter
  (compiling source file '../../../../src/osgPlugins/osgShadow/ShadowTechnique.cpp')
  
C:\src\osg2.6.1\OpenSceneGraph\include\osg\OperationThread(55,28): warning C4589: Constructor of abstract class 'osg::Operation' ignores initializer for virtual base class 'osg::Referenced'
  (compiling source file '../../../../src/osgPlugins/osgShadow/ShadowTechnique.cpp')
      C:\src\osg2.6.1\OpenSceneGraph\include\osg\OperationThread(55,28):
      virtual base classes are only initialized by the most-derived type
  
C:\src\osg2.6.1\OpenSceneGraph\include\osg\OperationThread(81,23): warning C4589: Constructor of abstract class 'osg::Operation' ignores initializer for virtual base class 'osg::Referenced'
  (compiling source file '../../../../src/osgPlugins/osgShadow/ShadowTechnique.cpp')
      C:\src\osg2.6.1\OpenSceneGraph\include\osg\OperationThread(81,23):
      virtual base classes are only initialized by the most-derived type
  
C:\src\osg2.6.1\OpenSceneGraph\include\osg\OperationThread(85,23): warning C4589: Constructor of abstract class 'osg::Operation' ignores initializer for virtual base class 'osg::Referenced'
  (compiling source file '../../../../src/osgPlugins/osgShadow/ShadowTechnique.cpp')
      C:\src\osg2.6.1\OpenSceneGraph\include\osg\OperationThread(85,23):
      virtual base classes are only initialized by the most-derived type
  
C:\src\osg2.6.1\OpenSceneGraph\src\osgPlugins\osgShadow\ShadowTechnique.cpp(27,68): warning C4100: 'fr': unreferenced parameter
C:\src\osg2.6.1\OpenSceneGraph\src\osgPlugins\osgShadow\ShadowTechnique.cpp(29,33): warning C4189: 'ss': local variable is initialized but not referenced
C:\src\osg2.6.1\OpenSceneGraph\src\osgPlugins\osgShadow\ShadowTechnique.cpp(35,76): warning C4100: 'fw': unreferenced parameter
C:\src\osg2.6.1\OpenSceneGraph\src\osgPlugins\osgShadow\ShadowTechnique.cpp(37,39): warning C4189: 'ss': local variable is initialized but not referenced
  ShadowTexture.cpp
C:\src\osg2.6.1\OpenSceneGraph\include\osg\Image(301,42): warning C4100: 'nv': unreferenced parameter
  (compiling source file '../../../../src/osgPlugins/osgShadow/ShadowTexture.cpp')
  
C:\src\osg2.6.1\OpenSceneGraph\include\osg\OperationThread(55,28): warning C4589: Constructor of abstract class 'osg::Operation' ignores initializer for virtual base class 'osg::Referenced'
  (compiling source file '../../../../src/osgPlugins/osgShadow/ShadowTexture.cpp')
      C:\src\osg2.6.1\OpenSceneGraph\include\osg\OperationThread(55,28):
      virtual base classes are only initialized by the most-derived type
  
C:\src\osg2.6.1\OpenSceneGraph\include\osg\OperationThread(81,23): warning C4589: Constructor of abstract class 'osg::Operation' ignores initializer for virtual base class 'osg::Referenced'
  (compiling source file '../../../../src/osgPlugins/osgShadow/ShadowTexture.cpp')
      C:\src\osg2.6.1\OpenSceneGraph\include\osg\OperationThread(81,23):
      virtual base classes are only initialized by the most-derived type
  
C:\src\osg2.6.1\OpenSceneGraph\include\osg\OperationThread(85,23): warning C4589: Constructor of abstract class 'osg::Operation' ignores initializer for virtual base class 'osg::Referenced'
  (compiling source file '../../../../src/osgPlugins/osgShadow/ShadowTexture.cpp')
      C:\src\osg2.6.1\OpenSceneGraph\include\osg\OperationThread(85,23):
      virtual base classes are only initialized by the most-derived type
  
C:\src\osg2.6.1\OpenSceneGraph\src\osgPlugins\osgShadow\ShadowTexture.cpp(27,66): warning C4100: 'fr': unreferenced parameter
C:\src\osg2.6.1\OpenSceneGraph\src\osgPlugins\osgShadow\ShadowTexture.cpp(29,31): warning C4189: 'ss': local variable is initialized but not referenced
C:\src\osg2.6.1\OpenSceneGraph\src\osgPlugins\osgShadow\ShadowTexture.cpp(35,74): warning C4100: 'fw': unreferenced parameter
C:\src\osg2.6.1\OpenSceneGraph\src\osgPlugins\osgShadow\ShadowTexture.cpp(37,37): warning C4189: 'ss': local variable is initialized but not referenced
  ShadowVolume.cpp
C:\src\osg2.6.1\OpenSceneGraph\include\osg\Image(301,42): warning C4100: 'nv': unreferenced parameter
  (compiling source file '../../../../src/osgPlugins/osgShadow/ShadowVolume.cpp')
  
C:\src\osg2.6.1\OpenSceneGraph\include\osg\OperationThread(55,28): warning C4589: Constructor of abstract class 'osg::Operation' ignores initializer for virtual base class 'osg::Referenced'
  (compiling source file '../../../../src/osgPlugins/osgShadow/ShadowVolume.cpp')
      C:\src\osg2.6.1\OpenSceneGraph\include\osg\OperationThread(55,28):
      virtual base classes are only initialized by the most-derived type
  
C:\src\osg2.6.1\OpenSceneGraph\include\osg\OperationThread(81,23): warning C4589: Constructor of abstract class 'osg::Operation' ignores initializer for virtual base class 'osg::Referenced'
  (compiling source file '../../../../src/osgPlugins/osgShadow/ShadowVolume.cpp')
      C:\src\osg2.6.1\OpenSceneGraph\include\osg\OperationThread(81,23):
      virtual base classes are only initialized by the most-derived type
  
C:\src\osg2.6.1\OpenSceneGraph\include\osg\OperationThread(85,23): warning C4589: Constructor of abstract class 'osg::Operation' ignores initializer for virtual base class 'osg::Referenced'
  (compiling source file '../../../../src/osgPlugins/osgShadow/ShadowVolume.cpp')
      C:\src\osg2.6.1\OpenSceneGraph\include\osg\OperationThread(85,23):
      virtual base classes are only initialized by the most-derived type
  
C:\src\osg2.6.1\OpenSceneGraph\src\osgPlugins\osgShadow\ShadowVolume.cpp(27,65): warning C4100: 'fr': unreferenced parameter
C:\src\osg2.6.1\OpenSceneGraph\src\osgPlugins\osgShadow\ShadowVolume.cpp(29,30): warning C4189: 'ss': local variable is initialized but not referenced
C:\src\osg2.6.1\OpenSceneGraph\src\osgPlugins\osgShadow\ShadowVolume.cpp(35,73): warning C4100: 'fw': unreferenced parameter
C:\src\osg2.6.1\OpenSceneGraph\src\osgPlugins\osgShadow\ShadowVolume.cpp(37,36): warning C4189: 'ss': local variable is initialized but not referenced
  Generating Code...
  osgdb_osgshadow.vcxproj -> C:\src\osg2.6.1\OpenSceneGraph\build\lib\Release\osgdb_osgshadow.dll
