c:\src\osg2.6.1\openscenegraph\build\src\osgplugins\osgparticle\osgdb_osgparticle.dir\release\io_particleprocessor.obj
c:\src\osg2.6.1\openscenegraph\build\src\osgplugins\osgparticle\osgdb_osgparticle.dir\release\io_particleeffect.obj
c:\src\osg2.6.1\openscenegraph\build\src\osgplugins\osgparticle\osgdb_osgparticle.dir\release\io_particle.obj
c:\src\osg2.6.1\openscenegraph\build\src\osgplugins\osgparticle\osgdb_osgparticle.dir\release\io_multisegmentplacer.obj
c:\src\osg2.6.1\openscenegraph\build\src\osgplugins\osgparticle\osgdb_osgparticle.dir\release\io_modularprogram.obj
c:\src\osg2.6.1\openscenegraph\build\src\osgplugins\osgparticle\osgdb_osgparticle.dir\release\io_modularemitter.obj
c:\src\osg2.6.1\openscenegraph\build\src\osgplugins\osgparticle\osgdb_osgparticle.dir\release\io_linearinterpolator.obj
c:\src\osg2.6.1\openscenegraph\build\src\osgplugins\osgparticle\osgdb_osgparticle.dir\release\io_forceoperator.obj
c:\src\osg2.6.1\openscenegraph\build\src\osgplugins\osgparticle\osgdb_osgparticle.dir\release\io_fluidprogram.obj
c:\src\osg2.6.1\openscenegraph\build\src\osgplugins\osgparticle\osgdb_osgparticle.dir\release\io_fluidfrictionoperator.obj
c:\src\osg2.6.1\openscenegraph\build\src\osgplugins\osgparticle\osgdb_osgparticle.dir\release\io_fireeffect.obj
c:\src\osg2.6.1\openscenegraph\build\src\osgplugins\osgparticle\osgdb_osgparticle.dir\release\io_explosioneffect.obj
c:\src\osg2.6.1\openscenegraph\build\src\osgplugins\osgparticle\osgdb_osgparticle.dir\release\io_explosiondebriseffect.obj
c:\src\osg2.6.1\openscenegraph\build\src\osgplugins\osgparticle\osgdb_osgparticle.dir\release\io_emitter.obj
c:\src\osg2.6.1\openscenegraph\build\src\osgplugins\osgparticle\osgdb_osgparticle.dir\release\io_constantratecounter.obj
c:\src\osg2.6.1\openscenegraph\build\src\osgplugins\osgparticle\osgdb_osgparticle.dir\release\io_connectedparticlesystem.obj
c:\src\osg2.6.1\openscenegraph\build\src\osgplugins\osgparticle\osgdb_osgparticle.dir\release\io_centeredplacer.obj
c:\src\osg2.6.1\openscenegraph\build\src\osgplugins\osgparticle\osgdb_osgparticle.dir\release\io_boxplacer.obj
c:\src\osg2.6.1\openscenegraph\build\src\osgplugins\osgparticle\osgdb_osgparticle.dir\release\io_angularacceloperator.obj
c:\src\osg2.6.1\openscenegraph\build\src\osgplugins\osgparticle\osgdb_osgparticle.dir\release\io_acceloperator.obj
c:\src\osg2.6.1\openscenegraph\build\src\osgplugins\osgparticle\osgdb_osgparticle.dir\release\io_variableratecounter.obj
c:\src\osg2.6.1\openscenegraph\build\src\osgplugins\osgparticle\osgdb_osgparticle.dir\release\io_smoketraileffect.obj
c:\src\osg2.6.1\openscenegraph\build\src\osgplugins\osgparticle\osgdb_osgparticle.dir\release\io_smokeeffect.obj
c:\src\osg2.6.1\openscenegraph\build\src\osgplugins\osgparticle\osgdb_osgparticle.dir\release\io_segmentplacer.obj
c:\src\osg2.6.1\openscenegraph\build\src\osgplugins\osgparticle\osgdb_osgparticle.dir\release\io_sectorplacer.obj
c:\src\osg2.6.1\openscenegraph\build\src\osgplugins\osgparticle\osgdb_osgparticle.dir\release\io_randomratecounter.obj
c:\src\osg2.6.1\openscenegraph\build\src\osgplugins\osgparticle\osgdb_osgparticle.dir\release\io_radialshooter.obj
c:\src\osg2.6.1\openscenegraph\build\src\osgplugins\osgparticle\osgdb_osgparticle.dir\release\io_program.obj
c:\src\osg2.6.1\openscenegraph\build\src\osgplugins\osgparticle\osgdb_osgparticle.dir\release\io_pointplacer.obj
c:\src\osg2.6.1\openscenegraph\build\src\osgplugins\osgparticle\osgdb_osgparticle.dir\release\io_particlesystemupdater.obj
c:\src\osg2.6.1\openscenegraph\build\src\osgplugins\osgparticle\osgdb_osgparticle.dir\release\io_particlesystem.obj
c:\src\osg2.6.1\openscenegraph\build\src\osgplugins\osgparticle\cmakefiles\generate.stamp
c:\src\osg2.6.1\openscenegraph\build\lib\release\osgdb_osgparticle.dll
c:\src\osg2.6.1\openscenegraph\build\src\osgplugins\osgparticle\osgdb_osgparticle.dir\release\plugins .d53da11d.tlog\cl.command.1.tlog
c:\src\osg2.6.1\openscenegraph\build\src\osgplugins\osgparticle\osgdb_osgparticle.dir\release\plugins .d53da11d.tlog\cl.items.tlog
c:\src\osg2.6.1\openscenegraph\build\src\osgplugins\osgparticle\osgdb_osgparticle.dir\release\plugins .d53da11d.tlog\cl.read.1.tlog
c:\src\osg2.6.1\openscenegraph\build\src\osgplugins\osgparticle\osgdb_osgparticle.dir\release\plugins .d53da11d.tlog\cl.write.1.tlog
c:\src\osg2.6.1\openscenegraph\build\src\osgplugins\osgparticle\osgdb_osgparticle.dir\release\plugins .d53da11d.tlog\custombuild.command.1.tlog
c:\src\osg2.6.1\openscenegraph\build\src\osgplugins\osgparticle\osgdb_osgparticle.dir\release\plugins .d53da11d.tlog\custombuild.read.1.tlog
c:\src\osg2.6.1\openscenegraph\build\src\osgplugins\osgparticle\osgdb_osgparticle.dir\release\plugins .d53da11d.tlog\custombuild.write.1.tlog
c:\src\osg2.6.1\openscenegraph\build\src\osgplugins\osgparticle\osgdb_osgparticle.dir\release\plugins .d53da11d.tlog\link.command.1.tlog
c:\src\osg2.6.1\openscenegraph\build\src\osgplugins\osgparticle\osgdb_osgparticle.dir\release\plugins .d53da11d.tlog\link.read.1.tlog
c:\src\osg2.6.1\openscenegraph\build\src\osgplugins\osgparticle\osgdb_osgparticle.dir\release\plugins .d53da11d.tlog\link.secondary.1.tlog
c:\src\osg2.6.1\openscenegraph\build\src\osgplugins\osgparticle\osgdb_osgparticle.dir\release\plugins .d53da11d.tlog\link.write.1.tlog
