c:\src\osg2.6.1\openscenegraph\build\src\osgdb\osgdb.dir\release\version.obj
c:\src\osg2.6.1\openscenegraph\build\src\osgdb\osgdb.dir\release\sharedstatemanager.obj
c:\src\osg2.6.1\openscenegraph\build\src\osgdb\osgdb.dir\release\registry.obj
c:\src\osg2.6.1\openscenegraph\build\src\osgdb\osgdb.dir\release\readfile.obj
c:\src\osg2.6.1\openscenegraph\build\src\osgdb\osgdb.dir\release\readerwriter.obj
c:\src\osg2.6.1\openscenegraph\build\src\osgdb\osgdb.dir\release\pluginquery.obj
c:\src\osg2.6.1\openscenegraph\build\src\osgdb\osgdb.dir\release\output.obj
c:\src\osg2.6.1\openscenegraph\build\src\osgdb\osgdb.dir\release\input.obj
c:\src\osg2.6.1\openscenegraph\build\src\osgdb\osgdb.dir\release\imagepager.obj
c:\src\osg2.6.1\openscenegraph\build\src\osgdb\osgdb.dir\release\imageoptions.obj
c:\src\osg2.6.1\openscenegraph\build\src\osgdb\osgdb.dir\release\fileutils.obj
c:\src\osg2.6.1\openscenegraph\build\src\osgdb\osgdb.dir\release\filenameutils.obj
c:\src\osg2.6.1\openscenegraph\build\src\osgdb\osgdb.dir\release\fieldreaderiterator.obj
c:\src\osg2.6.1\openscenegraph\build\src\osgdb\osgdb.dir\release\fieldreader.obj
c:\src\osg2.6.1\openscenegraph\build\src\osgdb\osgdb.dir\release\field.obj
c:\src\osg2.6.1\openscenegraph\build\src\osgdb\osgdb.dir\release\dynamiclibrary.obj
c:\src\osg2.6.1\openscenegraph\build\src\osgdb\osgdb.dir\release\dotosgwrapper.obj
c:\src\osg2.6.1\openscenegraph\build\src\osgdb\osgdb.dir\release\databasepager.obj
c:\src\osg2.6.1\openscenegraph\build\src\osgdb\osgdb.dir\release\authenticationmap.obj
c:\src\osg2.6.1\openscenegraph\build\src\osgdb\osgdb.dir\release\archive.obj
c:\src\osg2.6.1\openscenegraph\build\src\osgdb\osgdb.dir\release\writefile.obj
c:\src\osg2.6.1\openscenegraph\build\src\osgdb\cmakefiles\generate.stamp
c:\src\osg2.6.1\openscenegraph\build\bin\release\osgdb.dll
c:\src\osg2.6.1\openscenegraph\build\lib\release\osgdb.lib
c:\src\osg2.6.1\openscenegraph\build\lib\release\osgdb.exp
c:\src\osg2.6.1\openscenegraph\build\src\osgdb\osgdb.dir\release\osgdb.tlog\cl.command.1.tlog
c:\src\osg2.6.1\openscenegraph\build\src\osgdb\osgdb.dir\release\osgdb.tlog\cl.items.tlog
c:\src\osg2.6.1\openscenegraph\build\src\osgdb\osgdb.dir\release\osgdb.tlog\cl.read.1.tlog
c:\src\osg2.6.1\openscenegraph\build\src\osgdb\osgdb.dir\release\osgdb.tlog\cl.write.1.tlog
c:\src\osg2.6.1\openscenegraph\build\src\osgdb\osgdb.dir\release\osgdb.tlog\custombuild.command.1.tlog
c:\src\osg2.6.1\openscenegraph\build\src\osgdb\osgdb.dir\release\osgdb.tlog\custombuild.read.1.tlog
c:\src\osg2.6.1\openscenegraph\build\src\osgdb\osgdb.dir\release\osgdb.tlog\custombuild.write.1.tlog
c:\src\osg2.6.1\openscenegraph\build\src\osgdb\osgdb.dir\release\osgdb.tlog\link.command.1.tlog
c:\src\osg2.6.1\openscenegraph\build\src\osgdb\osgdb.dir\release\osgdb.tlog\link.read.1.tlog
c:\src\osg2.6.1\openscenegraph\build\src\osgdb\osgdb.dir\release\osgdb.tlog\link.secondary.1.tlog
c:\src\osg2.6.1\openscenegraph\build\src\osgdb\osgdb.dir\release\osgdb.tlog\link.write.1.tlog
