c:\src\osg2.6.1\openscenegraph\build\cmakefiles\generate.stamp
c:\src\osg2.6.1\openscenegraph\build\src\cmakefiles\generate.stamp
c:\src\osg2.6.1\openscenegraph\build\src\openthreads\cmakefiles\generate.stamp
c:\src\osg2.6.1\openscenegraph\build\src\openthreads\win32\cmakefiles\generate.stamp
c:\src\osg2.6.1\openscenegraph\build\src\osg\cmakefiles\generate.stamp
c:\src\osg2.6.1\openscenegraph\build\src\osgdb\cmakefiles\generate.stamp
c:\src\osg2.6.1\openscenegraph\build\src\osgutil\cmakefiles\generate.stamp
c:\src\osg2.6.1\openscenegraph\build\src\osgga\cmakefiles\generate.stamp
c:\src\osg2.6.1\openscenegraph\build\src\osgtext\cmakefiles\generate.stamp
c:\src\osg2.6.1\openscenegraph\build\src\osgmanipulator\cmakefiles\generate.stamp
c:\src\osg2.6.1\openscenegraph\build\src\osgsim\cmakefiles\generate.stamp
c:\src\osg2.6.1\openscenegraph\build\src\osgfx\cmakefiles\generate.stamp
c:\src\osg2.6.1\openscenegraph\build\src\osgparticle\cmakefiles\generate.stamp
c:\src\osg2.6.1\openscenegraph\build\src\osgshadow\cmakefiles\generate.stamp
c:\src\osg2.6.1\openscenegraph\build\src\osgterrain\cmakefiles\generate.stamp
c:\src\osg2.6.1\openscenegraph\build\src\osgviewer\cmakefiles\generate.stamp
c:\src\osg2.6.1\openscenegraph\build\src\osgwidget\cmakefiles\generate.stamp
c:\src\osg2.6.1\openscenegraph\build\src\osgplugins\cmakefiles\generate.stamp
c:\src\osg2.6.1\openscenegraph\build\src\osgplugins\osgfx\cmakefiles\generate.stamp
c:\src\osg2.6.1\openscenegraph\build\src\osgplugins\osgparticle\cmakefiles\generate.stamp
c:\src\osg2.6.1\openscenegraph\build\src\osgplugins\osgsim\cmakefiles\generate.stamp
c:\src\osg2.6.1\openscenegraph\build\src\osgplugins\osgtext\cmakefiles\generate.stamp
c:\src\osg2.6.1\openscenegraph\build\src\osgplugins\osgviewer\cmakefiles\generate.stamp
c:\src\osg2.6.1\openscenegraph\build\src\osgplugins\osgshadow\cmakefiles\generate.stamp
c:\src\osg2.6.1\openscenegraph\build\src\osgplugins\osgterrain\cmakefiles\generate.stamp
c:\src\osg2.6.1\openscenegraph\build\src\osgplugins\osga\cmakefiles\generate.stamp
c:\src\osg2.6.1\openscenegraph\build\src\osgplugins\rot\cmakefiles\generate.stamp
c:\src\osg2.6.1\openscenegraph\build\src\osgplugins\scale\cmakefiles\generate.stamp
c:\src\osg2.6.1\openscenegraph\build\src\osgplugins\trans\cmakefiles\generate.stamp
c:\src\osg2.6.1\openscenegraph\build\src\osgplugins\normals\cmakefiles\generate.stamp
c:\src\osg2.6.1\openscenegraph\build\src\osgplugins\osg\cmakefiles\generate.stamp
c:\src\osg2.6.1\openscenegraph\build\src\osgplugins\ive\cmakefiles\generate.stamp
c:\src\osg2.6.1\openscenegraph\build\src\osgplugins\cfg\cmakefiles\generate.stamp
c:\src\osg2.6.1\openscenegraph\build\src\osgplugins\glsl\cmakefiles\generate.stamp
c:\src\osg2.6.1\openscenegraph\build\src\osgplugins\rgb\cmakefiles\generate.stamp
c:\src\osg2.6.1\openscenegraph\build\src\osgplugins\bmp\cmakefiles\generate.stamp
c:\src\osg2.6.1\openscenegraph\build\src\osgplugins\pnm\cmakefiles\generate.stamp
c:\src\osg2.6.1\openscenegraph\build\src\osgplugins\dds\cmakefiles\generate.stamp
c:\src\osg2.6.1\openscenegraph\build\src\osgplugins\tga\cmakefiles\generate.stamp
c:\src\osg2.6.1\openscenegraph\build\src\osgplugins\hdr\cmakefiles\generate.stamp
c:\src\osg2.6.1\openscenegraph\build\src\osgplugins\3dc\cmakefiles\generate.stamp
c:\src\osg2.6.1\openscenegraph\build\src\osgplugins\lwo\cmakefiles\generate.stamp
c:\src\osg2.6.1\openscenegraph\build\src\osgplugins\x\cmakefiles\generate.stamp
c:\src\osg2.6.1\openscenegraph\build\src\osgplugins\dw\cmakefiles\generate.stamp
c:\src\osg2.6.1\openscenegraph\build\src\osgplugins\dxf\cmakefiles\generate.stamp
c:\src\osg2.6.1\openscenegraph\build\src\osgplugins\openflight\cmakefiles\generate.stamp
c:\src\osg2.6.1\openscenegraph\build\src\osgplugins\geo\cmakefiles\generate.stamp
c:\src\osg2.6.1\openscenegraph\build\src\osgplugins\obj\cmakefiles\generate.stamp
c:\src\osg2.6.1\openscenegraph\build\src\osgplugins\pic\cmakefiles\generate.stamp
c:\src\osg2.6.1\openscenegraph\build\src\osgplugins\stl\cmakefiles\generate.stamp
c:\src\osg2.6.1\openscenegraph\build\src\osgplugins\3ds\cmakefiles\generate.stamp
c:\src\osg2.6.1\openscenegraph\build\src\osgplugins\ac\cmakefiles\generate.stamp
c:\src\osg2.6.1\openscenegraph\build\src\osgplugins\logo\cmakefiles\generate.stamp
c:\src\osg2.6.1\openscenegraph\build\src\osgplugins\lws\cmakefiles\generate.stamp
c:\src\osg2.6.1\openscenegraph\build\src\osgplugins\md2\cmakefiles\generate.stamp
c:\src\osg2.6.1\openscenegraph\build\src\osgplugins\osgtgz\cmakefiles\generate.stamp
c:\src\osg2.6.1\openscenegraph\build\src\osgplugins\tgz\cmakefiles\generate.stamp
c:\src\osg2.6.1\openscenegraph\build\src\osgplugins\txp\cmakefiles\generate.stamp
c:\src\osg2.6.1\openscenegraph\build\src\osgplugins\shp\cmakefiles\generate.stamp
c:\src\osg2.6.1\openscenegraph\build\src\osgplugins\txf\cmakefiles\generate.stamp
c:\src\osg2.6.1\openscenegraph\build\src\osgplugins\osgwidget\cmakefiles\generate.stamp
c:\src\osg2.6.1\openscenegraph\build\applications\cmakefiles\generate.stamp
c:\src\osg2.6.1\openscenegraph\build\applications\osgviewer\cmakefiles\generate.stamp
c:\src\osg2.6.1\openscenegraph\build\applications\osgarchive\cmakefiles\generate.stamp
c:\src\osg2.6.1\openscenegraph\build\applications\osgconv\cmakefiles\generate.stamp
c:\src\osg2.6.1\openscenegraph\build\applications\osgversion\cmakefiles\generate.stamp
c:\src\osg2.6.1\openscenegraph\build\applications\osgfilecache\cmakefiles\generate.stamp
c:\src\osg2.6.1\openscenegraph\build\x64\release\zero_check\zero_check.tlog\custombuild.command.1.tlog
c:\src\osg2.6.1\openscenegraph\build\x64\release\zero_check\zero_check.tlog\custombuild.read.1.tlog
c:\src\osg2.6.1\openscenegraph\build\x64\release\zero_check\zero_check.tlog\custombuild.write.1.tlog
