c:\src\osg2.6.1\openscenegraph\build\src\osgwidget\osgwidget.dir\release\windowmanager.obj
c:\src\osg2.6.1\openscenegraph\build\src\osgwidget\osgwidget.dir\release\window.obj
c:\src\osg2.6.1\openscenegraph\build\src\osgwidget\osgwidget.dir\release\widget.obj
c:\src\osg2.6.1\openscenegraph\build\src\osgwidget\osgwidget.dir\release\viewereventhandlers.obj
c:\src\osg2.6.1\openscenegraph\build\src\osgwidget\osgwidget.dir\release\version.obj
c:\src\osg2.6.1\openscenegraph\build\src\osgwidget\osgwidget.dir\release\util.obj
c:\src\osg2.6.1\openscenegraph\build\src\osgwidget\osgwidget.dir\release\table.obj
c:\src\osg2.6.1\openscenegraph\build\src\osgwidget\osgwidget.dir\release\stylemanager.obj
c:\src\osg2.6.1\openscenegraph\build\src\osgwidget\osgwidget.dir\release\python.obj
c:\src\osg2.6.1\openscenegraph\build\src\osgwidget\osgwidget.dir\release\lua.obj
c:\src\osg2.6.1\openscenegraph\build\src\osgwidget\osgwidget.dir\release\label.obj
c:\src\osg2.6.1\openscenegraph\build\src\osgwidget\osgwidget.dir\release\input.obj
c:\src\osg2.6.1\openscenegraph\build\src\osgwidget\osgwidget.dir\release\frame.obj
c:\src\osg2.6.1\openscenegraph\build\src\osgwidget\osgwidget.dir\release\canvas.obj
c:\src\osg2.6.1\openscenegraph\build\src\osgwidget\osgwidget.dir\release\box.obj
c:\src\osg2.6.1\openscenegraph\build\src\osgwidget\cmakefiles\generate.stamp
c:\src\osg2.6.1\openscenegraph\build\bin\release\osgwidget.dll
c:\src\osg2.6.1\openscenegraph\build\lib\release\osgwidget.lib
c:\src\osg2.6.1\openscenegraph\build\lib\release\osgwidget.exp
c:\src\osg2.6.1\openscenegraph\build\src\osgwidget\osgwidget.dir\release\osgwidget.tlog\cl.command.1.tlog
c:\src\osg2.6.1\openscenegraph\build\src\osgwidget\osgwidget.dir\release\osgwidget.tlog\cl.items.tlog
c:\src\osg2.6.1\openscenegraph\build\src\osgwidget\osgwidget.dir\release\osgwidget.tlog\cl.read.1.tlog
c:\src\osg2.6.1\openscenegraph\build\src\osgwidget\osgwidget.dir\release\osgwidget.tlog\cl.write.1.tlog
c:\src\osg2.6.1\openscenegraph\build\src\osgwidget\osgwidget.dir\release\osgwidget.tlog\custombuild.command.1.tlog
c:\src\osg2.6.1\openscenegraph\build\src\osgwidget\osgwidget.dir\release\osgwidget.tlog\custombuild.read.1.tlog
c:\src\osg2.6.1\openscenegraph\build\src\osgwidget\osgwidget.dir\release\osgwidget.tlog\custombuild.write.1.tlog
c:\src\osg2.6.1\openscenegraph\build\src\osgwidget\osgwidget.dir\release\osgwidget.tlog\link.command.1.tlog
c:\src\osg2.6.1\openscenegraph\build\src\osgwidget\osgwidget.dir\release\osgwidget.tlog\link.read.1.tlog
c:\src\osg2.6.1\openscenegraph\build\src\osgwidget\osgwidget.dir\release\osgwidget.tlog\link.secondary.1.tlog
c:\src\osg2.6.1\openscenegraph\build\src\osgwidget\osgwidget.dir\release\osgwidget.tlog\link.write.1.tlog
