  Building Custom Rule C:/src/osg2.6.1/OpenSceneGraph/src/osgPlugins/shp/CMakeLists.txt
  ESRIShape.cpp
C:\src\osg2.6.1\OpenSceneGraph\src\osgPlugins\shp\ESRIShape.cpp(259,13): warning C4458: declaration of 'shapeType' hides class member
      C:\src\osg2.6.1\OpenSceneGraph\src\osgPlugins\shp\ESRIShape.h(121,15):
      see declaration of 'ESRIShape::ShapeObject::shapeType'
  
C:\src\osg2.6.1\OpenSceneGraph\src\osgPlugins\shp\ESRIShape.cpp(327,13): warning C4458: declaration of 'shapeType' hides class member
      C:\src\osg2.6.1\OpenSceneGraph\src\osgPlugins\shp\ESRIShape.h(121,15):
      see declaration of 'ESRIShape::ShapeObject::shapeType'
  
C:\src\osg2.6.1\OpenSceneGraph\src\osgPlugins\shp\ESRIShape.cpp(399,13): warning C4458: declaration of 'shapeType' hides class member
      C:\src\osg2.6.1\OpenSceneGraph\src\osgPlugins\shp\ESRIShape.h(121,15):
      see declaration of 'ESRIShape::ShapeObject::shapeType'
  
C:\src\osg2.6.1\OpenSceneGraph\src\osgPlugins\shp\ESRIShape.cpp(517,13): warning C4458: declaration of 'shapeType' hides class member
      C:\src\osg2.6.1\OpenSceneGraph\src\osgPlugins\shp\ESRIShape.h(121,15):
      see declaration of 'ESRIShape::ShapeObject::shapeType'
  
C:\src\osg2.6.1\OpenSceneGraph\src\osgPlugins\shp\ESRIShape.cpp(610,13): warning C4458: declaration of 'shapeType' hides class member
      C:\src\osg2.6.1\OpenSceneGraph\src\osgPlugins\shp\ESRIShape.h(121,15):
      see declaration of 'ESRIShape::ShapeObject::shapeType'
  
C:\src\osg2.6.1\OpenSceneGraph\src\osgPlugins\shp\ESRIShape.cpp(708,13): warning C4458: declaration of 'shapeType' hides class member
      C:\src\osg2.6.1\OpenSceneGraph\src\osgPlugins\shp\ESRIShape.h(121,15):
      see declaration of 'ESRIShape::ShapeObject::shapeType'
  
C:\src\osg2.6.1\OpenSceneGraph\src\osgPlugins\shp\ESRIShape.cpp(784,13): warning C4458: declaration of 'shapeType' hides class member
      C:\src\osg2.6.1\OpenSceneGraph\src\osgPlugins\shp\ESRIShape.h(121,15):
      see declaration of 'ESRIShape::ShapeObject::shapeType'
  
C:\src\osg2.6.1\OpenSceneGraph\src\osgPlugins\shp\ESRIShape.cpp(856,13): warning C4458: declaration of 'shapeType' hides class member
      C:\src\osg2.6.1\OpenSceneGraph\src\osgPlugins\shp\ESRIShape.h(121,15):
      see declaration of 'ESRIShape::ShapeObject::shapeType'
  
C:\src\osg2.6.1\OpenSceneGraph\src\osgPlugins\shp\ESRIShape.cpp(973,13): warning C4458: declaration of 'shapeType' hides class member
      C:\src\osg2.6.1\OpenSceneGraph\src\osgPlugins\shp\ESRIShape.h(121,15):
      see declaration of 'ESRIShape::ShapeObject::shapeType'
  
C:\src\osg2.6.1\OpenSceneGraph\src\osgPlugins\shp\ESRIShape.cpp(1086,13): warning C4458: declaration of 'shapeType' hides class member
      C:\src\osg2.6.1\OpenSceneGraph\src\osgPlugins\shp\ESRIShape.h(121,15):
      see declaration of 'ESRIShape::ShapeObject::shapeType'
  
C:\src\osg2.6.1\OpenSceneGraph\src\osgPlugins\shp\ESRIShape.cpp(18,21): warning C4127: conditional expression is constant
      C:\src\osg2.6.1\OpenSceneGraph\src\osgPlugins\shp\ESRIShape.cpp(18,21):
      the template instantiation context (the oldest one first) is
          C:\src\osg2.6.1\OpenSceneGraph\src\osgPlugins\shp\ESRIShape.cpp(73,9):
          see reference to function template instantiation 'bool readVal<ESRIShape::Double>(int,T &,ESRIShape::ByteOrder)' being compiled
          with
          [
              T=ESRIShape::Double
          ]
          C:\src\osg2.6.1\OpenSceneGraph\src\osgPlugins\shp\ESRIShape.cpp(46,9):
          see reference to function template instantiation 'void swapBytes<T>(T &)' being compiled
          with
          [
              T=ESRIShape::Double
          ]
  
  ESRIShapeParser.cpp
C:\src\osg2.6.1\OpenSceneGraph\include\osg\Image(301,42): warning C4100: 'nv': unreferenced parameter
  (compiling source file '../../../../src/osgPlugins/shp/ESRIShapeParser.cpp')
  
C:\src\osg2.6.1\OpenSceneGraph\include\osg\OperationThread(55,28): warning C4589: Constructor of abstract class 'osg::Operation' ignores initializer for virtual base class 'osg::Referenced'
  (compiling source file '../../../../src/osgPlugins/shp/ESRIShapeParser.cpp')
      C:\src\osg2.6.1\OpenSceneGraph\include\osg\OperationThread(55,28):
      virtual base classes are only initialized by the most-derived type
  
C:\src\osg2.6.1\OpenSceneGraph\include\osg\OperationThread(81,23): warning C4589: Constructor of abstract class 'osg::Operation' ignores initializer for virtual base class 'osg::Referenced'
  (compiling source file '../../../../src/osgPlugins/shp/ESRIShapeParser.cpp')
      C:\src\osg2.6.1\OpenSceneGraph\include\osg\OperationThread(81,23):
      virtual base classes are only initialized by the most-derived type
  
C:\src\osg2.6.1\OpenSceneGraph\include\osg\OperationThread(85,23): warning C4589: Constructor of abstract class 'osg::Operation' ignores initializer for virtual base class 'osg::Referenced'
  (compiling source file '../../../../src/osgPlugins/shp/ESRIShapeParser.cpp')
      C:\src\osg2.6.1\OpenSceneGraph\include\osg\OperationThread(85,23):
      virtual base classes are only initialized by the most-derived type
  
  ESRIShapeReaderWriter.cpp
C:\src\osg2.6.1\OpenSceneGraph\include\osg\Image(301,42): warning C4100: 'nv': unreferenced parameter
  (compiling source file '../../../../src/osgPlugins/shp/ESRIShapeReaderWriter.cpp')
  
C:\src\osg2.6.1\OpenSceneGraph\include\osg\OperationThread(55,28): warning C4589: Constructor of abstract class 'osg::Operation' ignores initializer for virtual base class 'osg::Referenced'
  (compiling source file '../../../../src/osgPlugins/shp/ESRIShapeReaderWriter.cpp')
      C:\src\osg2.6.1\OpenSceneGraph\include\osg\OperationThread(55,28):
      virtual base classes are only initialized by the most-derived type
  
C:\src\osg2.6.1\OpenSceneGraph\include\osg\OperationThread(81,23): warning C4589: Constructor of abstract class 'osg::Operation' ignores initializer for virtual base class 'osg::Referenced'
  (compiling source file '../../../../src/osgPlugins/shp/ESRIShapeReaderWriter.cpp')
      C:\src\osg2.6.1\OpenSceneGraph\include\osg\OperationThread(81,23):
      virtual base classes are only initialized by the most-derived type
  
C:\src\osg2.6.1\OpenSceneGraph\include\osg\OperationThread(85,23): warning C4589: Constructor of abstract class 'osg::Operation' ignores initializer for virtual base class 'osg::Referenced'
  (compiling source file '../../../../src/osgPlugins/shp/ESRIShapeReaderWriter.cpp')
      C:\src\osg2.6.1\OpenSceneGraph\include\osg\OperationThread(85,23):
      virtual base classes are only initialized by the most-derived type
  
  XBaseParser.cpp
  Generating Code...
  osgdb_shp.vcxproj -> C:\src\osg2.6.1\OpenSceneGraph\build\lib\Release\osgdb_shp.dll
