c:\src\osg2.6.1\openscenegraph\build\src\osgplugins\osgfx\osgdb_osgfx.dir\release\io_specularhighlights.obj
c:\src\osg2.6.1\openscenegraph\build\src\osgplugins\osgfx\osgdb_osgfx.dir\release\io_scribe.obj
c:\src\osg2.6.1\openscenegraph\build\src\osgplugins\osgfx\osgdb_osgfx.dir\release\io_multitexturecontrol.obj
c:\src\osg2.6.1\openscenegraph\build\src\osgplugins\osgfx\osgdb_osgfx.dir\release\io_effect.obj
c:\src\osg2.6.1\openscenegraph\build\src\osgplugins\osgfx\osgdb_osgfx.dir\release\io_cartoon.obj
c:\src\osg2.6.1\openscenegraph\build\src\osgplugins\osgfx\osgdb_osgfx.dir\release\io_bumpmapping.obj
c:\src\osg2.6.1\openscenegraph\build\src\osgplugins\osgfx\osgdb_osgfx.dir\release\io_anisotropiclighting.obj
c:\src\osg2.6.1\openscenegraph\build\src\osgplugins\osgfx\cmakefiles\generate.stamp
c:\src\osg2.6.1\openscenegraph\build\lib\release\osgdb_osgfx.dll
c:\src\osg2.6.1\openscenegraph\build\src\osgplugins\osgfx\osgdb_osgfx.dir\release\plugins osgfx.tlog\cl.command.1.tlog
c:\src\osg2.6.1\openscenegraph\build\src\osgplugins\osgfx\osgdb_osgfx.dir\release\plugins osgfx.tlog\cl.items.tlog
c:\src\osg2.6.1\openscenegraph\build\src\osgplugins\osgfx\osgdb_osgfx.dir\release\plugins osgfx.tlog\cl.read.1.tlog
c:\src\osg2.6.1\openscenegraph\build\src\osgplugins\osgfx\osgdb_osgfx.dir\release\plugins osgfx.tlog\cl.write.1.tlog
c:\src\osg2.6.1\openscenegraph\build\src\osgplugins\osgfx\osgdb_osgfx.dir\release\plugins osgfx.tlog\custombuild.command.1.tlog
c:\src\osg2.6.1\openscenegraph\build\src\osgplugins\osgfx\osgdb_osgfx.dir\release\plugins osgfx.tlog\custombuild.read.1.tlog
c:\src\osg2.6.1\openscenegraph\build\src\osgplugins\osgfx\osgdb_osgfx.dir\release\plugins osgfx.tlog\custombuild.write.1.tlog
c:\src\osg2.6.1\openscenegraph\build\src\osgplugins\osgfx\osgdb_osgfx.dir\release\plugins osgfx.tlog\link.command.1.tlog
c:\src\osg2.6.1\openscenegraph\build\src\osgplugins\osgfx\osgdb_osgfx.dir\release\plugins osgfx.tlog\link.read.1.tlog
c:\src\osg2.6.1\openscenegraph\build\src\osgplugins\osgfx\osgdb_osgfx.dir\release\plugins osgfx.tlog\link.secondary.1.tlog
c:\src\osg2.6.1\openscenegraph\build\src\osgplugins\osgfx\osgdb_osgfx.dir\release\plugins osgfx.tlog\link.write.1.tlog
