c:\src\osg2.6.1\openscenegraph\build\src\osgfx\osgfx.dir\release\version.obj
c:\src\osg2.6.1\openscenegraph\build\src\osgfx\osgfx.dir\release\validator.obj
c:\src\osg2.6.1\openscenegraph\build\src\osgfx\osgfx.dir\release\technique.obj
c:\src\osg2.6.1\openscenegraph\build\src\osgfx\osgfx.dir\release\specularhighlights.obj
c:\src\osg2.6.1\openscenegraph\build\src\osgfx\osgfx.dir\release\scribe.obj
c:\src\osg2.6.1\openscenegraph\build\src\osgfx\osgfx.dir\release\registry.obj
c:\src\osg2.6.1\openscenegraph\build\src\osgfx\osgfx.dir\release\multitexturecontrol.obj
c:\src\osg2.6.1\openscenegraph\build\src\osgfx\osgfx.dir\release\effect.obj
c:\src\osg2.6.1\openscenegraph\build\src\osgfx\osgfx.dir\release\cartoon.obj
c:\src\osg2.6.1\openscenegraph\build\src\osgfx\osgfx.dir\release\bumpmapping.obj
c:\src\osg2.6.1\openscenegraph\build\src\osgfx\osgfx.dir\release\anisotropiclighting.obj
c:\src\osg2.6.1\openscenegraph\build\src\osgfx\cmakefiles\generate.stamp
c:\src\osg2.6.1\openscenegraph\build\bin\release\osgfx.dll
c:\src\osg2.6.1\openscenegraph\build\lib\release\osgfx.lib
c:\src\osg2.6.1\openscenegraph\build\lib\release\osgfx.exp
c:\src\osg2.6.1\openscenegraph\build\src\osgfx\osgfx.dir\release\osgfx.tlog\cl.command.1.tlog
c:\src\osg2.6.1\openscenegraph\build\src\osgfx\osgfx.dir\release\osgfx.tlog\cl.items.tlog
c:\src\osg2.6.1\openscenegraph\build\src\osgfx\osgfx.dir\release\osgfx.tlog\cl.read.1.tlog
c:\src\osg2.6.1\openscenegraph\build\src\osgfx\osgfx.dir\release\osgfx.tlog\cl.write.1.tlog
c:\src\osg2.6.1\openscenegraph\build\src\osgfx\osgfx.dir\release\osgfx.tlog\custombuild.command.1.tlog
c:\src\osg2.6.1\openscenegraph\build\src\osgfx\osgfx.dir\release\osgfx.tlog\custombuild.read.1.tlog
c:\src\osg2.6.1\openscenegraph\build\src\osgfx\osgfx.dir\release\osgfx.tlog\custombuild.write.1.tlog
c:\src\osg2.6.1\openscenegraph\build\src\osgfx\osgfx.dir\release\osgfx.tlog\link.command.1.tlog
c:\src\osg2.6.1\openscenegraph\build\src\osgfx\osgfx.dir\release\osgfx.tlog\link.read.1.tlog
c:\src\osg2.6.1\openscenegraph\build\src\osgfx\osgfx.dir\release\osgfx.tlog\link.secondary.1.tlog
c:\src\osg2.6.1\openscenegraph\build\src\osgfx\osgfx.dir\release\osgfx.tlog\link.write.1.tlog
