c:\src\osg2.6.1\openscenegraph\build\src\osgtext\osgtext.dir\release\version.obj
c:\src\osg2.6.1\openscenegraph\build\src\osgtext\osgtext.dir\release\text3d.obj
c:\src\osg2.6.1\openscenegraph\build\src\osgtext\osgtext.dir\release\text.obj
c:\src\osg2.6.1\openscenegraph\build\src\osgtext\osgtext.dir\release\textbase.obj
c:\src\osg2.6.1\openscenegraph\build\src\osgtext\osgtext.dir\release\fadetext.obj
c:\src\osg2.6.1\openscenegraph\build\src\osgtext\osgtext.dir\release\string.obj
c:\src\osg2.6.1\openscenegraph\build\src\osgtext\osgtext.dir\release\font3d.obj
c:\src\osg2.6.1\openscenegraph\build\src\osgtext\osgtext.dir\release\font.obj
c:\src\osg2.6.1\openscenegraph\build\src\osgtext\osgtext.dir\release\defaultfont.obj
c:\src\osg2.6.1\openscenegraph\build\src\osgtext\cmakefiles\generate.stamp
c:\src\osg2.6.1\openscenegraph\build\bin\release\osgtext.dll
c:\src\osg2.6.1\openscenegraph\build\lib\release\osgtext.lib
c:\src\osg2.6.1\openscenegraph\build\lib\release\osgtext.exp
c:\src\osg2.6.1\openscenegraph\build\src\osgtext\osgtext.dir\release\osgtext.tlog\cl.command.1.tlog
c:\src\osg2.6.1\openscenegraph\build\src\osgtext\osgtext.dir\release\osgtext.tlog\cl.items.tlog
c:\src\osg2.6.1\openscenegraph\build\src\osgtext\osgtext.dir\release\osgtext.tlog\cl.read.1.tlog
c:\src\osg2.6.1\openscenegraph\build\src\osgtext\osgtext.dir\release\osgtext.tlog\cl.write.1.tlog
c:\src\osg2.6.1\openscenegraph\build\src\osgtext\osgtext.dir\release\osgtext.tlog\custombuild.command.1.tlog
c:\src\osg2.6.1\openscenegraph\build\src\osgtext\osgtext.dir\release\osgtext.tlog\custombuild.read.1.tlog
c:\src\osg2.6.1\openscenegraph\build\src\osgtext\osgtext.dir\release\osgtext.tlog\custombuild.write.1.tlog
c:\src\osg2.6.1\openscenegraph\build\src\osgtext\osgtext.dir\release\osgtext.tlog\link.command.1.tlog
c:\src\osg2.6.1\openscenegraph\build\src\osgtext\osgtext.dir\release\osgtext.tlog\link.read.1.tlog
c:\src\osg2.6.1\openscenegraph\build\src\osgtext\osgtext.dir\release\osgtext.tlog\link.secondary.1.tlog
c:\src\osg2.6.1\openscenegraph\build\src\osgtext\osgtext.dir\release\osgtext.tlog\link.write.1.tlog
