c:\src\osg2.6.1\openscenegraph\build\src\openthreads\win32\openthreads.dir\release\win32threadbarrier.obj
c:\src\osg2.6.1\openscenegraph\build\src\openthreads\win32\openthreads.dir\release\win32thread.obj
c:\src\osg2.6.1\openscenegraph\build\src\openthreads\win32\openthreads.dir\release\win32mutex.obj
c:\src\osg2.6.1\openscenegraph\build\src\openthreads\win32\openthreads.dir\release\win32condition.obj
c:\src\osg2.6.1\openscenegraph\build\src\openthreads\win32\openthreads.dir\release\version.obj
c:\src\osg2.6.1\openscenegraph\build\src\openthreads\win32\openthreads.dir\release\atomic.obj
c:\src\osg2.6.1\openscenegraph\build\src\openthreads\win32\cmakefiles\generate.stamp
c:\src\osg2.6.1\openscenegraph\build\bin\release\openthreads.dll
c:\src\osg2.6.1\openscenegraph\build\lib\release\openthreads.lib
c:\src\osg2.6.1\openscenegraph\build\lib\release\openthreads.exp
c:\src\osg2.6.1\openscenegraph\build\src\openthreads\win32\openthreads.dir\release\openthreads.tlog\cl.command.1.tlog
c:\src\osg2.6.1\openscenegraph\build\src\openthreads\win32\openthreads.dir\release\openthreads.tlog\cl.items.tlog
c:\src\osg2.6.1\openscenegraph\build\src\openthreads\win32\openthreads.dir\release\openthreads.tlog\cl.read.1.tlog
c:\src\osg2.6.1\openscenegraph\build\src\openthreads\win32\openthreads.dir\release\openthreads.tlog\cl.write.1.tlog
c:\src\osg2.6.1\openscenegraph\build\src\openthreads\win32\openthreads.dir\release\openthreads.tlog\custombuild.command.1.tlog
c:\src\osg2.6.1\openscenegraph\build\src\openthreads\win32\openthreads.dir\release\openthreads.tlog\custombuild.read.1.tlog
c:\src\osg2.6.1\openscenegraph\build\src\openthreads\win32\openthreads.dir\release\openthreads.tlog\custombuild.write.1.tlog
c:\src\osg2.6.1\openscenegraph\build\src\openthreads\win32\openthreads.dir\release\openthreads.tlog\link.command.1.tlog
c:\src\osg2.6.1\openscenegraph\build\src\openthreads\win32\openthreads.dir\release\openthreads.tlog\link.read.1.tlog
c:\src\osg2.6.1\openscenegraph\build\src\openthreads\win32\openthreads.dir\release\openthreads.tlog\link.secondary.1.tlog
c:\src\osg2.6.1\openscenegraph\build\src\openthreads\win32\openthreads.dir\release\openthreads.tlog\link.write.1.tlog
