  Building Custom Rule C:/src/osg2.6.1/OpenSceneGraph/src/osgPlugins/x/CMakeLists.txt
  ReaderWriterDirectX.cpp
C:\src\osg2.6.1\OpenSceneGraph\src\osgPlugins\x\types.h(41,20): warning C5208: unnamed class used in typedef name cannot declare members other than non-static data members, member enumerations, or member classes
  (compiling source file '../../../../src/osgPlugins/x/ReaderWriterDirectX.cpp')
  
C:\src\osg2.6.1\OpenSceneGraph\include\osg\Image(301,42): warning C4100: 'nv': unreferenced parameter
  (compiling source file '../../../../src/osgPlugins/x/ReaderWriterDirectX.cpp')
  
C:\src\osg2.6.1\OpenSceneGraph\include\osg\OperationThread(55,28): warning C4589: Constructor of abstract class 'osg::Operation' ignores initializer for virtual base class 'osg::Referenced'
  (compiling source file '../../../../src/osgPlugins/x/ReaderWriterDirectX.cpp')
      C:\src\osg2.6.1\OpenSceneGraph\include\osg\OperationThread(55,28):
      virtual base classes are only initialized by the most-derived type
  
C:\src\osg2.6.1\OpenSceneGraph\include\osg\OperationThread(81,23): warning C4589: Constructor of abstract class 'osg::Operation' ignores initializer for virtual base class 'osg::Referenced'
  (compiling source file '../../../../src/osgPlugins/x/ReaderWriterDirectX.cpp')
      C:\src\osg2.6.1\OpenSceneGraph\include\osg\OperationThread(81,23):
      virtual base classes are only initialized by the most-derived type
  
C:\src\osg2.6.1\OpenSceneGraph\include\osg\OperationThread(85,23): warning C4589: Constructor of abstract class 'osg::Operation' ignores initializer for virtual base class 'osg::Referenced'
  (compiling source file '../../../../src/osgPlugins/x/ReaderWriterDirectX.cpp')
      C:\src\osg2.6.1\OpenSceneGraph\include\osg\OperationThread(85,23):
      virtual base classes are only initialized by the most-derived type
  
  directx.cpp
C:\src\osg2.6.1\OpenSceneGraph\src\osgPlugins\x\types.h(41,20): warning C5208: unnamed class used in typedef name cannot declare members other than non-static data members, member enumerations, or member classes
  (compiling source file '../../../../src/osgPlugins/x/directx.cpp')
  
  mesh.cpp
C:\src\osg2.6.1\OpenSceneGraph\src\osgPlugins\x\types.h(41,20): warning C5208: unnamed class used in typedef name cannot declare members other than non-static data members, member enumerations, or member classes
  (compiling source file '../../../../src/osgPlugins/x/mesh.cpp')
  
C:\src\osg2.6.1\OpenSceneGraph\src\osgPlugins\x\mesh.cpp(138,27): warning C4456: declaration of 'fi' hides previous local declaration
      C:\src\osg2.6.1\OpenSceneGraph\src\osgPlugins\x\mesh.cpp(89,18):
      see declaration of 'fi'
  
  types.cpp
C:\src\osg2.6.1\OpenSceneGraph\src\osgPlugins\x\types.h(41,20): warning C5208: unnamed class used in typedef name cannot declare members other than non-static data members, member enumerations, or member classes
  (compiling source file '../../../../src/osgPlugins/x/types.cpp')
  
C:\src\osg2.6.1\OpenSceneGraph\src\osgPlugins\x\types.cpp(75,25): warning C4267: 'initializing': conversion from 'size_t' to 'int', possible loss of data
  Generating Code...
  osgdb_x.vcxproj -> C:\src\osg2.6.1\OpenSceneGraph\build\lib\Release\osgdb_x.dll
