c:\src\osg2.6.1\openscenegraph\build\src\osgplugins\3ds\osgdb_3ds.dir\release\viewport.obj
c:\src\osg2.6.1\openscenegraph\build\src\osgplugins\3ds\osgdb_3ds.dir\release\vector.obj
c:\src\osg2.6.1\openscenegraph\build\src\osgplugins\3ds\osgdb_3ds.dir\release\tracks.obj
c:\src\osg2.6.1\openscenegraph\build\src\osgplugins\3ds\osgdb_3ds.dir\release\tcb.obj
c:\src\osg2.6.1\openscenegraph\build\src\osgplugins\3ds\osgdb_3ds.dir\release\shadow.obj
c:\src\osg2.6.1\openscenegraph\build\src\osgplugins\3ds\osgdb_3ds.dir\release\readwrite.obj
c:\src\osg2.6.1\openscenegraph\build\src\osgplugins\3ds\osgdb_3ds.dir\release\quat.obj
c:\src\osg2.6.1\openscenegraph\build\src\osgplugins\3ds\osgdb_3ds.dir\release\node.obj
c:\src\osg2.6.1\openscenegraph\build\src\osgplugins\3ds\osgdb_3ds.dir\release\mesh.obj
c:\src\osg2.6.1\openscenegraph\build\src\osgplugins\3ds\osgdb_3ds.dir\release\matrix.obj
c:\src\osg2.6.1\openscenegraph\build\src\osgplugins\3ds\osgdb_3ds.dir\release\material.obj
c:\src\osg2.6.1\openscenegraph\build\src\osgplugins\3ds\osgdb_3ds.dir\release\light.obj
c:\src\osg2.6.1\openscenegraph\build\src\osgplugins\3ds\osgdb_3ds.dir\release\lib3ds_float.obj
c:\src\osg2.6.1\openscenegraph\build\src\osgplugins\3ds\osgdb_3ds.dir\release\file.obj
c:\src\osg2.6.1\openscenegraph\build\src\osgplugins\3ds\osgdb_3ds.dir\release\ease.obj
c:\src\osg2.6.1\openscenegraph\build\src\osgplugins\3ds\osgdb_3ds.dir\release\chunk.obj
c:\src\osg2.6.1\openscenegraph\build\src\osgplugins\3ds\osgdb_3ds.dir\release\camera.obj
c:\src\osg2.6.1\openscenegraph\build\src\osgplugins\3ds\osgdb_3ds.dir\release\background.obj
c:\src\osg2.6.1\openscenegraph\build\src\osgplugins\3ds\osgdb_3ds.dir\release\atmosphere.obj
c:\src\osg2.6.1\openscenegraph\build\src\osgplugins\3ds\osgdb_3ds.dir\release\readerwriter3ds.obj
c:\src\osg2.6.1\openscenegraph\build\src\osgplugins\3ds\cmakefiles\generate.stamp
c:\src\osg2.6.1\openscenegraph\build\lib\release\osgdb_3ds.dll
c:\src\osg2.6.1\openscenegraph\build\src\osgplugins\3ds\osgdb_3ds.dir\release\plugins 3ds.tlog\cl.command.1.tlog
c:\src\osg2.6.1\openscenegraph\build\src\osgplugins\3ds\osgdb_3ds.dir\release\plugins 3ds.tlog\cl.items.tlog
c:\src\osg2.6.1\openscenegraph\build\src\osgplugins\3ds\osgdb_3ds.dir\release\plugins 3ds.tlog\cl.read.1.tlog
c:\src\osg2.6.1\openscenegraph\build\src\osgplugins\3ds\osgdb_3ds.dir\release\plugins 3ds.tlog\cl.write.1.tlog
c:\src\osg2.6.1\openscenegraph\build\src\osgplugins\3ds\osgdb_3ds.dir\release\plugins 3ds.tlog\custombuild.command.1.tlog
c:\src\osg2.6.1\openscenegraph\build\src\osgplugins\3ds\osgdb_3ds.dir\release\plugins 3ds.tlog\custombuild.read.1.tlog
c:\src\osg2.6.1\openscenegraph\build\src\osgplugins\3ds\osgdb_3ds.dir\release\plugins 3ds.tlog\custombuild.write.1.tlog
c:\src\osg2.6.1\openscenegraph\build\src\osgplugins\3ds\osgdb_3ds.dir\release\plugins 3ds.tlog\link.command.1.tlog
c:\src\osg2.6.1\openscenegraph\build\src\osgplugins\3ds\osgdb_3ds.dir\release\plugins 3ds.tlog\link.read.1.tlog
c:\src\osg2.6.1\openscenegraph\build\src\osgplugins\3ds\osgdb_3ds.dir\release\plugins 3ds.tlog\link.secondary.1.tlog
c:\src\osg2.6.1\openscenegraph\build\src\osgplugins\3ds\osgdb_3ds.dir\release\plugins 3ds.tlog\link.write.1.tlog
