  Building Custom Rule C:/src/osg2.6.1/OpenSceneGraph/src/osgPlugins/3ds/CMakeLists.txt
  ReaderWriter3DS.cpp
C:\src\osg2.6.1\OpenSceneGraph\include\osg\Image(301,42): warning C4100: 'nv': unreferenced parameter
  (compiling source file '../../../../src/osgPlugins/3ds/ReaderWriter3DS.cpp')
  
C:\src\osg2.6.1\OpenSceneGraph\include\osg\OperationThread(55,28): warning C4589: Constructor of abstract class 'osg::Operation' ignores initializer for virtual base class 'osg::Referenced'
  (compiling source file '../../../../src/osgPlugins/3ds/ReaderWriter3DS.cpp')
      C:\src\osg2.6.1\OpenSceneGraph\include\osg\OperationThread(55,28):
      virtual base classes are only initialized by the most-derived type
  
C:\src\osg2.6.1\OpenSceneGraph\include\osg\OperationThread(81,23): warning C4589: Constructor of abstract class 'osg::Operation' ignores initializer for virtual base class 'osg::Referenced'
  (compiling source file '../../../../src/osgPlugins/3ds/ReaderWriter3DS.cpp')
      C:\src\osg2.6.1\OpenSceneGraph\include\osg\OperationThread(81,23):
      virtual base classes are only initialized by the most-derived type
  
C:\src\osg2.6.1\OpenSceneGraph\include\osg\OperationThread(85,23): warning C4589: Constructor of abstract class 'osg::Operation' ignores initializer for virtual base class 'osg::Referenced'
  (compiling source file '../../../../src/osgPlugins/3ds/ReaderWriter3DS.cpp')
      C:\src\osg2.6.1\OpenSceneGraph\include\osg\OperationThread(85,23):
      virtual base classes are only initialized by the most-derived type
  
  atmosphere.cpp
C:\src\osg2.6.1\OpenSceneGraph\src\osgPlugins\3ds\atmosphere.cpp(217,19): warning C4456: declaration of 'c' hides previous local declaration
      C:\src\osg2.6.1\OpenSceneGraph\src\osgPlugins\3ds\atmosphere.cpp(207,17):
      see declaration of 'c'
  
C:\src\osg2.6.1\OpenSceneGraph\src\osgPlugins\3ds\atmosphere.cpp(224,19): warning C4456: declaration of 'c' hides previous local declaration
      C:\src\osg2.6.1\OpenSceneGraph\src\osgPlugins\3ds\atmosphere.cpp(207,17):
      see declaration of 'c'
  
C:\src\osg2.6.1\OpenSceneGraph\src\osgPlugins\3ds\atmosphere.cpp(244,19): warning C4456: declaration of 'c' hides previous local declaration
      C:\src\osg2.6.1\OpenSceneGraph\src\osgPlugins\3ds\atmosphere.cpp(235,17):
      see declaration of 'c'
  
C:\src\osg2.6.1\OpenSceneGraph\src\osgPlugins\3ds\atmosphere.cpp(263,19): warning C4456: declaration of 'c' hides previous local declaration
      C:\src\osg2.6.1\OpenSceneGraph\src\osgPlugins\3ds\atmosphere.cpp(253,17):
      see declaration of 'c'
  
  background.cpp
C:\src\osg2.6.1\OpenSceneGraph\src\osgPlugins\3ds\background.cpp(207,15): warning C4267: '=': conversion from 'size_t' to 'Lib3dsDword', possible loss of data
  camera.cpp
C:\src\osg2.6.1\OpenSceneGraph\src\osgPlugins\3ds\camera.cpp(176,17): warning C4456: declaration of 'c' hides previous local declaration
      C:\src\osg2.6.1\OpenSceneGraph\src\osgPlugins\3ds\camera.cpp(158,15):
      see declaration of 'c'
  
C:\src\osg2.6.1\OpenSceneGraph\src\osgPlugins\3ds\camera.cpp(182,17): warning C4456: declaration of 'c' hides previous local declaration
      C:\src\osg2.6.1\OpenSceneGraph\src\osgPlugins\3ds\camera.cpp(158,15):
      see declaration of 'c'
  
  chunk.cpp
  ease.cpp
  file.cpp
C:\src\osg2.6.1\OpenSceneGraph\src\osgPlugins\3ds\file.cpp(685,17): warning C4456: declaration of 'c' hides previous local declaration
      C:\src\osg2.6.1\OpenSceneGraph\src\osgPlugins\3ds\file.cpp(677,15):
      see declaration of 'c'
  
C:\src\osg2.6.1\OpenSceneGraph\src\osgPlugins\3ds\file.cpp(692,17): warning C4456: declaration of 'c' hides previous local declaration
      C:\src\osg2.6.1\OpenSceneGraph\src\osgPlugins\3ds\file.cpp(677,15):
      see declaration of 'c'
  
C:\src\osg2.6.1\OpenSceneGraph\src\osgPlugins\3ds\file.cpp(706,19): warning C4456: declaration of 'c' hides previous local declaration
      C:\src\osg2.6.1\OpenSceneGraph\src\osgPlugins\3ds\file.cpp(677,15):
      see declaration of 'c'
  
C:\src\osg2.6.1\OpenSceneGraph\src\osgPlugins\3ds\file.cpp(722,19): warning C4456: declaration of 'c' hides previous local declaration
      C:\src\osg2.6.1\OpenSceneGraph\src\osgPlugins\3ds\file.cpp(677,15):
      see declaration of 'c'
  
C:\src\osg2.6.1\OpenSceneGraph\src\osgPlugins\3ds\file.cpp(743,17): warning C4456: declaration of 'c' hides previous local declaration
      C:\src\osg2.6.1\OpenSceneGraph\src\osgPlugins\3ds\file.cpp(677,15):
      see declaration of 'c'
  
C:\src\osg2.6.1\OpenSceneGraph\src\osgPlugins\3ds\file.cpp(759,17): warning C4456: declaration of 'c' hides previous local declaration
      C:\src\osg2.6.1\OpenSceneGraph\src\osgPlugins\3ds\file.cpp(677,15):
      see declaration of 'c'
  
C:\src\osg2.6.1\OpenSceneGraph\src\osgPlugins\3ds\file.cpp(775,17): warning C4456: declaration of 'c' hides previous local declaration
      C:\src\osg2.6.1\OpenSceneGraph\src\osgPlugins\3ds\file.cpp(677,15):
      see declaration of 'c'
  
C:\src\osg2.6.1\OpenSceneGraph\src\osgPlugins\3ds\file.cpp(825,17): warning C4456: declaration of 'c' hides previous local declaration
      C:\src\osg2.6.1\OpenSceneGraph\src\osgPlugins\3ds\file.cpp(817,15):
      see declaration of 'c'
  
C:\src\osg2.6.1\OpenSceneGraph\src\osgPlugins\3ds\file.cpp(827,41): warning C4267: '=': conversion from 'size_t' to 'Lib3dsDword', possible loss of data
C:\src\osg2.6.1\OpenSceneGraph\src\osgPlugins\3ds\file.cpp(834,17): warning C4456: declaration of 'c' hides previous local declaration
      C:\src\osg2.6.1\OpenSceneGraph\src\osgPlugins\3ds\file.cpp(817,15):
      see declaration of 'c'
  
C:\src\osg2.6.1\OpenSceneGraph\src\osgPlugins\3ds\file.cpp(842,17): warning C4456: declaration of 'c' hides previous local declaration
      C:\src\osg2.6.1\OpenSceneGraph\src\osgPlugins\3ds\file.cpp(817,15):
      see declaration of 'c'
  
C:\src\osg2.6.1\OpenSceneGraph\src\osgPlugins\3ds\file.cpp(884,17): warning C4456: declaration of 'c' hides previous local declaration
      C:\src\osg2.6.1\OpenSceneGraph\src\osgPlugins\3ds\file.cpp(875,15):
      see declaration of 'c'
  
  lib3ds_float.cpp
  light.cpp
C:\src\osg2.6.1\OpenSceneGraph\src\osgPlugins\3ds\light.cpp(299,17): warning C4456: declaration of 'c' hides previous local declaration
      C:\src\osg2.6.1\OpenSceneGraph\src\osgPlugins\3ds\light.cpp(291,15):
      see declaration of 'c'
  
C:\src\osg2.6.1\OpenSceneGraph\src\osgPlugins\3ds\light.cpp(306,17): warning C4456: declaration of 'c' hides previous local declaration
      C:\src\osg2.6.1\OpenSceneGraph\src\osgPlugins\3ds\light.cpp(291,15):
      see declaration of 'c'
  
C:\src\osg2.6.1\OpenSceneGraph\src\osgPlugins\3ds\light.cpp(312,17): warning C4456: declaration of 'c' hides previous local declaration
      C:\src\osg2.6.1\OpenSceneGraph\src\osgPlugins\3ds\light.cpp(291,15):
      see declaration of 'c'
  
C:\src\osg2.6.1\OpenSceneGraph\src\osgPlugins\3ds\light.cpp(319,17): warning C4456: declaration of 'c' hides previous local declaration
      C:\src\osg2.6.1\OpenSceneGraph\src\osgPlugins\3ds\light.cpp(291,15):
      see declaration of 'c'
  
C:\src\osg2.6.1\OpenSceneGraph\src\osgPlugins\3ds\light.cpp(326,17): warning C4456: declaration of 'c' hides previous local declaration
      C:\src\osg2.6.1\OpenSceneGraph\src\osgPlugins\3ds\light.cpp(291,15):
      see declaration of 'c'
  
C:\src\osg2.6.1\OpenSceneGraph\src\osgPlugins\3ds\light.cpp(333,17): warning C4456: declaration of 'c' hides previous local declaration
      C:\src\osg2.6.1\OpenSceneGraph\src\osgPlugins\3ds\light.cpp(291,15):
      see declaration of 'c'
  
C:\src\osg2.6.1\OpenSceneGraph\src\osgPlugins\3ds\light.cpp(340,17): warning C4456: declaration of 'c' hides previous local declaration
      C:\src\osg2.6.1\OpenSceneGraph\src\osgPlugins\3ds\light.cpp(291,15):
      see declaration of 'c'
  
C:\src\osg2.6.1\OpenSceneGraph\src\osgPlugins\3ds\light.cpp(351,19): warning C4456: declaration of 'c' hides previous local declaration
      C:\src\osg2.6.1\OpenSceneGraph\src\osgPlugins\3ds\light.cpp(340,17):
      see declaration of 'c'
  
C:\src\osg2.6.1\OpenSceneGraph\src\osgPlugins\3ds\light.cpp(358,19): warning C4456: declaration of 'c' hides previous local declaration
      C:\src\osg2.6.1\OpenSceneGraph\src\osgPlugins\3ds\light.cpp(340,17):
      see declaration of 'c'
  
C:\src\osg2.6.1\OpenSceneGraph\src\osgPlugins\3ds\light.cpp(366,19): warning C4456: declaration of 'c' hides previous local declaration
      C:\src\osg2.6.1\OpenSceneGraph\src\osgPlugins\3ds\light.cpp(340,17):
      see declaration of 'c'
  
C:\src\osg2.6.1\OpenSceneGraph\src\osgPlugins\3ds\light.cpp(375,19): warning C4456: declaration of 'c' hides previous local declaration
      C:\src\osg2.6.1\OpenSceneGraph\src\osgPlugins\3ds\light.cpp(340,17):
      see declaration of 'c'
  
C:\src\osg2.6.1\OpenSceneGraph\src\osgPlugins\3ds\light.cpp(381,19): warning C4456: declaration of 'c' hides previous local declaration
      C:\src\osg2.6.1\OpenSceneGraph\src\osgPlugins\3ds\light.cpp(340,17):
      see declaration of 'c'
  
C:\src\osg2.6.1\OpenSceneGraph\src\osgPlugins\3ds\light.cpp(387,19): warning C4456: declaration of 'c' hides previous local declaration
      C:\src\osg2.6.1\OpenSceneGraph\src\osgPlugins\3ds\light.cpp(340,17):
      see declaration of 'c'
  
C:\src\osg2.6.1\OpenSceneGraph\src\osgPlugins\3ds\light.cpp(394,19): warning C4456: declaration of 'c' hides previous local declaration
      C:\src\osg2.6.1\OpenSceneGraph\src\osgPlugins\3ds\light.cpp(340,17):
      see declaration of 'c'
  
C:\src\osg2.6.1\OpenSceneGraph\src\osgPlugins\3ds\light.cpp(401,19): warning C4456: declaration of 'c' hides previous local declaration
      C:\src\osg2.6.1\OpenSceneGraph\src\osgPlugins\3ds\light.cpp(340,17):
      see declaration of 'c'
  
C:\src\osg2.6.1\OpenSceneGraph\src\osgPlugins\3ds\light.cpp(407,19): warning C4456: declaration of 'c' hides previous local declaration
      C:\src\osg2.6.1\OpenSceneGraph\src\osgPlugins\3ds\light.cpp(340,17):
      see declaration of 'c'
  
C:\src\osg2.6.1\OpenSceneGraph\src\osgPlugins\3ds\light.cpp(414,19): warning C4456: declaration of 'c' hides previous local declaration
      C:\src\osg2.6.1\OpenSceneGraph\src\osgPlugins\3ds\light.cpp(340,17):
      see declaration of 'c'
  
  material.cpp
C:\src\osg2.6.1\OpenSceneGraph\src\osgPlugins\3ds\material.cpp(684,17): warning C4456: declaration of 'c' hides previous local declaration
      C:\src\osg2.6.1\OpenSceneGraph\src\osgPlugins\3ds\material.cpp(671,15):
      see declaration of 'c'
  
C:\src\osg2.6.1\OpenSceneGraph\src\osgPlugins\3ds\material.cpp(686,31): warning C4267: '=': conversion from 'size_t' to 'Lib3dsDword', possible loss of data
C:\src\osg2.6.1\OpenSceneGraph\src\osgPlugins\3ds\material.cpp(692,17): warning C4456: declaration of 'c' hides previous local declaration
      C:\src\osg2.6.1\OpenSceneGraph\src\osgPlugins\3ds\material.cpp(671,15):
      see declaration of 'c'
  
C:\src\osg2.6.1\OpenSceneGraph\src\osgPlugins\3ds\material.cpp(700,17): warning C4456: declaration of 'c' hides previous local declaration
      C:\src\osg2.6.1\OpenSceneGraph\src\osgPlugins\3ds\material.cpp(671,15):
      see declaration of 'c'
  
C:\src\osg2.6.1\OpenSceneGraph\src\osgPlugins\3ds\material.cpp(708,17): warning C4456: declaration of 'c' hides previous local declaration
      C:\src\osg2.6.1\OpenSceneGraph\src\osgPlugins\3ds\material.cpp(671,15):
      see declaration of 'c'
  
C:\src\osg2.6.1\OpenSceneGraph\src\osgPlugins\3ds\material.cpp(716,17): warning C4456: declaration of 'c' hides previous local declaration
      C:\src\osg2.6.1\OpenSceneGraph\src\osgPlugins\3ds\material.cpp(671,15):
      see declaration of 'c'
  
C:\src\osg2.6.1\OpenSceneGraph\src\osgPlugins\3ds\material.cpp(724,17): warning C4456: declaration of 'c' hides previous local declaration
      C:\src\osg2.6.1\OpenSceneGraph\src\osgPlugins\3ds\material.cpp(671,15):
      see declaration of 'c'
  
C:\src\osg2.6.1\OpenSceneGraph\src\osgPlugins\3ds\material.cpp(732,17): warning C4456: declaration of 'c' hides previous local declaration
      C:\src\osg2.6.1\OpenSceneGraph\src\osgPlugins\3ds\material.cpp(671,15):
      see declaration of 'c'
  
C:\src\osg2.6.1\OpenSceneGraph\src\osgPlugins\3ds\material.cpp(740,17): warning C4456: declaration of 'c' hides previous local declaration
      C:\src\osg2.6.1\OpenSceneGraph\src\osgPlugins\3ds\material.cpp(671,15):
      see declaration of 'c'
  
C:\src\osg2.6.1\OpenSceneGraph\src\osgPlugins\3ds\material.cpp(748,17): warning C4456: declaration of 'c' hides previous local declaration
      C:\src\osg2.6.1\OpenSceneGraph\src\osgPlugins\3ds\material.cpp(671,15):
      see declaration of 'c'
  
C:\src\osg2.6.1\OpenSceneGraph\src\osgPlugins\3ds\material.cpp(758,17): warning C4456: declaration of 'c' hides previous local declaration
      C:\src\osg2.6.1\OpenSceneGraph\src\osgPlugins\3ds\material.cpp(671,15):
      see declaration of 'c'
  
C:\src\osg2.6.1\OpenSceneGraph\src\osgPlugins\3ds\material.cpp(768,17): warning C4456: declaration of 'c' hides previous local declaration
      C:\src\osg2.6.1\OpenSceneGraph\src\osgPlugins\3ds\material.cpp(671,15):
      see declaration of 'c'
  
C:\src\osg2.6.1\OpenSceneGraph\src\osgPlugins\3ds\material.cpp(778,17): warning C4456: declaration of 'c' hides previous local declaration
      C:\src\osg2.6.1\OpenSceneGraph\src\osgPlugins\3ds\material.cpp(671,15):
      see declaration of 'c'
  
C:\src\osg2.6.1\OpenSceneGraph\src\osgPlugins\3ds\material.cpp(788,17): warning C4456: declaration of 'c' hides previous local declaration
      C:\src\osg2.6.1\OpenSceneGraph\src\osgPlugins\3ds\material.cpp(671,15):
      see declaration of 'c'
  
C:\src\osg2.6.1\OpenSceneGraph\src\osgPlugins\3ds\material.cpp(818,17): warning C4456: declaration of 'c' hides previous local declaration
      C:\src\osg2.6.1\OpenSceneGraph\src\osgPlugins\3ds\material.cpp(810,15):
      see declaration of 'c'
  
C:\src\osg2.6.1\OpenSceneGraph\src\osgPlugins\3ds\material.cpp(820,36): warning C4267: '=': conversion from 'size_t' to 'Lib3dsDword', possible loss of data
C:\src\osg2.6.1\OpenSceneGraph\src\osgPlugins\3ds\material.cpp(826,17): warning C4456: declaration of 'c' hides previous local declaration
      C:\src\osg2.6.1\OpenSceneGraph\src\osgPlugins\3ds\material.cpp(810,15):
      see declaration of 'c'
  
C:\src\osg2.6.1\OpenSceneGraph\src\osgPlugins\3ds\material.cpp(834,17): warning C4456: declaration of 'c' hides previous local declaration
      C:\src\osg2.6.1\OpenSceneGraph\src\osgPlugins\3ds\material.cpp(810,15):
      see declaration of 'c'
  
C:\src\osg2.6.1\OpenSceneGraph\src\osgPlugins\3ds\material.cpp(842,17): warning C4456: declaration of 'c' hides previous local declaration
      C:\src\osg2.6.1\OpenSceneGraph\src\osgPlugins\3ds\material.cpp(810,15):
      see declaration of 'c'
  
C:\src\osg2.6.1\OpenSceneGraph\src\osgPlugins\3ds\material.cpp(850,17): warning C4456: declaration of 'c' hides previous local declaration
      C:\src\osg2.6.1\OpenSceneGraph\src\osgPlugins\3ds\material.cpp(810,15):
      see declaration of 'c'
  
C:\src\osg2.6.1\OpenSceneGraph\src\osgPlugins\3ds\material.cpp(858,17): warning C4456: declaration of 'c' hides previous local declaration
      C:\src\osg2.6.1\OpenSceneGraph\src\osgPlugins\3ds\material.cpp(810,15):
      see declaration of 'c'
  
C:\src\osg2.6.1\OpenSceneGraph\src\osgPlugins\3ds\material.cpp(866,17): warning C4456: declaration of 'c' hides previous local declaration
      C:\src\osg2.6.1\OpenSceneGraph\src\osgPlugins\3ds\material.cpp(810,15):
      see declaration of 'c'
  
C:\src\osg2.6.1\OpenSceneGraph\src\osgPlugins\3ds\material.cpp(874,17): warning C4456: declaration of 'c' hides previous local declaration
      C:\src\osg2.6.1\OpenSceneGraph\src\osgPlugins\3ds\material.cpp(810,15):
      see declaration of 'c'
  
C:\src\osg2.6.1\OpenSceneGraph\src\osgPlugins\3ds\material.cpp(882,17): warning C4456: declaration of 'c' hides previous local declaration
      C:\src\osg2.6.1\OpenSceneGraph\src\osgPlugins\3ds\material.cpp(810,15):
      see declaration of 'c'
  
C:\src\osg2.6.1\OpenSceneGraph\src\osgPlugins\3ds\material.cpp(889,17): warning C4456: declaration of 'c' hides previous local declaration
      C:\src\osg2.6.1\OpenSceneGraph\src\osgPlugins\3ds\material.cpp(810,15):
      see declaration of 'c'
  
C:\src\osg2.6.1\OpenSceneGraph\src\osgPlugins\3ds\material.cpp(897,17): warning C4456: declaration of 'c' hides previous local declaration
      C:\src\osg2.6.1\OpenSceneGraph\src\osgPlugins\3ds\material.cpp(810,15):
      see declaration of 'c'
  
C:\src\osg2.6.1\OpenSceneGraph\src\osgPlugins\3ds\material.cpp(905,17): warning C4456: declaration of 'c' hides previous local declaration
      C:\src\osg2.6.1\OpenSceneGraph\src\osgPlugins\3ds\material.cpp(810,15):
      see declaration of 'c'
  
C:\src\osg2.6.1\OpenSceneGraph\src\osgPlugins\3ds\material.cpp(912,17): warning C4456: declaration of 'c' hides previous local declaration
      C:\src\osg2.6.1\OpenSceneGraph\src\osgPlugins\3ds\material.cpp(810,15):
      see declaration of 'c'
  
C:\src\osg2.6.1\OpenSceneGraph\src\osgPlugins\3ds\material.cpp(919,17): warning C4456: declaration of 'c' hides previous local declaration
      C:\src\osg2.6.1\OpenSceneGraph\src\osgPlugins\3ds\material.cpp(810,15):
      see declaration of 'c'
  
C:\src\osg2.6.1\OpenSceneGraph\src\osgPlugins\3ds\material.cpp(926,17): warning C4456: declaration of 'c' hides previous local declaration
      C:\src\osg2.6.1\OpenSceneGraph\src\osgPlugins\3ds\material.cpp(810,15):
      see declaration of 'c'
  
C:\src\osg2.6.1\OpenSceneGraph\src\osgPlugins\3ds\material.cpp(933,17): warning C4456: declaration of 'c' hides previous local declaration
      C:\src\osg2.6.1\OpenSceneGraph\src\osgPlugins\3ds\material.cpp(810,15):
      see declaration of 'c'
  
C:\src\osg2.6.1\OpenSceneGraph\src\osgPlugins\3ds\material.cpp(940,17): warning C4456: declaration of 'c' hides previous local declaration
      C:\src\osg2.6.1\OpenSceneGraph\src\osgPlugins\3ds\material.cpp(810,15):
      see declaration of 'c'
  
C:\src\osg2.6.1\OpenSceneGraph\src\osgPlugins\3ds\material.cpp(947,17): warning C4456: declaration of 'c' hides previous local declaration
      C:\src\osg2.6.1\OpenSceneGraph\src\osgPlugins\3ds\material.cpp(810,15):
      see declaration of 'c'
  
C:\src\osg2.6.1\OpenSceneGraph\src\osgPlugins\3ds\material.cpp(954,17): warning C4456: declaration of 'c' hides previous local declaration
      C:\src\osg2.6.1\OpenSceneGraph\src\osgPlugins\3ds\material.cpp(810,15):
      see declaration of 'c'
  
C:\src\osg2.6.1\OpenSceneGraph\src\osgPlugins\3ds\material.cpp(962,17): warning C4456: declaration of 'c' hides previous local declaration
      C:\src\osg2.6.1\OpenSceneGraph\src\osgPlugins\3ds\material.cpp(810,15):
      see declaration of 'c'
  
C:\src\osg2.6.1\OpenSceneGraph\src\osgPlugins\3ds\material.cpp(969,17): warning C4456: declaration of 'c' hides previous local declaration
      C:\src\osg2.6.1\OpenSceneGraph\src\osgPlugins\3ds\material.cpp(810,15):
      see declaration of 'c'
  
  matrix.cpp
  mesh.cpp
C:\src\osg2.6.1\OpenSceneGraph\src\osgPlugins\3ds\mesh.cpp(76,22): warning C4456: declaration of 'i' hides previous local declaration
      C:\src\osg2.6.1\OpenSceneGraph\src\osgPlugins\3ds\mesh.cpp(49,7):
      see declaration of 'i'
  
C:\src\osg2.6.1\OpenSceneGraph\src\osgPlugins\3ds\mesh.cpp(86,22): warning C4456: declaration of 'faces' hides previous local declaration
      C:\src\osg2.6.1\OpenSceneGraph\src\osgPlugins\3ds\mesh.cpp(50,7):
      see declaration of 'faces'
  
C:\src\osg2.6.1\OpenSceneGraph\src\osgPlugins\3ds\mesh.cpp(87,22): warning C4456: declaration of 'i' hides previous local declaration
      C:\src\osg2.6.1\OpenSceneGraph\src\osgPlugins\3ds\mesh.cpp(49,7):
      see declaration of 'i'
  
C:\src\osg2.6.1\OpenSceneGraph\src\osgPlugins\3ds\mesh.cpp(440,11): warning C4456: declaration of 'k' hides previous local declaration
      C:\src\osg2.6.1\OpenSceneGraph\src\osgPlugins\3ds\mesh.cpp(413,16):
      see declaration of 'k'
  
C:\src\osg2.6.1\OpenSceneGraph\src\osgPlugins\3ds\mesh.cpp(744,17): warning C4456: declaration of 'c' hides previous local declaration
      C:\src\osg2.6.1\OpenSceneGraph\src\osgPlugins\3ds\mesh.cpp(721,15):
      see declaration of 'c'
  
C:\src\osg2.6.1\OpenSceneGraph\src\osgPlugins\3ds\mesh.cpp(762,55): warning C4267: '=': conversion from 'size_t' to 'Lib3dsDword', possible loss of data
C:\src\osg2.6.1\OpenSceneGraph\src\osgPlugins\3ds\mesh.cpp(780,17): warning C4456: declaration of 'c' hides previous local declaration
      C:\src\osg2.6.1\OpenSceneGraph\src\osgPlugins\3ds\mesh.cpp(721,15):
      see declaration of 'c'
  
C:\src\osg2.6.1\OpenSceneGraph\src\osgPlugins\3ds\mesh.cpp(793,17): warning C4456: declaration of 'c' hides previous local declaration
      C:\src\osg2.6.1\OpenSceneGraph\src\osgPlugins\3ds\mesh.cpp(721,15):
      see declaration of 'c'
  
C:\src\osg2.6.1\OpenSceneGraph\src\osgPlugins\3ds\mesh.cpp(870,17): warning C4456: declaration of 'c' hides previous local declaration
      C:\src\osg2.6.1\OpenSceneGraph\src\osgPlugins\3ds\mesh.cpp(856,15):
      see declaration of 'c'
  
C:\src\osg2.6.1\OpenSceneGraph\src\osgPlugins\3ds\mesh.cpp(904,17): warning C4456: declaration of 'c' hides previous local declaration
      C:\src\osg2.6.1\OpenSceneGraph\src\osgPlugins\3ds\mesh.cpp(856,15):
      see declaration of 'c'
  
C:\src\osg2.6.1\OpenSceneGraph\src\osgPlugins\3ds\mesh.cpp(920,17): warning C4456: declaration of 'c' hides previous local declaration
      C:\src\osg2.6.1\OpenSceneGraph\src\osgPlugins\3ds\mesh.cpp(856,15):
      see declaration of 'c'
  
  node.cpp
C:\src\osg2.6.1\OpenSceneGraph\src\osgPlugins\3ds\node.cpp(703,17): warning C4456: declaration of 'c' hides previous local declaration
      C:\src\osg2.6.1\OpenSceneGraph\src\osgPlugins\3ds\node.cpp(669,15):
      see declaration of 'c'
  
C:\src\osg2.6.1\OpenSceneGraph\src\osgPlugins\3ds\node.cpp(711,17): warning C4456: declaration of 'c' hides previous local declaration
      C:\src\osg2.6.1\OpenSceneGraph\src\osgPlugins\3ds\node.cpp(669,15):
      see declaration of 'c'
  
C:\src\osg2.6.1\OpenSceneGraph\src\osgPlugins\3ds\node.cpp(713,40): warning C4267: '=': conversion from 'size_t' to 'Lib3dsDword', possible loss of data
C:\src\osg2.6.1\OpenSceneGraph\src\osgPlugins\3ds\node.cpp(724,21): warning C4456: declaration of 'c' hides previous local declaration
      C:\src\osg2.6.1\OpenSceneGraph\src\osgPlugins\3ds\node.cpp(669,15):
      see declaration of 'c'
  
C:\src\osg2.6.1\OpenSceneGraph\src\osgPlugins\3ds\node.cpp(739,21): warning C4456: declaration of 'c' hides previous local declaration
      C:\src\osg2.6.1\OpenSceneGraph\src\osgPlugins\3ds\node.cpp(669,15):
      see declaration of 'c'
  
C:\src\osg2.6.1\OpenSceneGraph\src\osgPlugins\3ds\node.cpp(746,21): warning C4456: declaration of 'c' hides previous local declaration
      C:\src\osg2.6.1\OpenSceneGraph\src\osgPlugins\3ds\node.cpp(669,15):
      see declaration of 'c'
  
C:\src\osg2.6.1\OpenSceneGraph\src\osgPlugins\3ds\node.cpp(752,21): warning C4267: '=': conversion from 'size_t' to 'Lib3dsDword', possible loss of data
C:\src\osg2.6.1\OpenSceneGraph\src\osgPlugins\3ds\node.cpp(767,23): warning C4456: declaration of 'c' hides previous local declaration
      C:\src\osg2.6.1\OpenSceneGraph\src\osgPlugins\3ds\node.cpp(669,15):
      see declaration of 'c'
  
C:\src\osg2.6.1\OpenSceneGraph\src\osgPlugins\3ds\node.cpp(776,21): warning C4456: declaration of 'c' hides previous local declaration
      C:\src\osg2.6.1\OpenSceneGraph\src\osgPlugins\3ds\node.cpp(669,15):
      see declaration of 'c'
  
C:\src\osg2.6.1\OpenSceneGraph\src\osgPlugins\3ds\node.cpp(789,21): warning C4456: declaration of 'c' hides previous local declaration
      C:\src\osg2.6.1\OpenSceneGraph\src\osgPlugins\3ds\node.cpp(669,15):
      see declaration of 'c'
  
C:\src\osg2.6.1\OpenSceneGraph\src\osgPlugins\3ds\node.cpp(802,21): warning C4456: declaration of 'c' hides previous local declaration
      C:\src\osg2.6.1\OpenSceneGraph\src\osgPlugins\3ds\node.cpp(669,15):
      see declaration of 'c'
  
C:\src\osg2.6.1\OpenSceneGraph\src\osgPlugins\3ds\node.cpp(815,21): warning C4456: declaration of 'c' hides previous local declaration
      C:\src\osg2.6.1\OpenSceneGraph\src\osgPlugins\3ds\node.cpp(669,15):
      see declaration of 'c'
  
C:\src\osg2.6.1\OpenSceneGraph\src\osgPlugins\3ds\node.cpp(828,21): warning C4456: declaration of 'c' hides previous local declaration
      C:\src\osg2.6.1\OpenSceneGraph\src\osgPlugins\3ds\node.cpp(669,15):
      see declaration of 'c'
  
C:\src\osg2.6.1\OpenSceneGraph\src\osgPlugins\3ds\node.cpp(837,21): warning C4456: declaration of 'c' hides previous local declaration
      C:\src\osg2.6.1\OpenSceneGraph\src\osgPlugins\3ds\node.cpp(669,15):
      see declaration of 'c'
  
C:\src\osg2.6.1\OpenSceneGraph\src\osgPlugins\3ds\node.cpp(850,21): warning C4456: declaration of 'c' hides previous local declaration
      C:\src\osg2.6.1\OpenSceneGraph\src\osgPlugins\3ds\node.cpp(669,15):
      see declaration of 'c'
  
C:\src\osg2.6.1\OpenSceneGraph\src\osgPlugins\3ds\node.cpp(863,21): warning C4456: declaration of 'c' hides previous local declaration
      C:\src\osg2.6.1\OpenSceneGraph\src\osgPlugins\3ds\node.cpp(669,15):
      see declaration of 'c'
  
C:\src\osg2.6.1\OpenSceneGraph\src\osgPlugins\3ds\node.cpp(878,21): warning C4456: declaration of 'c' hides previous local declaration
      C:\src\osg2.6.1\OpenSceneGraph\src\osgPlugins\3ds\node.cpp(669,15):
      see declaration of 'c'
  
C:\src\osg2.6.1\OpenSceneGraph\src\osgPlugins\3ds\node.cpp(893,21): warning C4456: declaration of 'c' hides previous local declaration
      C:\src\osg2.6.1\OpenSceneGraph\src\osgPlugins\3ds\node.cpp(669,15):
      see declaration of 'c'
  
C:\src\osg2.6.1\OpenSceneGraph\src\osgPlugins\3ds\node.cpp(906,21): warning C4456: declaration of 'c' hides previous local declaration
      C:\src\osg2.6.1\OpenSceneGraph\src\osgPlugins\3ds\node.cpp(669,15):
      see declaration of 'c'
  
C:\src\osg2.6.1\OpenSceneGraph\src\osgPlugins\3ds\node.cpp(921,21): warning C4456: declaration of 'c' hides previous local declaration
      C:\src\osg2.6.1\OpenSceneGraph\src\osgPlugins\3ds\node.cpp(669,15):
      see declaration of 'c'
  
C:\src\osg2.6.1\OpenSceneGraph\src\osgPlugins\3ds\node.cpp(934,21): warning C4456: declaration of 'c' hides previous local declaration
      C:\src\osg2.6.1\OpenSceneGraph\src\osgPlugins\3ds\node.cpp(669,15):
      see declaration of 'c'
  
C:\src\osg2.6.1\OpenSceneGraph\src\osgPlugins\3ds\node.cpp(947,21): warning C4456: declaration of 'c' hides previous local declaration
      C:\src\osg2.6.1\OpenSceneGraph\src\osgPlugins\3ds\node.cpp(669,15):
      see declaration of 'c'
  
C:\src\osg2.6.1\OpenSceneGraph\src\osgPlugins\3ds\node.cpp(960,21): warning C4456: declaration of 'c' hides previous local declaration
      C:\src\osg2.6.1\OpenSceneGraph\src\osgPlugins\3ds\node.cpp(669,15):
      see declaration of 'c'
  
C:\src\osg2.6.1\OpenSceneGraph\src\osgPlugins\3ds\node.cpp(973,21): warning C4456: declaration of 'c' hides previous local declaration
      C:\src\osg2.6.1\OpenSceneGraph\src\osgPlugins\3ds\node.cpp(669,15):
      see declaration of 'c'
  
C:\src\osg2.6.1\OpenSceneGraph\src\osgPlugins\3ds\node.cpp(988,21): warning C4456: declaration of 'c' hides previous local declaration
      C:\src\osg2.6.1\OpenSceneGraph\src\osgPlugins\3ds\node.cpp(669,15):
      see declaration of 'c'
  
  quat.cpp
  readwrite.cpp
C:\src\osg2.6.1\OpenSceneGraph\src\osgPlugins\3ds\readwrite.cpp(269,21): warning C4244: '=': conversion from 'int' to 'char', possible loss of data
  shadow.cpp
  tcb.cpp
  tracks.cpp
  vector.cpp
  viewport.cpp
C:\src\osg2.6.1\OpenSceneGraph\src\osgPlugins\3ds\viewport.cpp(225,19): warning C4456: declaration of 'c' hides previous local declaration
      C:\src\osg2.6.1\OpenSceneGraph\src\osgPlugins\3ds\viewport.cpp(208,17):
      see declaration of 'c'
  
C:\src\osg2.6.1\OpenSceneGraph\src\osgPlugins\3ds\viewport.cpp(236,19): warning C4456: declaration of 'c' hides previous local declaration
      C:\src\osg2.6.1\OpenSceneGraph\src\osgPlugins\3ds\viewport.cpp(208,17):
      see declaration of 'c'
  
C:\src\osg2.6.1\OpenSceneGraph\src\osgPlugins\3ds\viewport.cpp(271,23): warning C4456: declaration of 'c' hides previous local declaration
      C:\src\osg2.6.1\OpenSceneGraph\src\osgPlugins\3ds\viewport.cpp(261,17):
      see declaration of 'c'
  
C:\src\osg2.6.1\OpenSceneGraph\src\osgPlugins\3ds\viewport.cpp(281,23): warning C4456: declaration of 'c' hides previous local declaration
      C:\src\osg2.6.1\OpenSceneGraph\src\osgPlugins\3ds\viewport.cpp(261,17):
      see declaration of 'c'
  
C:\src\osg2.6.1\OpenSceneGraph\src\osgPlugins\3ds\viewport.cpp(291,23): warning C4456: declaration of 'c' hides previous local declaration
      C:\src\osg2.6.1\OpenSceneGraph\src\osgPlugins\3ds\viewport.cpp(261,17):
      see declaration of 'c'
  
C:\src\osg2.6.1\OpenSceneGraph\src\osgPlugins\3ds\viewport.cpp(301,23): warning C4456: declaration of 'c' hides previous local declaration
      C:\src\osg2.6.1\OpenSceneGraph\src\osgPlugins\3ds\viewport.cpp(261,17):
      see declaration of 'c'
  
C:\src\osg2.6.1\OpenSceneGraph\src\osgPlugins\3ds\viewport.cpp(311,23): warning C4456: declaration of 'c' hides previous local declaration
      C:\src\osg2.6.1\OpenSceneGraph\src\osgPlugins\3ds\viewport.cpp(261,17):
      see declaration of 'c'
  
C:\src\osg2.6.1\OpenSceneGraph\src\osgPlugins\3ds\viewport.cpp(321,23): warning C4456: declaration of 'c' hides previous local declaration
      C:\src\osg2.6.1\OpenSceneGraph\src\osgPlugins\3ds\viewport.cpp(261,17):
      see declaration of 'c'
  
C:\src\osg2.6.1\OpenSceneGraph\src\osgPlugins\3ds\viewport.cpp(331,23): warning C4456: declaration of 'c' hides previous local declaration
      C:\src\osg2.6.1\OpenSceneGraph\src\osgPlugins\3ds\viewport.cpp(261,17):
      see declaration of 'c'
  
C:\src\osg2.6.1\OpenSceneGraph\src\osgPlugins\3ds\viewport.cpp(344,23): warning C4456: declaration of 'c' hides previous local declaration
      C:\src\osg2.6.1\OpenSceneGraph\src\osgPlugins\3ds\viewport.cpp(261,17):
      see declaration of 'c'
  
  Generating Code...
  osgdb_3ds.vcxproj -> C:\src\osg2.6.1\OpenSceneGraph\build\lib\Release\osgdb_3ds.dll
