c:\src\osg2.6.1\openscenegraph\build\src\osgplugins\dxf\osgdb_dxf.dir\release\scene.obj
c:\src\osg2.6.1\openscenegraph\build\src\osgplugins\dxf\osgdb_dxf.dir\release\dxftable.obj
c:\src\osg2.6.1\openscenegraph\build\src\osgplugins\dxf\osgdb_dxf.dir\release\dxfsection.obj
c:\src\osg2.6.1\openscenegraph\build\src\osgplugins\dxf\osgdb_dxf.dir\release\dxfreader.obj
c:\src\osg2.6.1\openscenegraph\build\src\osgplugins\dxf\osgdb_dxf.dir\release\dxffile.obj
c:\src\osg2.6.1\openscenegraph\build\src\osgplugins\dxf\osgdb_dxf.dir\release\dxfentity.obj
c:\src\osg2.6.1\openscenegraph\build\src\osgplugins\dxf\osgdb_dxf.dir\release\dxfblock.obj
c:\src\osg2.6.1\openscenegraph\build\src\osgplugins\dxf\osgdb_dxf.dir\release\aci.obj
c:\src\osg2.6.1\openscenegraph\build\src\osgplugins\dxf\osgdb_dxf.dir\release\readerwriterdxf.obj
c:\src\osg2.6.1\openscenegraph\build\src\osgplugins\dxf\cmakefiles\generate.stamp
c:\src\osg2.6.1\openscenegraph\build\lib\release\osgdb_dxf.dll
c:\src\osg2.6.1\openscenegraph\build\src\osgplugins\dxf\osgdb_dxf.dir\release\plugins dxf.tlog\cl.command.1.tlog
c:\src\osg2.6.1\openscenegraph\build\src\osgplugins\dxf\osgdb_dxf.dir\release\plugins dxf.tlog\cl.items.tlog
c:\src\osg2.6.1\openscenegraph\build\src\osgplugins\dxf\osgdb_dxf.dir\release\plugins dxf.tlog\cl.read.1.tlog
c:\src\osg2.6.1\openscenegraph\build\src\osgplugins\dxf\osgdb_dxf.dir\release\plugins dxf.tlog\cl.write.1.tlog
c:\src\osg2.6.1\openscenegraph\build\src\osgplugins\dxf\osgdb_dxf.dir\release\plugins dxf.tlog\custombuild.command.1.tlog
c:\src\osg2.6.1\openscenegraph\build\src\osgplugins\dxf\osgdb_dxf.dir\release\plugins dxf.tlog\custombuild.read.1.tlog
c:\src\osg2.6.1\openscenegraph\build\src\osgplugins\dxf\osgdb_dxf.dir\release\plugins dxf.tlog\custombuild.write.1.tlog
c:\src\osg2.6.1\openscenegraph\build\src\osgplugins\dxf\osgdb_dxf.dir\release\plugins dxf.tlog\link.command.1.tlog
c:\src\osg2.6.1\openscenegraph\build\src\osgplugins\dxf\osgdb_dxf.dir\release\plugins dxf.tlog\link.read.1.tlog
c:\src\osg2.6.1\openscenegraph\build\src\osgplugins\dxf\osgdb_dxf.dir\release\plugins dxf.tlog\link.secondary.1.tlog
c:\src\osg2.6.1\openscenegraph\build\src\osgplugins\dxf\osgdb_dxf.dir\release\plugins dxf.tlog\link.write.1.tlog
