  Building Custom Rule C:/src/osg2.6.1/OpenSceneGraph/src/osgPlugins/pnm/CMakeLists.txt
  ReaderWriterPNM.cpp
C:\src\osg2.6.1\OpenSceneGraph\include\osg\Image(301,42): warning C4100: 'nv': unreferenced parameter
  (compiling source file '../../../../src/osgPlugins/pnm/ReaderWriterPNM.cpp')
  
C:\src\osg2.6.1\OpenSceneGraph\include\osg\OperationThread(55,28): warning C4589: Constructor of abstract class 'osg::Operation' ignores initializer for virtual base class 'osg::Referenced'
  (compiling source file '../../../../src/osgPlugins/pnm/ReaderWriterPNM.cpp')
      C:\src\osg2.6.1\OpenSceneGraph\include\osg\OperationThread(55,28):
      virtual base classes are only initialized by the most-derived type
  
C:\src\osg2.6.1\OpenSceneGraph\include\osg\OperationThread(81,23): warning C4589: Constructor of abstract class 'osg::Operation' ignores initializer for virtual base class 'osg::Referenced'
  (compiling source file '../../../../src/osgPlugins/pnm/ReaderWriterPNM.cpp')
      C:\src\osg2.6.1\OpenSceneGraph\include\osg\OperationThread(81,23):
      virtual base classes are only initialized by the most-derived type
  
C:\src\osg2.6.1\OpenSceneGraph\include\osg\OperationThread(85,23): warning C4589: Constructor of abstract class 'osg::Operation' ignores initializer for virtual base class 'osg::Referenced'
  (compiling source file '../../../../src/osgPlugins/pnm/ReaderWriterPNM.cpp')
      C:\src\osg2.6.1\OpenSceneGraph\include\osg\OperationThread(85,23):
      virtual base classes are only initialized by the most-derived type
  
C:\src\osg2.6.1\OpenSceneGraph\src\osgPlugins\pnm\ReaderWriterPNM.cpp(305,27): warning C4456: declaration of 'cp' hides previous local declaration
      C:\src\osg2.6.1\OpenSceneGraph\src\osgPlugins\pnm\ReaderWriterPNM.cpp(285,23):
      see declaration of 'cp'
  
C:\src\osg2.6.1\OpenSceneGraph\src\osgPlugins\pnm\ReaderWriterPNM.cpp(210,23): warning C4127: conditional expression is constant
      C:\src\osg2.6.1\OpenSceneGraph\src\osgPlugins\pnm\ReaderWriterPNM.cpp(210,23):
      the template instantiation context (the oldest one first) is
          C:\src\osg2.6.1\OpenSceneGraph\src\osgPlugins\pnm\ReaderWriterPNM.cpp(391,32):
          see reference to function template instantiation 'unsigned char *read_grayscale_binary<unsigned char>(FILE *,int,int)' being compiled
  
C:\src\osg2.6.1\OpenSceneGraph\src\osgPlugins\pnm\ReaderWriterPNM.cpp(235,23): warning C4127: conditional expression is constant
      C:\src\osg2.6.1\OpenSceneGraph\src\osgPlugins\pnm\ReaderWriterPNM.cpp(235,23):
      the template instantiation context (the oldest one first) is
          C:\src\osg2.6.1\OpenSceneGraph\src\osgPlugins\pnm\ReaderWriterPNM.cpp(395,32):
          see reference to function template instantiation 'unsigned char *read_color_binary<unsigned char>(FILE *,int,int)' being compiled
  
  osgdb_pnm.vcxproj -> C:\src\osg2.6.1\OpenSceneGraph\build\lib\Release\osgdb_pnm.dll
