c:\src\osg2.6.1\openscenegraph\build\src\osgplugins\lwo\osgdb_lwo.dir\release\vertexmap.obj
c:\src\osg2.6.1\openscenegraph\build\src\osgplugins\lwo\osgdb_lwo.dir\release\unit.obj
c:\src\osg2.6.1\openscenegraph\build\src\osgplugins\lwo\osgdb_lwo.dir\release\tessellator.obj
c:\src\osg2.6.1\openscenegraph\build\src\osgplugins\lwo\osgdb_lwo.dir\release\surface.obj
c:\src\osg2.6.1\openscenegraph\build\src\osgplugins\lwo\osgdb_lwo.dir\release\readerwriterlwo.obj
c:\src\osg2.6.1\openscenegraph\build\src\osgplugins\lwo\osgdb_lwo.dir\release\polygon.obj
c:\src\osg2.6.1\openscenegraph\build\src\osgplugins\lwo\osgdb_lwo.dir\release\old_lwo2layer.obj
c:\src\osg2.6.1\openscenegraph\build\src\osgplugins\lwo\osgdb_lwo.dir\release\old_lwo2.obj
c:\src\osg2.6.1\openscenegraph\build\src\osgplugins\lwo\osgdb_lwo.dir\release\old_lw.obj
c:\src\osg2.6.1\openscenegraph\build\src\osgplugins\lwo\osgdb_lwo.dir\release\object.obj
c:\src\osg2.6.1\openscenegraph\build\src\osgplugins\lwo\osgdb_lwo.dir\release\converter.obj
c:\src\osg2.6.1\openscenegraph\build\src\osgplugins\lwo\osgdb_lwo.dir\release\clip.obj
c:\src\osg2.6.1\openscenegraph\build\src\osgplugins\lwo\osgdb_lwo.dir\release\block.obj
c:\src\osg2.6.1\openscenegraph\build\src\osgplugins\lwo\cmakefiles\generate.stamp
c:\src\osg2.6.1\openscenegraph\build\lib\release\osgdb_lwo.dll
c:\src\osg2.6.1\openscenegraph\build\src\osgplugins\lwo\osgdb_lwo.dir\release\plugins lwo.tlog\cl.command.1.tlog
c:\src\osg2.6.1\openscenegraph\build\src\osgplugins\lwo\osgdb_lwo.dir\release\plugins lwo.tlog\cl.items.tlog
c:\src\osg2.6.1\openscenegraph\build\src\osgplugins\lwo\osgdb_lwo.dir\release\plugins lwo.tlog\cl.read.1.tlog
c:\src\osg2.6.1\openscenegraph\build\src\osgplugins\lwo\osgdb_lwo.dir\release\plugins lwo.tlog\cl.write.1.tlog
c:\src\osg2.6.1\openscenegraph\build\src\osgplugins\lwo\osgdb_lwo.dir\release\plugins lwo.tlog\custombuild.command.1.tlog
c:\src\osg2.6.1\openscenegraph\build\src\osgplugins\lwo\osgdb_lwo.dir\release\plugins lwo.tlog\custombuild.read.1.tlog
c:\src\osg2.6.1\openscenegraph\build\src\osgplugins\lwo\osgdb_lwo.dir\release\plugins lwo.tlog\custombuild.write.1.tlog
c:\src\osg2.6.1\openscenegraph\build\src\osgplugins\lwo\osgdb_lwo.dir\release\plugins lwo.tlog\link.command.1.tlog
c:\src\osg2.6.1\openscenegraph\build\src\osgplugins\lwo\osgdb_lwo.dir\release\plugins lwo.tlog\link.read.1.tlog
c:\src\osg2.6.1\openscenegraph\build\src\osgplugins\lwo\osgdb_lwo.dir\release\plugins lwo.tlog\link.secondary.1.tlog
c:\src\osg2.6.1\openscenegraph\build\src\osgplugins\lwo\osgdb_lwo.dir\release\plugins lwo.tlog\link.write.1.tlog
