c:\src\osg2.6.1\openscenegraph\build\src\osgplugins\txp\osgdb_txp.dir\release\trpage_readbuf.obj
c:\src\osg2.6.1\openscenegraph\build\src\osgplugins\txp\osgdb_txp.dir\release\trpage_rarchive.obj
c:\src\osg2.6.1\openscenegraph\build\src\osgplugins\txp\osgdb_txp.dir\release\trpage_range.obj
c:\src\osg2.6.1\openscenegraph\build\src\osgplugins\txp\osgdb_txp.dir\release\trpage_print_parse.obj
c:\src\osg2.6.1\openscenegraph\build\src\osgplugins\txp\osgdb_txp.dir\release\trpage_print.obj
c:\src\osg2.6.1\openscenegraph\build\src\osgplugins\txp\osgdb_txp.dir\release\trpage_pparse.obj
c:\src\osg2.6.1\openscenegraph\build\src\osgplugins\txp\osgdb_txp.dir\release\trpage_parse.obj
c:\src\osg2.6.1\openscenegraph\build\src\osgplugins\txp\osgdb_txp.dir\release\trpage_nodes.obj
c:\src\osg2.6.1\openscenegraph\build\src\osgplugins\txp\osgdb_txp.dir\release\trpage_model.obj
c:\src\osg2.6.1\openscenegraph\build\src\osgplugins\txp\osgdb_txp.dir\release\trpage_material.obj
c:\src\osg2.6.1\openscenegraph\build\src\osgplugins\txp\osgdb_txp.dir\release\trpage_managers.obj
c:\src\osg2.6.1\openscenegraph\build\src\osgplugins\txp\osgdb_txp.dir\release\trpage_main.obj
c:\src\osg2.6.1\openscenegraph\build\src\osgplugins\txp\osgdb_txp.dir\release\trpage_light.obj
c:\src\osg2.6.1\openscenegraph\build\src\osgplugins\txp\osgdb_txp.dir\release\trpage_label.obj
c:\src\osg2.6.1\openscenegraph\build\src\osgplugins\txp\osgdb_txp.dir\release\trpage_header.obj
c:\src\osg2.6.1\openscenegraph\build\src\osgplugins\txp\osgdb_txp.dir\release\trpage_geom.obj
c:\src\osg2.6.1\openscenegraph\build\src\osgplugins\txp\osgdb_txp.dir\release\trpage_compat.obj
c:\src\osg2.6.1\openscenegraph\build\src\osgplugins\txp\osgdb_txp.dir\release\trpage_basic.obj
c:\src\osg2.6.1\openscenegraph\build\src\osgplugins\txp\osgdb_txp.dir\release\tilemapper.obj
c:\src\osg2.6.1\openscenegraph\build\src\osgplugins\txp\osgdb_txp.dir\release\readerwritertxp.obj
c:\src\osg2.6.1\openscenegraph\build\src\osgplugins\txp\osgdb_txp.dir\release\txpseamlod.obj
c:\src\osg2.6.1\openscenegraph\build\src\osgplugins\txp\osgdb_txp.dir\release\txpparser.obj
c:\src\osg2.6.1\openscenegraph\build\src\osgplugins\txp\osgdb_txp.dir\release\txppagemanager.obj
c:\src\osg2.6.1\openscenegraph\build\src\osgplugins\txp\osgdb_txp.dir\release\txppagedlod.obj
c:\src\osg2.6.1\openscenegraph\build\src\osgplugins\txp\osgdb_txp.dir\release\txpnode.obj
c:\src\osg2.6.1\openscenegraph\build\src\osgplugins\txp\osgdb_txp.dir\release\txpio.obj
c:\src\osg2.6.1\openscenegraph\build\src\osgplugins\txp\osgdb_txp.dir\release\txparchive.obj
c:\src\osg2.6.1\openscenegraph\build\src\osgplugins\txp\osgdb_txp.dir\release\trpage_writebuf.obj
c:\src\osg2.6.1\openscenegraph\build\src\osgplugins\txp\osgdb_txp.dir\release\trpage_warchive.obj
c:\src\osg2.6.1\openscenegraph\build\src\osgplugins\txp\osgdb_txp.dir\release\trpage_util.obj
c:\src\osg2.6.1\openscenegraph\build\src\osgplugins\txp\osgdb_txp.dir\release\trpage_tile.obj
c:\src\osg2.6.1\openscenegraph\build\src\osgplugins\txp\osgdb_txp.dir\release\trpage_swap.obj
c:\src\osg2.6.1\openscenegraph\build\src\osgplugins\txp\osgdb_txp.dir\release\trpage_scene.obj
c:\src\osg2.6.1\openscenegraph\build\src\osgplugins\txp\cmakefiles\generate.stamp
c:\src\osg2.6.1\openscenegraph\build\lib\release\osgdb_txp.dll
c:\src\osg2.6.1\openscenegraph\build\src\osgplugins\txp\osgdb_txp.dir\release\plugins txp.tlog\cl.command.1.tlog
c:\src\osg2.6.1\openscenegraph\build\src\osgplugins\txp\osgdb_txp.dir\release\plugins txp.tlog\cl.items.tlog
c:\src\osg2.6.1\openscenegraph\build\src\osgplugins\txp\osgdb_txp.dir\release\plugins txp.tlog\cl.read.1.tlog
c:\src\osg2.6.1\openscenegraph\build\src\osgplugins\txp\osgdb_txp.dir\release\plugins txp.tlog\cl.write.1.tlog
c:\src\osg2.6.1\openscenegraph\build\src\osgplugins\txp\osgdb_txp.dir\release\plugins txp.tlog\custombuild.command.1.tlog
c:\src\osg2.6.1\openscenegraph\build\src\osgplugins\txp\osgdb_txp.dir\release\plugins txp.tlog\custombuild.read.1.tlog
c:\src\osg2.6.1\openscenegraph\build\src\osgplugins\txp\osgdb_txp.dir\release\plugins txp.tlog\custombuild.write.1.tlog
c:\src\osg2.6.1\openscenegraph\build\src\osgplugins\txp\osgdb_txp.dir\release\plugins txp.tlog\link.command.1.tlog
c:\src\osg2.6.1\openscenegraph\build\src\osgplugins\txp\osgdb_txp.dir\release\plugins txp.tlog\link.read.1.tlog
c:\src\osg2.6.1\openscenegraph\build\src\osgplugins\txp\osgdb_txp.dir\release\plugins txp.tlog\link.secondary.1.tlog
c:\src\osg2.6.1\openscenegraph\build\src\osgplugins\txp\osgdb_txp.dir\release\plugins txp.tlog\link.write.1.tlog
