  Building Custom Rule C:/src/osg2.6.1/OpenSceneGraph/src/osgPlugins/rgb/CMakeLists.txt
  ReaderWriterRGB.cpp
C:\src\osg2.6.1\OpenSceneGraph\include\osg\Image(301,42): warning C4100: 'nv': unreferenced parameter
  (compiling source file '../../../../src/osgPlugins/rgb/ReaderWriterRGB.cpp')
  
C:\src\osg2.6.1\OpenSceneGraph\include\osg\OperationThread(55,28): warning C4589: Constructor of abstract class 'osg::Operation' ignores initializer for virtual base class 'osg::Referenced'
  (compiling source file '../../../../src/osgPlugins/rgb/ReaderWriterRGB.cpp')
      C:\src\osg2.6.1\OpenSceneGraph\include\osg\OperationThread(55,28):
      virtual base classes are only initialized by the most-derived type
  
C:\src\osg2.6.1\OpenSceneGraph\include\osg\OperationThread(81,23): warning C4589: Constructor of abstract class 'osg::Operation' ignores initializer for virtual base class 'osg::Referenced'
  (compiling source file '../../../../src/osgPlugins/rgb/ReaderWriterRGB.cpp')
      C:\src\osg2.6.1\OpenSceneGraph\include\osg\OperationThread(81,23):
      virtual base classes are only initialized by the most-derived type
  
C:\src\osg2.6.1\OpenSceneGraph\include\osg\OperationThread(85,23): warning C4589: Constructor of abstract class 'osg::Operation' ignores initializer for virtual base class 'osg::Referenced'
  (compiling source file '../../../../src/osgPlugins/rgb/ReaderWriterRGB.cpp')
      C:\src\osg2.6.1\OpenSceneGraph\include\osg\OperationThread(85,23):
      virtual base classes are only initialized by the most-derived type
  
C:\src\osg2.6.1\OpenSceneGraph\src\osgPlugins\rgb\ReaderWriterRGB.cpp(64,25): warning C4127: conditional expression is constant
      C:\src\osg2.6.1\OpenSceneGraph\src\osgPlugins\rgb\ReaderWriterRGB.cpp(64,25):
      the template instantiation context (the oldest one first) is
          C:\src\osg2.6.1\OpenSceneGraph\src\osgPlugins\rgb\ReaderWriterRGB.cpp(77,9):
          see reference to function template instantiation 'void _rawImageRec::swapBytes<unsigned short>(T &)' being compiled
          with
          [
              T=unsigned short
          ]
  
  osgdb_rgb.vcxproj -> C:\src\osg2.6.1\OpenSceneGraph\build\lib\Release\osgdb_rgb.dll
