  Building Custom Rule C:/src/osg2.6.1/OpenSceneGraph/src/osgPlugins/geo/CMakeLists.txt
  ClipRegion.cpp
C:\src\osg2.6.1\OpenSceneGraph\include\osg\Image(301,42): warning C4100: 'nv': unreferenced parameter
  (compiling source file '../../../../src/osgPlugins/geo/ClipRegion.cpp')
  
C:\src\osg2.6.1\OpenSceneGraph\include\osg\OperationThread(55,28): warning C4589: Constructor of abstract class 'osg::Operation' ignores initializer for virtual base class 'osg::Referenced'
  (compiling source file '../../../../src/osgPlugins/geo/ClipRegion.cpp')
      C:\src\osg2.6.1\OpenSceneGraph\include\osg\OperationThread(55,28):
      virtual base classes are only initialized by the most-derived type
  
C:\src\osg2.6.1\OpenSceneGraph\include\osg\OperationThread(81,23): warning C4589: Constructor of abstract class 'osg::Operation' ignores initializer for virtual base class 'osg::Referenced'
  (compiling source file '../../../../src/osgPlugins/geo/ClipRegion.cpp')
      C:\src\osg2.6.1\OpenSceneGraph\include\osg\OperationThread(81,23):
      virtual base classes are only initialized by the most-derived type
  
C:\src\osg2.6.1\OpenSceneGraph\include\osg\OperationThread(85,23): warning C4589: Constructor of abstract class 'osg::Operation' ignores initializer for virtual base class 'osg::Referenced'
  (compiling source file '../../../../src/osgPlugins/geo/ClipRegion.cpp')
      C:\src\osg2.6.1\OpenSceneGraph\include\osg\OperationThread(85,23):
      virtual base classes are only initialized by the most-derived type
  
  ReaderWriterGEO.cpp
C:\src\osg2.6.1\OpenSceneGraph\include\osg\Image(301,42): warning C4100: 'nv': unreferenced parameter
  (compiling source file '../../../../src/osgPlugins/geo/ReaderWriterGEO.cpp')
  
C:\src\osg2.6.1\OpenSceneGraph\include\osg\OperationThread(55,28): warning C4589: Constructor of abstract class 'osg::Operation' ignores initializer for virtual base class 'osg::Referenced'
  (compiling source file '../../../../src/osgPlugins/geo/ReaderWriterGEO.cpp')
      C:\src\osg2.6.1\OpenSceneGraph\include\osg\OperationThread(55,28):
      virtual base classes are only initialized by the most-derived type
  
C:\src\osg2.6.1\OpenSceneGraph\include\osg\OperationThread(81,23): warning C4589: Constructor of abstract class 'osg::Operation' ignores initializer for virtual base class 'osg::Referenced'
  (compiling source file '../../../../src/osgPlugins/geo/ReaderWriterGEO.cpp')
      C:\src\osg2.6.1\OpenSceneGraph\include\osg\OperationThread(81,23):
      virtual base classes are only initialized by the most-derived type
  
C:\src\osg2.6.1\OpenSceneGraph\include\osg\OperationThread(85,23): warning C4589: Constructor of abstract class 'osg::Operation' ignores initializer for virtual base class 'osg::Referenced'
  (compiling source file '../../../../src/osgPlugins/geo/ReaderWriterGEO.cpp')
      C:\src\osg2.6.1\OpenSceneGraph\include\osg\OperationThread(85,23):
      virtual base classes are only initialized by the most-derived type
  
C:\src\osg2.6.1\OpenSceneGraph\src\osgPlugins\geo\ReaderWriterGEO.cpp(262,41): warning C4456: declaration of 'gfd' hides previous local declaration
      C:\src\osg2.6.1\OpenSceneGraph\src\osgPlugins\geo\ReaderWriterGEO.cpp(224,29):
      see declaration of 'gfd'
  
C:\src\osg2.6.1\OpenSceneGraph\src\osgPlugins\geo\ReaderWriterGEO.cpp(266,33): warning C4456: declaration of 'shademodel' hides previous local declaration
      C:\src\osg2.6.1\OpenSceneGraph\src\osgPlugins\geo\ReaderWriterGEO.cpp(206,17):
      see declaration of 'shademodel'
  
C:\src\osg2.6.1\OpenSceneGraph\src\osgPlugins\geo\ReaderWriterGEO.cpp(409,49): warning C4459: declaration of 'NodeList' hides global declaration
      C:\src\osg2.6.1\OpenSceneGraph\include\osg\Group(22,38):
      see declaration of 'osg::NodeList'
  
C:\src\osg2.6.1\OpenSceneGraph\src\osgPlugins\geo\ReaderWriterGEO.cpp(479,54): warning C4458: declaration of 'recs' hides class member
      C:\src\osg2.6.1\OpenSceneGraph\src\osgPlugins\geo\ReaderWriterGEO.cpp(2005,19):
      see declaration of 'ReaderGEO::recs'
  
C:\src\osg2.6.1\OpenSceneGraph\src\osgPlugins\geo\ReaderWriterGEO.cpp(699,22): warning C4456: declaration of 'usemat' hides previous local declaration
      C:\src\osg2.6.1\OpenSceneGraph\src\osgPlugins\geo\ReaderWriterGEO.cpp(681,18):
      see declaration of 'usemat'
  
C:\src\osg2.6.1\OpenSceneGraph\src\osgPlugins\geo\ReaderWriterGEO.cpp(962,41): warning C4456: declaration of 'gfd' hides previous local declaration
      C:\src\osg2.6.1\OpenSceneGraph\src\osgPlugins\geo\ReaderWriterGEO.cpp(952,29):
      see declaration of 'gfd'
  
C:\src\osg2.6.1\OpenSceneGraph\src\osgPlugins\geo\ReaderWriterGEO.cpp(1063,21): warning C4457: declaration of 'shademodel' hides function parameter
      C:\src\osg2.6.1\OpenSceneGraph\src\osgPlugins\geo\ReaderWriterGEO.cpp(1047,48):
      see declaration of 'shademodel'
  
C:\src\osg2.6.1\OpenSceneGraph\src\osgPlugins\geo\ReaderWriterGEO.cpp(1094,45): warning C4456: declaration of 'gfd' hides previous local declaration
      C:\src\osg2.6.1\OpenSceneGraph\src\osgPlugins\geo\ReaderWriterGEO.cpp(1084,33):
      see declaration of 'gfd'
  
C:\src\osg2.6.1\OpenSceneGraph\src\osgPlugins\geo\ReaderWriterGEO.cpp(1706,38): warning C4457: declaration of 'gr' hides function parameter
      C:\src\osg2.6.1\OpenSceneGraph\src\osgPlugins\geo\ReaderWriterGEO.cpp(1698,68):
      see declaration of 'gr'
  
C:\src\osg2.6.1\OpenSceneGraph\src\osgPlugins\geo\ReaderWriterGEO.cpp(1836,50): warning C4456: declaration of 'mtr' hides previous local declaration
      C:\src\osg2.6.1\OpenSceneGraph\src\osgPlugins\geo\ReaderWriterGEO.cpp(1707,28):
      see declaration of 'mtr'
  
C:\src\osg2.6.1\OpenSceneGraph\src\osgPlugins\geo\ReaderWriterGEO.cpp(1907,60): warning C4456: declaration of 'itr' hides previous local declaration
      C:\src\osg2.6.1\OpenSceneGraph\src\osgPlugins\geo\ReaderWriterGEO.cpp(1703,63):
      see declaration of 'itr'
  
  geoActions.cpp
C:\src\osg2.6.1\OpenSceneGraph\include\osg\Image(301,42): warning C4100: 'nv': unreferenced parameter
  (compiling source file '../../../src/osgPlugins/geo/geoActions.cpp')
  
C:\src\osg2.6.1\OpenSceneGraph\include\osg\OperationThread(55,28): warning C4589: Constructor of abstract class 'osg::Operation' ignores initializer for virtual base class 'osg::Referenced'
  (compiling source file '../../../src/osgPlugins/geo/geoActions.cpp')
      C:\src\osg2.6.1\OpenSceneGraph\include\osg\OperationThread(55,28):
      virtual base classes are only initialized by the most-derived type
  
C:\src\osg2.6.1\OpenSceneGraph\include\osg\OperationThread(81,23): warning C4589: Constructor of abstract class 'osg::Operation' ignores initializer for virtual base class 'osg::Referenced'
  (compiling source file '../../../src/osgPlugins/geo/geoActions.cpp')
      C:\src\osg2.6.1\OpenSceneGraph\include\osg\OperationThread(81,23):
      virtual base classes are only initialized by the most-derived type
  
C:\src\osg2.6.1\OpenSceneGraph\include\osg\OperationThread(85,23): warning C4589: Constructor of abstract class 'osg::Operation' ignores initializer for virtual base class 'osg::Referenced'
  (compiling source file '../../../src/osgPlugins/geo/geoActions.cpp')
      C:\src\osg2.6.1\OpenSceneGraph\include\osg\OperationThread(85,23):
      virtual base classes are only initialized by the most-derived type
  
C:\src\osg2.6.1\OpenSceneGraph\src\osgPlugins\geo\geoActions.cpp(78,30): warning C4456: declaration of 'fid' hides previous local declaration
      C:\src\osg2.6.1\OpenSceneGraph\src\osgPlugins\geo\geoActions.cpp(59,18):
      see declaration of 'fid'
  
C:\src\osg2.6.1\OpenSceneGraph\src\osgPlugins\geo\geoActions.cpp(158,30): warning C4456: declaration of 'fid' hides previous local declaration
      C:\src\osg2.6.1\OpenSceneGraph\src\osgPlugins\geo\geoActions.cpp(129,18):
      see declaration of 'fid'
  
C:\src\osg2.6.1\OpenSceneGraph\src\osgPlugins\geo\geoActions.cpp(168,30): warning C4456: declaration of 'fid' hides previous local declaration
      C:\src\osg2.6.1\OpenSceneGraph\src\osgPlugins\geo\geoActions.cpp(129,18):
      see declaration of 'fid'
  
C:\src\osg2.6.1\OpenSceneGraph\src\osgPlugins\geo\geoActions.cpp(221,30): warning C4456: declaration of 'fid' hides previous local declaration
      C:\src\osg2.6.1\OpenSceneGraph\src\osgPlugins\geo\geoActions.cpp(204,18):
      see declaration of 'fid'
  
C:\src\osg2.6.1\OpenSceneGraph\src\osgPlugins\geo\geoActions.cpp(692,33): warning C4456: declaration of 'vtxa' hides previous local declaration
      C:\src\osg2.6.1\OpenSceneGraph\src\osgPlugins\geo\geoActions.cpp(671,25):
      see declaration of 'vtxa'
  
  Generating Code...
  osgdb_geo.vcxproj -> C:\src\osg2.6.1\OpenSceneGraph\build\lib\Release\osgdb_geo.dll
