c:\src\osg2.6.1\openscenegraph\build\src\osgsim\osgsim.dir\release\spheresegment.obj
c:\src\osg2.6.1\openscenegraph\build\src\osgsim\osgsim.dir\release\shapeattribute.obj
c:\src\osg2.6.1\openscenegraph\build\src\osgsim\osgsim.dir\release\sector.obj
c:\src\osg2.6.1\openscenegraph\build\src\osgsim\osgsim.dir\release\scalarstocolors.obj
c:\src\osg2.6.1\openscenegraph\build\src\osgsim\osgsim.dir\release\scalarbar.obj
c:\src\osg2.6.1\openscenegraph\build\src\osgsim\osgsim.dir\release\overlaynode.obj
c:\src\osg2.6.1\openscenegraph\build\src\osgsim\osgsim.dir\release\multiswitch.obj
c:\src\osg2.6.1\openscenegraph\build\src\osgsim\osgsim.dir\release\lineofsight.obj
c:\src\osg2.6.1\openscenegraph\build\src\osgsim\osgsim.dir\release\lightpointspritedrawable.obj
c:\src\osg2.6.1\openscenegraph\build\src\osgsim\osgsim.dir\release\lightpointnode.obj
c:\src\osg2.6.1\openscenegraph\build\src\osgsim\osgsim.dir\release\lightpointdrawable.obj
c:\src\osg2.6.1\openscenegraph\build\src\osgsim\osgsim.dir\release\lightpoint.obj
c:\src\osg2.6.1\openscenegraph\build\src\osgsim\osgsim.dir\release\insertimpostorsvisitor.obj
c:\src\osg2.6.1\openscenegraph\build\src\osgsim\osgsim.dir\release\impostorsprite.obj
c:\src\osg2.6.1\openscenegraph\build\src\osgsim\osgsim.dir\release\impostor.obj
c:\src\osg2.6.1\openscenegraph\build\src\osgsim\osgsim.dir\release\heightaboveterrain.obj
c:\src\osg2.6.1\openscenegraph\build\src\osgsim\osgsim.dir\release\elevationslice.obj
c:\src\osg2.6.1\openscenegraph\build\src\osgsim\osgsim.dir\release\doftransform.obj
c:\src\osg2.6.1\openscenegraph\build\src\osgsim\osgsim.dir\release\colorrange.obj
c:\src\osg2.6.1\openscenegraph\build\src\osgsim\osgsim.dir\release\blinksequence.obj
c:\src\osg2.6.1\openscenegraph\build\src\osgsim\osgsim.dir\release\visibilitygroup.obj
c:\src\osg2.6.1\openscenegraph\build\src\osgsim\osgsim.dir\release\version.obj
c:\src\osg2.6.1\openscenegraph\build\src\osgsim\cmakefiles\generate.stamp
c:\src\osg2.6.1\openscenegraph\build\bin\release\osgsim.dll
c:\src\osg2.6.1\openscenegraph\build\lib\release\osgsim.lib
c:\src\osg2.6.1\openscenegraph\build\lib\release\osgsim.exp
c:\src\osg2.6.1\openscenegraph\build\src\osgsim\osgsim.dir\release\osgsim.tlog\cl.command.1.tlog
c:\src\osg2.6.1\openscenegraph\build\src\osgsim\osgsim.dir\release\osgsim.tlog\cl.items.tlog
c:\src\osg2.6.1\openscenegraph\build\src\osgsim\osgsim.dir\release\osgsim.tlog\cl.read.1.tlog
c:\src\osg2.6.1\openscenegraph\build\src\osgsim\osgsim.dir\release\osgsim.tlog\cl.write.1.tlog
c:\src\osg2.6.1\openscenegraph\build\src\osgsim\osgsim.dir\release\osgsim.tlog\custombuild.command.1.tlog
c:\src\osg2.6.1\openscenegraph\build\src\osgsim\osgsim.dir\release\osgsim.tlog\custombuild.read.1.tlog
c:\src\osg2.6.1\openscenegraph\build\src\osgsim\osgsim.dir\release\osgsim.tlog\custombuild.write.1.tlog
c:\src\osg2.6.1\openscenegraph\build\src\osgsim\osgsim.dir\release\osgsim.tlog\link.command.1.tlog
c:\src\osg2.6.1\openscenegraph\build\src\osgsim\osgsim.dir\release\osgsim.tlog\link.read.1.tlog
c:\src\osg2.6.1\openscenegraph\build\src\osgsim\osgsim.dir\release\osgsim.tlog\link.secondary.1.tlog
c:\src\osg2.6.1\openscenegraph\build\src\osgsim\osgsim.dir\release\osgsim.tlog\link.write.1.tlog
