c:\src\osg2.6.1\openscenegraph\build\src\osgplugins\osgterrain\osgdb_osgterrain.dir\release\readerwriterosgterrain.obj
c:\src\osg2.6.1\openscenegraph\build\src\osgplugins\osgterrain\osgdb_osgterrain.dir\release\geometrytechnique.obj
c:\src\osg2.6.1\openscenegraph\build\src\osgplugins\osgterrain\osgdb_osgterrain.dir\release\terraintile.obj
c:\src\osg2.6.1\openscenegraph\build\src\osgplugins\osgterrain\osgdb_osgterrain.dir\release\layer.obj
c:\src\osg2.6.1\openscenegraph\build\src\osgplugins\osgterrain\osgdb_osgterrain.dir\release\compositelayer.obj
c:\src\osg2.6.1\openscenegraph\build\src\osgplugins\osgterrain\osgdb_osgterrain.dir\release\heightfieldlayer.obj
c:\src\osg2.6.1\openscenegraph\build\src\osgplugins\osgterrain\osgdb_osgterrain.dir\release\imagelayer.obj
c:\src\osg2.6.1\openscenegraph\build\src\osgplugins\osgterrain\osgdb_osgterrain.dir\release\locator.obj
c:\src\osg2.6.1\openscenegraph\build\src\osgplugins\osgterrain\cmakefiles\generate.stamp
c:\src\osg2.6.1\openscenegraph\build\lib\release\osgdb_osgterrain.dll
c:\src\osg2.6.1\openscenegraph\build\src\osgplugins\osgterrain\osgdb_osgterrain.dir\release\plugins .b4056fc3.tlog\cl.command.1.tlog
c:\src\osg2.6.1\openscenegraph\build\src\osgplugins\osgterrain\osgdb_osgterrain.dir\release\plugins .b4056fc3.tlog\cl.items.tlog
c:\src\osg2.6.1\openscenegraph\build\src\osgplugins\osgterrain\osgdb_osgterrain.dir\release\plugins .b4056fc3.tlog\cl.read.1.tlog
c:\src\osg2.6.1\openscenegraph\build\src\osgplugins\osgterrain\osgdb_osgterrain.dir\release\plugins .b4056fc3.tlog\cl.write.1.tlog
c:\src\osg2.6.1\openscenegraph\build\src\osgplugins\osgterrain\osgdb_osgterrain.dir\release\plugins .b4056fc3.tlog\custombuild.command.1.tlog
c:\src\osg2.6.1\openscenegraph\build\src\osgplugins\osgterrain\osgdb_osgterrain.dir\release\plugins .b4056fc3.tlog\custombuild.read.1.tlog
c:\src\osg2.6.1\openscenegraph\build\src\osgplugins\osgterrain\osgdb_osgterrain.dir\release\plugins .b4056fc3.tlog\custombuild.write.1.tlog
c:\src\osg2.6.1\openscenegraph\build\src\osgplugins\osgterrain\osgdb_osgterrain.dir\release\plugins .b4056fc3.tlog\link.command.1.tlog
c:\src\osg2.6.1\openscenegraph\build\src\osgplugins\osgterrain\osgdb_osgterrain.dir\release\plugins .b4056fc3.tlog\link.read.1.tlog
c:\src\osg2.6.1\openscenegraph\build\src\osgplugins\osgterrain\osgdb_osgterrain.dir\release\plugins .b4056fc3.tlog\link.secondary.1.tlog
c:\src\osg2.6.1\openscenegraph\build\src\osgplugins\osgterrain\osgdb_osgterrain.dir\release\plugins .b4056fc3.tlog\link.write.1.tlog
