  Building Custom Rule C:/src/osg2.6.1/OpenSceneGraph/src/osgPlugins/osgTerrain/CMakeLists.txt
  Locator.cpp
C:\src\osg2.6.1\OpenSceneGraph\include\osg\Image(301,42): warning C4100: 'nv': unreferenced parameter
  (compiling source file '../../../../src/osgPlugins/osgTerrain/Locator.cpp')
  
C:\src\osg2.6.1\OpenSceneGraph\include\osg\OperationThread(55,28): warning C4589: Constructor of abstract class 'osg::Operation' ignores initializer for virtual base class 'osg::Referenced'
  (compiling source file '../../../../src/osgPlugins/osgTerrain/Locator.cpp')
      C:\src\osg2.6.1\OpenSceneGraph\include\osg\OperationThread(55,28):
      virtual base classes are only initialized by the most-derived type
  
C:\src\osg2.6.1\OpenSceneGraph\include\osg\OperationThread(81,23): warning C4589: Constructor of abstract class 'osg::Operation' ignores initializer for virtual base class 'osg::Referenced'
  (compiling source file '../../../../src/osgPlugins/osgTerrain/Locator.cpp')
      C:\src\osg2.6.1\OpenSceneGraph\include\osg\OperationThread(81,23):
      virtual base classes are only initialized by the most-derived type
  
C:\src\osg2.6.1\OpenSceneGraph\include\osg\OperationThread(85,23): warning C4589: Constructor of abstract class 'osg::Operation' ignores initializer for virtual base class 'osg::Referenced'
  (compiling source file '../../../../src/osgPlugins/osgTerrain/Locator.cpp')
      C:\src\osg2.6.1\OpenSceneGraph\include\osg\OperationThread(85,23):
      virtual base classes are only initialized by the most-derived type
  
C:\src\osg2.6.1\OpenSceneGraph\include\osgUtil\UpdateVisitor(97,48): warning C4456: declaration of 'callback' hides previous local declaration
  (compiling source file '../../../../src/osgPlugins/osgTerrain/Locator.cpp')
      C:\src\osg2.6.1\OpenSceneGraph\include\osgUtil\UpdateVisitor(91,32):
      see declaration of 'callback'
  
C:\src\osg2.6.1\OpenSceneGraph\include\osgTerrain\ValidDataOperator(27,36): warning C4100: 'value': unreferenced parameter
  (compiling source file '../../../../src/osgPlugins/osgTerrain/Locator.cpp')
  
C:\src\osg2.6.1\OpenSceneGraph\include\osgTerrain\Layer(88,52): warning C4100: 'scale': unreferenced parameter
  (compiling source file '../../../../src/osgPlugins/osgTerrain/Locator.cpp')
  
C:\src\osg2.6.1\OpenSceneGraph\include\osgTerrain\Layer(88,38): warning C4100: 'offset': unreferenced parameter
  (compiling source file '../../../../src/osgPlugins/osgTerrain/Locator.cpp')
  
  ImageLayer.cpp
C:\src\osg2.6.1\OpenSceneGraph\include\osg\Image(301,42): warning C4100: 'nv': unreferenced parameter
  (compiling source file '../../../../src/osgPlugins/osgTerrain/ImageLayer.cpp')
  
C:\src\osg2.6.1\OpenSceneGraph\include\osg\OperationThread(55,28): warning C4589: Constructor of abstract class 'osg::Operation' ignores initializer for virtual base class 'osg::Referenced'
  (compiling source file '../../../../src/osgPlugins/osgTerrain/ImageLayer.cpp')
      C:\src\osg2.6.1\OpenSceneGraph\include\osg\OperationThread(55,28):
      virtual base classes are only initialized by the most-derived type
  
C:\src\osg2.6.1\OpenSceneGraph\include\osg\OperationThread(81,23): warning C4589: Constructor of abstract class 'osg::Operation' ignores initializer for virtual base class 'osg::Referenced'
  (compiling source file '../../../../src/osgPlugins/osgTerrain/ImageLayer.cpp')
      C:\src\osg2.6.1\OpenSceneGraph\include\osg\OperationThread(81,23):
      virtual base classes are only initialized by the most-derived type
  
C:\src\osg2.6.1\OpenSceneGraph\include\osg\OperationThread(85,23): warning C4589: Constructor of abstract class 'osg::Operation' ignores initializer for virtual base class 'osg::Referenced'
  (compiling source file '../../../../src/osgPlugins/osgTerrain/ImageLayer.cpp')
      C:\src\osg2.6.1\OpenSceneGraph\include\osg\OperationThread(85,23):
      virtual base classes are only initialized by the most-derived type
  
C:\src\osg2.6.1\OpenSceneGraph\include\osgTerrain\ValidDataOperator(27,36): warning C4100: 'value': unreferenced parameter
  (compiling source file '../../../../src/osgPlugins/osgTerrain/ImageLayer.cpp')
  
C:\src\osg2.6.1\OpenSceneGraph\include\osgTerrain\Layer(88,52): warning C4100: 'scale': unreferenced parameter
  (compiling source file '../../../../src/osgPlugins/osgTerrain/ImageLayer.cpp')
  
C:\src\osg2.6.1\OpenSceneGraph\include\osgTerrain\Layer(88,38): warning C4100: 'offset': unreferenced parameter
  (compiling source file '../../../../src/osgPlugins/osgTerrain/ImageLayer.cpp')
  
  HeightFieldLayer.cpp
C:\src\osg2.6.1\OpenSceneGraph\include\osg\Image(301,42): warning C4100: 'nv': unreferenced parameter
  (compiling source file '../../../../src/osgPlugins/osgTerrain/HeightFieldLayer.cpp')
  
C:\src\osg2.6.1\OpenSceneGraph\include\osg\OperationThread(55,28): warning C4589: Constructor of abstract class 'osg::Operation' ignores initializer for virtual base class 'osg::Referenced'
  (compiling source file '../../../../src/osgPlugins/osgTerrain/HeightFieldLayer.cpp')
      C:\src\osg2.6.1\OpenSceneGraph\include\osg\OperationThread(55,28):
      virtual base classes are only initialized by the most-derived type
  
C:\src\osg2.6.1\OpenSceneGraph\include\osg\OperationThread(81,23): warning C4589: Constructor of abstract class 'osg::Operation' ignores initializer for virtual base class 'osg::Referenced'
  (compiling source file '../../../../src/osgPlugins/osgTerrain/HeightFieldLayer.cpp')
      C:\src\osg2.6.1\OpenSceneGraph\include\osg\OperationThread(81,23):
      virtual base classes are only initialized by the most-derived type
  
C:\src\osg2.6.1\OpenSceneGraph\include\osg\OperationThread(85,23): warning C4589: Constructor of abstract class 'osg::Operation' ignores initializer for virtual base class 'osg::Referenced'
  (compiling source file '../../../../src/osgPlugins/osgTerrain/HeightFieldLayer.cpp')
      C:\src\osg2.6.1\OpenSceneGraph\include\osg\OperationThread(85,23):
      virtual base classes are only initialized by the most-derived type
  
C:\src\osg2.6.1\OpenSceneGraph\include\osgTerrain\ValidDataOperator(27,36): warning C4100: 'value': unreferenced parameter
  (compiling source file '../../../../src/osgPlugins/osgTerrain/HeightFieldLayer.cpp')
  
C:\src\osg2.6.1\OpenSceneGraph\include\osgTerrain\Layer(88,52): warning C4100: 'scale': unreferenced parameter
  (compiling source file '../../../../src/osgPlugins/osgTerrain/HeightFieldLayer.cpp')
  
C:\src\osg2.6.1\OpenSceneGraph\include\osgTerrain\Layer(88,38): warning C4100: 'offset': unreferenced parameter
  (compiling source file '../../../../src/osgPlugins/osgTerrain/HeightFieldLayer.cpp')
  
  CompositeLayer.cpp
C:\src\osg2.6.1\OpenSceneGraph\include\osg\Image(301,42): warning C4100: 'nv': unreferenced parameter
  (compiling source file '../../../../src/osgPlugins/osgTerrain/CompositeLayer.cpp')
  
C:\src\osg2.6.1\OpenSceneGraph\include\osg\OperationThread(55,28): warning C4589: Constructor of abstract class 'osg::Operation' ignores initializer for virtual base class 'osg::Referenced'
  (compiling source file '../../../../src/osgPlugins/osgTerrain/CompositeLayer.cpp')
      C:\src\osg2.6.1\OpenSceneGraph\include\osg\OperationThread(55,28):
      virtual base classes are only initialized by the most-derived type
  
C:\src\osg2.6.1\OpenSceneGraph\include\osg\OperationThread(81,23): warning C4589: Constructor of abstract class 'osg::Operation' ignores initializer for virtual base class 'osg::Referenced'
  (compiling source file '../../../../src/osgPlugins/osgTerrain/CompositeLayer.cpp')
      C:\src\osg2.6.1\OpenSceneGraph\include\osg\OperationThread(81,23):
      virtual base classes are only initialized by the most-derived type
  
C:\src\osg2.6.1\OpenSceneGraph\include\osg\OperationThread(85,23): warning C4589: Constructor of abstract class 'osg::Operation' ignores initializer for virtual base class 'osg::Referenced'
  (compiling source file '../../../../src/osgPlugins/osgTerrain/CompositeLayer.cpp')
      C:\src\osg2.6.1\OpenSceneGraph\include\osg\OperationThread(85,23):
      virtual base classes are only initialized by the most-derived type
  
C:\src\osg2.6.1\OpenSceneGraph\include\osgTerrain\ValidDataOperator(27,36): warning C4100: 'value': unreferenced parameter
  (compiling source file '../../../../src/osgPlugins/osgTerrain/CompositeLayer.cpp')
  
C:\src\osg2.6.1\OpenSceneGraph\include\osgTerrain\Layer(88,52): warning C4100: 'scale': unreferenced parameter
  (compiling source file '../../../../src/osgPlugins/osgTerrain/CompositeLayer.cpp')
  
C:\src\osg2.6.1\OpenSceneGraph\include\osgTerrain\Layer(88,38): warning C4100: 'offset': unreferenced parameter
  (compiling source file '../../../../src/osgPlugins/osgTerrain/CompositeLayer.cpp')
  
C:\src\osg2.6.1\OpenSceneGraph\src\osgPlugins\osgTerrain\CompositeLayer.cpp(93,39): warning C4456: declaration of 'readObject' hides previous local declaration
      C:\src\osg2.6.1\OpenSceneGraph\src\osgPlugins\osgTerrain\CompositeLayer.cpp(53,35):
      see declaration of 'readObject'
  
  Layer.cpp
C:\src\osg2.6.1\OpenSceneGraph\include\osg\Image(301,42): warning C4100: 'nv': unreferenced parameter
  (compiling source file '../../../../src/osgPlugins/osgTerrain/Layer.cpp')
  
C:\src\osg2.6.1\OpenSceneGraph\include\osg\OperationThread(55,28): warning C4589: Constructor of abstract class 'osg::Operation' ignores initializer for virtual base class 'osg::Referenced'
  (compiling source file '../../../../src/osgPlugins/osgTerrain/Layer.cpp')
      C:\src\osg2.6.1\OpenSceneGraph\include\osg\OperationThread(55,28):
      virtual base classes are only initialized by the most-derived type
  
C:\src\osg2.6.1\OpenSceneGraph\include\osg\OperationThread(81,23): warning C4589: Constructor of abstract class 'osg::Operation' ignores initializer for virtual base class 'osg::Referenced'
  (compiling source file '../../../../src/osgPlugins/osgTerrain/Layer.cpp')
      C:\src\osg2.6.1\OpenSceneGraph\include\osg\OperationThread(81,23):
      virtual base classes are only initialized by the most-derived type
  
C:\src\osg2.6.1\OpenSceneGraph\include\osg\OperationThread(85,23): warning C4589: Constructor of abstract class 'osg::Operation' ignores initializer for virtual base class 'osg::Referenced'
  (compiling source file '../../../../src/osgPlugins/osgTerrain/Layer.cpp')
      C:\src\osg2.6.1\OpenSceneGraph\include\osg\OperationThread(85,23):
      virtual base classes are only initialized by the most-derived type
  
C:\src\osg2.6.1\OpenSceneGraph\include\osgTerrain\ValidDataOperator(27,36): warning C4100: 'value': unreferenced parameter
  (compiling source file '../../../../src/osgPlugins/osgTerrain/Layer.cpp')
  
C:\src\osg2.6.1\OpenSceneGraph\include\osgTerrain\Layer(88,52): warning C4100: 'scale': unreferenced parameter
  (compiling source file '../../../../src/osgPlugins/osgTerrain/Layer.cpp')
  
C:\src\osg2.6.1\OpenSceneGraph\include\osgTerrain\Layer(88,38): warning C4100: 'offset': unreferenced parameter
  (compiling source file '../../../../src/osgPlugins/osgTerrain/Layer.cpp')
  
  TerrainTile.cpp
C:\src\osg2.6.1\OpenSceneGraph\include\osg\Image(301,42): warning C4100: 'nv': unreferenced parameter
  (compiling source file '../../../../src/osgPlugins/osgTerrain/TerrainTile.cpp')
  
C:\src\osg2.6.1\OpenSceneGraph\include\osg\OperationThread(55,28): warning C4589: Constructor of abstract class 'osg::Operation' ignores initializer for virtual base class 'osg::Referenced'
  (compiling source file '../../../../src/osgPlugins/osgTerrain/TerrainTile.cpp')
      C:\src\osg2.6.1\OpenSceneGraph\include\osg\OperationThread(55,28):
      virtual base classes are only initialized by the most-derived type
  
C:\src\osg2.6.1\OpenSceneGraph\include\osg\OperationThread(81,23): warning C4589: Constructor of abstract class 'osg::Operation' ignores initializer for virtual base class 'osg::Referenced'
  (compiling source file '../../../../src/osgPlugins/osgTerrain/TerrainTile.cpp')
      C:\src\osg2.6.1\OpenSceneGraph\include\osg\OperationThread(81,23):
      virtual base classes are only initialized by the most-derived type
  
C:\src\osg2.6.1\OpenSceneGraph\include\osg\OperationThread(85,23): warning C4589: Constructor of abstract class 'osg::Operation' ignores initializer for virtual base class 'osg::Referenced'
  (compiling source file '../../../../src/osgPlugins/osgTerrain/TerrainTile.cpp')
      C:\src\osg2.6.1\OpenSceneGraph\include\osg\OperationThread(85,23):
      virtual base classes are only initialized by the most-derived type
  
C:\src\osg2.6.1\OpenSceneGraph\include\osgUtil\UpdateVisitor(97,48): warning C4456: declaration of 'callback' hides previous local declaration
  (compiling source file '../../../../src/osgPlugins/osgTerrain/TerrainTile.cpp')
      C:\src\osg2.6.1\OpenSceneGraph\include\osgUtil\UpdateVisitor(91,32):
      see declaration of 'callback'
  
C:\src\osg2.6.1\OpenSceneGraph\include\osgTerrain\ValidDataOperator(27,36): warning C4100: 'value': unreferenced parameter
  (compiling source file '../../../../src/osgPlugins/osgTerrain/TerrainTile.cpp')
  
C:\src\osg2.6.1\OpenSceneGraph\include\osgTerrain\Layer(88,52): warning C4100: 'scale': unreferenced parameter
  (compiling source file '../../../../src/osgPlugins/osgTerrain/TerrainTile.cpp')
  
C:\src\osg2.6.1\OpenSceneGraph\include\osgTerrain\Layer(88,38): warning C4100: 'offset': unreferenced parameter
  (compiling source file '../../../../src/osgPlugins/osgTerrain/TerrainTile.cpp')
  
C:\src\osg2.6.1\OpenSceneGraph\src\osgPlugins\osgTerrain\TerrainTile.cpp(136,39): warning C4456: declaration of 'readObject' hides previous local declaration
      C:\src\osg2.6.1\OpenSceneGraph\src\osgPlugins\osgTerrain\TerrainTile.cpp(121,31):
      see declaration of 'readObject'
  
C:\src\osg2.6.1\OpenSceneGraph\src\osgPlugins\osgTerrain\TerrainTile.cpp(137,34): warning C4456: declaration of 'locator' hides previous local declaration
      C:\src\osg2.6.1\OpenSceneGraph\src\osgPlugins\osgTerrain\TerrainTile.cpp(124,26):
      see declaration of 'locator'
  
C:\src\osg2.6.1\OpenSceneGraph\src\osgPlugins\osgTerrain\TerrainTile.cpp(169,43): warning C4456: declaration of 'readObject' hides previous local declaration
      C:\src\osg2.6.1\OpenSceneGraph\src\osgPlugins\osgTerrain\TerrainTile.cpp(136,39):
      see declaration of 'readObject'
  
C:\src\osg2.6.1\OpenSceneGraph\src\osgPlugins\osgTerrain\TerrainTile.cpp(206,39): warning C4456: declaration of 'readObject' hides previous local declaration
      C:\src\osg2.6.1\OpenSceneGraph\src\osgPlugins\osgTerrain\TerrainTile.cpp(121,31):
      see declaration of 'readObject'
  
C:\src\osg2.6.1\OpenSceneGraph\src\osgPlugins\osgTerrain\TerrainTile.cpp(207,34): warning C4456: declaration of 'locator' hides previous local declaration
      C:\src\osg2.6.1\OpenSceneGraph\src\osgPlugins\osgTerrain\TerrainTile.cpp(124,26):
      see declaration of 'locator'
  
C:\src\osg2.6.1\OpenSceneGraph\src\osgPlugins\osgTerrain\TerrainTile.cpp(241,43): warning C4456: declaration of 'readObject' hides previous local declaration
      C:\src\osg2.6.1\OpenSceneGraph\src\osgPlugins\osgTerrain\TerrainTile.cpp(206,39):
      see declaration of 'readObject'
  
  GeometryTechnique.cpp
C:\src\osg2.6.1\OpenSceneGraph\include\osg\Image(301,42): warning C4100: 'nv': unreferenced parameter
  (compiling source file '../../../../src/osgPlugins/osgTerrain/GeometryTechnique.cpp')
  
C:\src\osg2.6.1\OpenSceneGraph\include\osg\OperationThread(55,28): warning C4589: Constructor of abstract class 'osg::Operation' ignores initializer for virtual base class 'osg::Referenced'
  (compiling source file '../../../../src/osgPlugins/osgTerrain/GeometryTechnique.cpp')
      C:\src\osg2.6.1\OpenSceneGraph\include\osg\OperationThread(55,28):
      virtual base classes are only initialized by the most-derived type
  
C:\src\osg2.6.1\OpenSceneGraph\include\osg\OperationThread(81,23): warning C4589: Constructor of abstract class 'osg::Operation' ignores initializer for virtual base class 'osg::Referenced'
  (compiling source file '../../../../src/osgPlugins/osgTerrain/GeometryTechnique.cpp')
      C:\src\osg2.6.1\OpenSceneGraph\include\osg\OperationThread(81,23):
      virtual base classes are only initialized by the most-derived type
  
C:\src\osg2.6.1\OpenSceneGraph\include\osg\OperationThread(85,23): warning C4589: Constructor of abstract class 'osg::Operation' ignores initializer for virtual base class 'osg::Referenced'
  (compiling source file '../../../../src/osgPlugins/osgTerrain/GeometryTechnique.cpp')
      C:\src\osg2.6.1\OpenSceneGraph\include\osg\OperationThread(85,23):
      virtual base classes are only initialized by the most-derived type
  
C:\src\osg2.6.1\OpenSceneGraph\include\osgUtil\UpdateVisitor(97,48): warning C4456: declaration of 'callback' hides previous local declaration
  (compiling source file '../../../../src/osgPlugins/osgTerrain/GeometryTechnique.cpp')
      C:\src\osg2.6.1\OpenSceneGraph\include\osgUtil\UpdateVisitor(91,32):
      see declaration of 'callback'
  
C:\src\osg2.6.1\OpenSceneGraph\src\osgPlugins\osgTerrain\GeometryTechnique.cpp(29,70): warning C4100: 'fr': unreferenced parameter
C:\src\osg2.6.1\OpenSceneGraph\src\osgPlugins\osgTerrain\GeometryTechnique.cpp(29,51): warning C4100: 'obj': unreferenced parameter
C:\src\osg2.6.1\OpenSceneGraph\src\osgPlugins\osgTerrain\GeometryTechnique.cpp(36,78): warning C4100: 'fw': unreferenced parameter
C:\src\osg2.6.1\OpenSceneGraph\src\osgPlugins\osgTerrain\GeometryTechnique.cpp(36,58): warning C4100: 'obj': unreferenced parameter
  ReaderWriterOsgTerrain.cpp
C:\src\osg2.6.1\OpenSceneGraph\include\osg\Image(301,42): warning C4100: 'nv': unreferenced parameter
  (compiling source file '../../../../src/osgPlugins/osgTerrain/ReaderWriterOsgTerrain.cpp')
  
C:\src\osg2.6.1\OpenSceneGraph\include\osg\OperationThread(55,28): warning C4589: Constructor of abstract class 'osg::Operation' ignores initializer for virtual base class 'osg::Referenced'
  (compiling source file '../../../../src/osgPlugins/osgTerrain/ReaderWriterOsgTerrain.cpp')
      C:\src\osg2.6.1\OpenSceneGraph\include\osg\OperationThread(55,28):
      virtual base classes are only initialized by the most-derived type
  
C:\src\osg2.6.1\OpenSceneGraph\include\osg\OperationThread(81,23): warning C4589: Constructor of abstract class 'osg::Operation' ignores initializer for virtual base class 'osg::Referenced'
  (compiling source file '../../../../src/osgPlugins/osgTerrain/ReaderWriterOsgTerrain.cpp')
      C:\src\osg2.6.1\OpenSceneGraph\include\osg\OperationThread(81,23):
      virtual base classes are only initialized by the most-derived type
  
C:\src\osg2.6.1\OpenSceneGraph\include\osg\OperationThread(85,23): warning C4589: Constructor of abstract class 'osg::Operation' ignores initializer for virtual base class 'osg::Referenced'
  (compiling source file '../../../../src/osgPlugins/osgTerrain/ReaderWriterOsgTerrain.cpp')
      C:\src\osg2.6.1\OpenSceneGraph\include\osg\OperationThread(85,23):
      virtual base classes are only initialized by the most-derived type
  
C:\src\osg2.6.1\OpenSceneGraph\include\osgUtil\UpdateVisitor(97,48): warning C4456: declaration of 'callback' hides previous local declaration
  (compiling source file '../../../../src/osgPlugins/osgTerrain/ReaderWriterOsgTerrain.cpp')
      C:\src\osg2.6.1\OpenSceneGraph\include\osgUtil\UpdateVisitor(91,32):
      see declaration of 'callback'
  
C:\src\osg2.6.1\OpenSceneGraph\include\osgTerrain\ValidDataOperator(27,36): warning C4100: 'value': unreferenced parameter
  (compiling source file '../../../../src/osgPlugins/osgTerrain/ReaderWriterOsgTerrain.cpp')
  
C:\src\osg2.6.1\OpenSceneGraph\include\osgTerrain\Layer(88,52): warning C4100: 'scale': unreferenced parameter
  (compiling source file '../../../../src/osgPlugins/osgTerrain/ReaderWriterOsgTerrain.cpp')
  
C:\src\osg2.6.1\OpenSceneGraph\include\osgTerrain\Layer(88,38): warning C4100: 'offset': unreferenced parameter
  (compiling source file '../../../../src/osgPlugins/osgTerrain/ReaderWriterOsgTerrain.cpp')
  
  Generating Code...
  osgdb_osgterrain.vcxproj -> C:\src\osg2.6.1\OpenSceneGraph\build\lib\Release\osgdb_osgterrain.dll
