c:\src\osg2.6.1\openscenegraph\build\src\osgutil\osgutil.dir\release\reverseprimitivefunctor.obj
c:\src\osg2.6.1\openscenegraph\build\src\osgutil\osgutil.dir\release\renderstage.obj
c:\src\osg2.6.1\openscenegraph\build\src\osgutil\osgutil.dir\release\renderleaf.obj
c:\src\osg2.6.1\openscenegraph\build\src\osgutil\osgutil.dir\release\renderbin.obj
c:\src\osg2.6.1\openscenegraph\build\src\osgutil\osgutil.dir\release\positionalstatecontainer.obj
c:\src\osg2.6.1\openscenegraph\build\src\osgutil\osgutil.dir\release\polytopeintersector.obj
c:\src\osg2.6.1\openscenegraph\build\src\osgutil\osgutil.dir\release\planeintersector.obj
c:\src\osg2.6.1\openscenegraph\build\src\osgutil\osgutil.dir\release\optimizer.obj
c:\src\osg2.6.1\openscenegraph\build\src\osgutil\osgutil.dir\release\linesegmentintersector.obj
c:\src\osg2.6.1\openscenegraph\build\src\osgutil\osgutil.dir\release\intersectvisitor.obj
c:\src\osg2.6.1\openscenegraph\build\src\osgutil\osgutil.dir\release\intersectionvisitor.obj
c:\src\osg2.6.1\openscenegraph\build\src\osgutil\osgutil.dir\release\highlightmapgenerator.obj
c:\src\osg2.6.1\openscenegraph\build\src\osgutil\osgutil.dir\release\halfwaymapgenerator.obj
c:\src\osg2.6.1\openscenegraph\build\src\osgutil\osgutil.dir\release\globjectsvisitor.obj
c:\src\osg2.6.1\openscenegraph\build\src\osgutil\osgutil.dir\release\edgecollector.obj
c:\src\osg2.6.1\openscenegraph\build\src\osgutil\osgutil.dir\release\drawelementtypesimplifier.obj
c:\src\osg2.6.1\openscenegraph\build\src\osgutil\osgutil.dir\release\displayrequirementsvisitor.obj
c:\src\osg2.6.1\openscenegraph\build\src\osgutil\osgutil.dir\release\delaunaytriangulator.obj
c:\src\osg2.6.1\openscenegraph\build\src\osgutil\osgutil.dir\release\cullvisitor.obj
c:\src\osg2.6.1\openscenegraph\build\src\osgutil\osgutil.dir\release\cubemapgenerator.obj
c:\src\osg2.6.1\openscenegraph\build\src\osgutil\osgutil.dir\release\version.obj
c:\src\osg2.6.1\openscenegraph\build\src\osgutil\osgutil.dir\release\updatevisitor.obj
c:\src\osg2.6.1\openscenegraph\build\src\osgutil\osgutil.dir\release\tristripvisitor.obj
c:\src\osg2.6.1\openscenegraph\build\src\osgutil\osgutil.dir\release\tristrip_tri_stripper.obj
c:\src\osg2.6.1\openscenegraph\build\src\osgutil\osgutil.dir\release\transformcallback.obj
c:\src\osg2.6.1\openscenegraph\build\src\osgutil\osgutil.dir\release\transformattributefunctor.obj
c:\src\osg2.6.1\openscenegraph\build\src\osgutil\osgutil.dir\release\tessellator.obj
c:\src\osg2.6.1\openscenegraph\build\src\osgutil\osgutil.dir\release\tangentspacegenerator.obj
c:\src\osg2.6.1\openscenegraph\build\src\osgutil\osgutil.dir\release\statistics.obj
c:\src\osg2.6.1\openscenegraph\build\src\osgutil\osgutil.dir\release\stategraph.obj
c:\src\osg2.6.1\openscenegraph\build\src\osgutil\osgutil.dir\release\scenegraphbuilder.obj
c:\src\osg2.6.1\openscenegraph\build\src\osgutil\osgutil.dir\release\smoothingvisitor.obj
c:\src\osg2.6.1\openscenegraph\build\src\osgutil\osgutil.dir\release\simplifier.obj
c:\src\osg2.6.1\openscenegraph\build\src\osgutil\osgutil.dir\release\sceneview.obj
c:\src\osg2.6.1\openscenegraph\build\src\osgutil\cmakefiles\generate.stamp
c:\src\osg2.6.1\openscenegraph\build\bin\release\osgutil.dll
c:\src\osg2.6.1\openscenegraph\build\lib\release\osgutil.lib
c:\src\osg2.6.1\openscenegraph\build\lib\release\osgutil.exp
c:\src\osg2.6.1\openscenegraph\build\src\osgutil\osgutil.dir\release\osgutil.tlog\cl.command.1.tlog
c:\src\osg2.6.1\openscenegraph\build\src\osgutil\osgutil.dir\release\osgutil.tlog\cl.items.tlog
c:\src\osg2.6.1\openscenegraph\build\src\osgutil\osgutil.dir\release\osgutil.tlog\cl.read.1.tlog
c:\src\osg2.6.1\openscenegraph\build\src\osgutil\osgutil.dir\release\osgutil.tlog\cl.write.1.tlog
c:\src\osg2.6.1\openscenegraph\build\src\osgutil\osgutil.dir\release\osgutil.tlog\custombuild.command.1.tlog
c:\src\osg2.6.1\openscenegraph\build\src\osgutil\osgutil.dir\release\osgutil.tlog\custombuild.read.1.tlog
c:\src\osg2.6.1\openscenegraph\build\src\osgutil\osgutil.dir\release\osgutil.tlog\custombuild.write.1.tlog
c:\src\osg2.6.1\openscenegraph\build\src\osgutil\osgutil.dir\release\osgutil.tlog\link.command.1.tlog
c:\src\osg2.6.1\openscenegraph\build\src\osgutil\osgutil.dir\release\osgutil.tlog\link.read.1.tlog
c:\src\osg2.6.1\openscenegraph\build\src\osgutil\osgutil.dir\release\osgutil.tlog\link.secondary.1.tlog
c:\src\osg2.6.1\openscenegraph\build\src\osgutil\osgutil.dir\release\osgutil.tlog\link.write.1.tlog
