c:\src\osg2.6.1\openscenegraph\build\src\osgplugins\openflight\osgdb_openflight.dir\release\readerwriterattr.obj
c:\src\osg2.6.1\openscenegraph\build\src\osgplugins\openflight\osgdb_openflight.dir\release\primaryrecords.obj
c:\src\osg2.6.1\openscenegraph\build\src\osgplugins\openflight\osgdb_openflight.dir\release\pools.obj
c:\src\osg2.6.1\openscenegraph\build\src\osgplugins\openflight\osgdb_openflight.dir\release\paletterecords.obj
c:\src\osg2.6.1\openscenegraph\build\src\osgplugins\openflight\osgdb_openflight.dir\release\materialpalettemanager.obj
c:\src\osg2.6.1\openscenegraph\build\src\osgplugins\openflight\osgdb_openflight.dir\release\lightsourcepalettemanager.obj
c:\src\osg2.6.1\openscenegraph\build\src\osgplugins\openflight\osgdb_openflight.dir\release\lightpointrecords.obj
c:\src\osg2.6.1\openscenegraph\build\src\osgplugins\openflight\osgdb_openflight.dir\release\geometryrecords.obj
c:\src\osg2.6.1\openscenegraph\build\src\osgplugins\openflight\osgdb_openflight.dir\release\fltexportvisitor.obj
c:\src\osg2.6.1\openscenegraph\build\src\osgplugins\openflight\osgdb_openflight.dir\release\exportoptions.obj
c:\src\osg2.6.1\openscenegraph\build\src\osgplugins\openflight\osgdb_openflight.dir\release\expprimaryrecords.obj
c:\src\osg2.6.1\openscenegraph\build\src\osgplugins\openflight\osgdb_openflight.dir\release\expgeometryrecords.obj
c:\src\osg2.6.1\openscenegraph\build\src\osgplugins\openflight\osgdb_openflight.dir\release\expcontrolrecords.obj
c:\src\osg2.6.1\openscenegraph\build\src\osgplugins\openflight\osgdb_openflight.dir\release\expancillaryrecords.obj
c:\src\osg2.6.1\openscenegraph\build\src\osgplugins\openflight\osgdb_openflight.dir\release\document.obj
c:\src\osg2.6.1\openscenegraph\build\src\osgplugins\openflight\osgdb_openflight.dir\release\dataoutputstream.obj
c:\src\osg2.6.1\openscenegraph\build\src\osgplugins\openflight\osgdb_openflight.dir\release\datainputstream.obj
c:\src\osg2.6.1\openscenegraph\build\src\osgplugins\openflight\osgdb_openflight.dir\release\controlrecords.obj
c:\src\osg2.6.1\openscenegraph\build\src\osgplugins\openflight\osgdb_openflight.dir\release\attrdata.obj
c:\src\osg2.6.1\openscenegraph\build\src\osgplugins\openflight\osgdb_openflight.dir\release\ancillaryrecords.obj
c:\src\osg2.6.1\openscenegraph\build\src\osgplugins\openflight\osgdb_openflight.dir\release\vertexrecords.obj
c:\src\osg2.6.1\openscenegraph\build\src\osgplugins\openflight\osgdb_openflight.dir\release\vertexpalettemanager.obj
c:\src\osg2.6.1\openscenegraph\build\src\osgplugins\openflight\osgdb_openflight.dir\release\vertex.obj
c:\src\osg2.6.1\openscenegraph\build\src\osgplugins\openflight\osgdb_openflight.dir\release\texturepalettemanager.obj
c:\src\osg2.6.1\openscenegraph\build\src\osgplugins\openflight\osgdb_openflight.dir\release\roadrecords.obj
c:\src\osg2.6.1\openscenegraph\build\src\osgplugins\openflight\osgdb_openflight.dir\release\reservedrecords.obj
c:\src\osg2.6.1\openscenegraph\build\src\osgplugins\openflight\osgdb_openflight.dir\release\registry.obj
c:\src\osg2.6.1\openscenegraph\build\src\osgplugins\openflight\osgdb_openflight.dir\release\recordinputstream.obj
c:\src\osg2.6.1\openscenegraph\build\src\osgplugins\openflight\osgdb_openflight.dir\release\record.obj
c:\src\osg2.6.1\openscenegraph\build\src\osgplugins\openflight\osgdb_openflight.dir\release\readerwriterflt.obj
c:\src\osg2.6.1\openscenegraph\build\src\osgplugins\openflight\cmakefiles\generate.stamp
c:\src\osg2.6.1\openscenegraph\build\lib\release\osgdb_openflight.dll
c:\src\osg2.6.1\openscenegraph\build\src\osgplugins\openflight\osgdb_openflight.dir\release\plugins .009bb1b1.tlog\cl.command.1.tlog
c:\src\osg2.6.1\openscenegraph\build\src\osgplugins\openflight\osgdb_openflight.dir\release\plugins .009bb1b1.tlog\cl.items.tlog
c:\src\osg2.6.1\openscenegraph\build\src\osgplugins\openflight\osgdb_openflight.dir\release\plugins .009bb1b1.tlog\cl.read.1.tlog
c:\src\osg2.6.1\openscenegraph\build\src\osgplugins\openflight\osgdb_openflight.dir\release\plugins .009bb1b1.tlog\cl.write.1.tlog
c:\src\osg2.6.1\openscenegraph\build\src\osgplugins\openflight\osgdb_openflight.dir\release\plugins .009bb1b1.tlog\custombuild.command.1.tlog
c:\src\osg2.6.1\openscenegraph\build\src\osgplugins\openflight\osgdb_openflight.dir\release\plugins .009bb1b1.tlog\custombuild.read.1.tlog
c:\src\osg2.6.1\openscenegraph\build\src\osgplugins\openflight\osgdb_openflight.dir\release\plugins .009bb1b1.tlog\custombuild.write.1.tlog
c:\src\osg2.6.1\openscenegraph\build\src\osgplugins\openflight\osgdb_openflight.dir\release\plugins .009bb1b1.tlog\link.command.1.tlog
c:\src\osg2.6.1\openscenegraph\build\src\osgplugins\openflight\osgdb_openflight.dir\release\plugins .009bb1b1.tlog\link.read.1.tlog
c:\src\osg2.6.1\openscenegraph\build\src\osgplugins\openflight\osgdb_openflight.dir\release\plugins .009bb1b1.tlog\link.secondary.1.tlog
c:\src\osg2.6.1\openscenegraph\build\src\osgplugins\openflight\osgdb_openflight.dir\release\plugins .009bb1b1.tlog\link.write.1.tlog
