c:\src\osg2.6.1\openscenegraph\build\src\osgparticle\osgparticle.dir\release\version.obj
c:\src\osg2.6.1\openscenegraph\build\src\osgparticle\osgparticle.dir\release\smoketraileffect.obj
c:\src\osg2.6.1\openscenegraph\build\src\osgparticle\osgparticle.dir\release\smokeeffect.obj
c:\src\osg2.6.1\openscenegraph\build\src\osgparticle\osgparticle.dir\release\program.obj
c:\src\osg2.6.1\openscenegraph\build\src\osgparticle\osgparticle.dir\release\precipitationeffect.obj
c:\src\osg2.6.1\openscenegraph\build\src\osgparticle\osgparticle.dir\release\particlesystemupdater.obj
c:\src\osg2.6.1\openscenegraph\build\src\osgparticle\osgparticle.dir\release\particlesystem.obj
c:\src\osg2.6.1\openscenegraph\build\src\osgparticle\osgparticle.dir\release\particleprocessor.obj
c:\src\osg2.6.1\openscenegraph\build\src\osgparticle\osgparticle.dir\release\particleeffect.obj
c:\src\osg2.6.1\openscenegraph\build\src\osgparticle\osgparticle.dir\release\particle.obj
c:\src\osg2.6.1\openscenegraph\build\src\osgparticle\osgparticle.dir\release\multisegmentplacer.obj
c:\src\osg2.6.1\openscenegraph\build\src\osgparticle\osgparticle.dir\release\modularprogram.obj
c:\src\osg2.6.1\openscenegraph\build\src\osgparticle\osgparticle.dir\release\modularemitter.obj
c:\src\osg2.6.1\openscenegraph\build\src\osgparticle\osgparticle.dir\release\fluidprogram.obj
c:\src\osg2.6.1\openscenegraph\build\src\osgparticle\osgparticle.dir\release\fluidfrictionoperator.obj
c:\src\osg2.6.1\openscenegraph\build\src\osgparticle\osgparticle.dir\release\fireeffect.obj
c:\src\osg2.6.1\openscenegraph\build\src\osgparticle\osgparticle.dir\release\explosioneffect.obj
c:\src\osg2.6.1\openscenegraph\build\src\osgparticle\osgparticle.dir\release\explosiondebriseffect.obj
c:\src\osg2.6.1\openscenegraph\build\src\osgparticle\osgparticle.dir\release\emitter.obj
c:\src\osg2.6.1\openscenegraph\build\src\osgparticle\osgparticle.dir\release\connectedparticlesystem.obj
c:\src\osg2.6.1\openscenegraph\build\src\osgparticle\cmakefiles\generate.stamp
c:\src\osg2.6.1\openscenegraph\build\bin\release\osgparticle.dll
c:\src\osg2.6.1\openscenegraph\build\lib\release\osgparticle.lib
c:\src\osg2.6.1\openscenegraph\build\lib\release\osgparticle.exp
c:\src\osg2.6.1\openscenegraph\build\src\osgparticle\osgparticle.dir\release\osgparticle.tlog\cl.command.1.tlog
c:\src\osg2.6.1\openscenegraph\build\src\osgparticle\osgparticle.dir\release\osgparticle.tlog\cl.items.tlog
c:\src\osg2.6.1\openscenegraph\build\src\osgparticle\osgparticle.dir\release\osgparticle.tlog\cl.read.1.tlog
c:\src\osg2.6.1\openscenegraph\build\src\osgparticle\osgparticle.dir\release\osgparticle.tlog\cl.write.1.tlog
c:\src\osg2.6.1\openscenegraph\build\src\osgparticle\osgparticle.dir\release\osgparticle.tlog\custombuild.command.1.tlog
c:\src\osg2.6.1\openscenegraph\build\src\osgparticle\osgparticle.dir\release\osgparticle.tlog\custombuild.read.1.tlog
c:\src\osg2.6.1\openscenegraph\build\src\osgparticle\osgparticle.dir\release\osgparticle.tlog\custombuild.write.1.tlog
c:\src\osg2.6.1\openscenegraph\build\src\osgparticle\osgparticle.dir\release\osgparticle.tlog\link.command.1.tlog
c:\src\osg2.6.1\openscenegraph\build\src\osgparticle\osgparticle.dir\release\osgparticle.tlog\link.read.1.tlog
c:\src\osg2.6.1\openscenegraph\build\src\osgparticle\osgparticle.dir\release\osgparticle.tlog\link.secondary.1.tlog
c:\src\osg2.6.1\openscenegraph\build\src\osgparticle\osgparticle.dir\release\osgparticle.tlog\link.write.1.tlog
